11:41:45 **** Rebuild of configuration Debug for project Askme ****
Info: Internal Builder is used for build
g++ -O0 -g3 -Wall -c -fmessage-length=0 -o main.o "..\\main.cpp" 
g++ -o Askme.exe main.o 
C:/msys64/mingw64/bin/../lib/gcc/x86_64-w64-mingw32/12.1.0/../../../../x86_64-w64-mingw32/bin/ld.exe: C:/msys64/mingw64/bin/../lib/gcc/x86_64-w64-mingw32/12.1.0/../../../../lib/libmingw32.a(lib64_libmingw32_a-crt0_c.o): in function `main':
C:/M/mingw-w64-crt-git/src/mingw-w64/mingw-w64-crt/crt/crt0_c.c:18: undefined reference to `WinMain'
collect2.exe: error: ld returned 1 exit status
11:42:10 **** Incremental Build of configuration Debug for project Askme ****
Info: Internal Builder is used for build
g++ -O0 -g3 -Wall -c -fmessage-length=0 -o main.o "..\\main.cpp" 
g++ -o Askme.exe main.o 
Info: Nothing to build for Askme
Info: Nothing to build for Askme
11:47:31 **** Incremental Build of configuration Debug for project Askme ****
Info: Internal Builder is used for build
g++ -O0 -g3 -Wall -c -fmessage-length=0 -o main.o "..\\main.cpp" 
g++ -O0 -g3 -Wall -c -fmessage-length=0 -o app.o "..\\app.cpp" 
g++ -o Askme.exe app.o main.o 
Info: Nothing to build for Askme
12:03:08 **** Incremental Build of configuration Debug for project Askme ****
Info: Internal Builder is used for build
g++ -O0 -g3 -Wall -c -fmessage-length=0 -o main.o "..\\main.cpp" 
g++ -O0 -g3 -Wall -c -fmessage-length=0 -o app.o "..\\app.cpp" 
g++ -O0 -g3 -Wall -c -fmessage-length=0 -o menu.o "..\\menu.cpp" 
g++ -O0 -g3 -Wall -c -fmessage-length=0 -o signup_handler.o "..\\signup_handler.cpp" 
g++ -O0 -g3 -Wall -c -fmessage-length=0 -o login_handler.o "..\\login_handler.cpp" 
g++ -o Askme.exe app.o login_handler.o main.o menu.o signup_handler.o 
Info: Nothing to build for Askme
13:10:18 **** Incremental Build of configuration Debug for project Askme ****
Info: Internal Builder is used for build
g++ -O0 -g3 -Wall -c -fmessage-length=0 -o app.o "..\\app.cpp" 
g++ -O0 -g3 -Wall -c -fmessage-length=0 -o error.o "..\\error.cpp" 
g++ -O0 -g3 -Wall -c -fmessage-length=0 -o main.o "..\\main.cpp" 
g++ -o Askme.exe app.o error.o login_handler.o main.o menu.o signup_handler.o 
Info: Nothing to build for Askme
11:13:09 **** Rebuild of configuration Debug for project Askme ****
Info: Internal Builder is used for build
g++ -O0 -g3 -Wall -c -fmessage-length=0 -o main.o "..\\main.cpp" 
g++ -O0 -g3 -Wall -c -fmessage-length=0 -o menu.o "..\\menu.cpp" 
g++ -O0 -g3 -Wall -c -fmessage-length=0 -o login_handler.o "..\\login_handler.cpp" 
g++ -O0 -g3 -Wall -c -fmessage-length=0 -o error.o "..\\error.cpp" 
g++ -O0 -g3 -Wall -c -fmessage-length=0 -o signup_handler.o "..\\signup_handler.cpp" 
g++ -O0 -g3 -Wall -c -fmessage-length=0 -o app.o "..\\app.cpp" 
g++ -o Askme.exe app.o error.o login_handler.o main.o menu.o signup_handler.o 
Info: Nothing to build for Askme
11:22:03 **** Incremental Build of configuration Debug for project Askme ****
Info: Internal Builder is used for build
g++ -O0 -g3 -Wall -c -fmessage-length=0 -o login_handler.o "..\\login_handler.cpp" 
g++ -O0 -g3 -Wall -c -fmessage-length=0 -o app.o "..\\app.cpp" 
g++ -o Askme.exe app.o error.o login_handler.o main.o menu.o signup_handler.o 
Info: Nothing to build for Askme
11:23:47 **** Incremental Build of configuration Debug for project Askme ****
Info: Internal Builder is used for build
g++ -O0 -g3 -Wall -c -fmessage-length=0 -o signup_handler.o "..\\signup_handler.cpp" 
g++ -o Askme.exe app.o error.o login_handler.o main.o menu.o signup_handler.o 
Info: Nothing to build for Askme
11:37:39 **** Incremental Build of configuration Debug for project Askme ****
Info: Internal Builder is used for build
g++ -O0 -g3 -Wall -c -fmessage-length=0 -o signup_handler.o "..\\signup_handler.cpp" 
g++ -O0 -g3 -Wall -c -fmessage-length=0 -o main.o "..\\main.cpp" 
g++ -O0 -g3 -Wall -c -fmessage-length=0 -o app.o "..\\app.cpp" 
g++ -O0 -g3 -Wall -c -fmessage-length=0 -o menu.o "..\\menu.cpp" 
g++ -O0 -g3 -Wall -c -fmessage-length=0 -o error.o "..\\error.cpp" 
g++ -o Askme.exe app.o error.o login_handler.o main.o menu.o signup_handler.o 
Info: Nothing to build for Askme
11:40:33 **** Rebuild of configuration Debug for project askme-project ****
Info: Internal Builder is used for build
g++ -O0 -g3 -Wall -c -fmessage-length=0 -o main.o "..\\main.cpp" 
g++ -O0 -g3 -Wall -c -fmessage-length=0 -o menu.o "..\\menu.cpp" 
g++ -O0 -g3 -Wall -c -fmessage-length=0 -o login_handler.o "..\\login_handler.cpp" 
g++ -O0 -g3 -Wall -c -fmessage-length=0 -o app.o "..\\app.cpp" 
g++ -O0 -g3 -Wall -c -fmessage-length=0 -o signup_handler.o "..\\signup_handler.cpp" 
g++ -O0 -g3 -Wall -c -fmessage-length=0 -o error.o "..\\error.cpp" 
g++ -o askme-project.exe app.o error.o login_handler.o main.o menu.o signup_handler.o 
12:15:33 **** Incremental Build of configuration Debug for project askme-project ****
Info: Internal Builder is used for build
g++ -O0 -g3 -Wall -c -fmessage-length=0 -o main.o "..\\main.cpp" 
g++ -O0 -g3 -Wall -c -fmessage-length=0 -o app.o "..\\app.cpp" 
g++ -O0 -g3 -Wall -c -fmessage-length=0 -o login_handler.o "..\\login_handler.cpp" 
g++ -O0 -g3 -Wall -c -fmessage-length=0 -o menu.o "..\\menu.cpp" 
g++ -o askme-project.exe app.o error.o login_handler.o main.o menu.o signup_handler.o 
C:/msys64/mingw64/bin/../lib/gcc/x86_64-w64-mingw32/12.1.0/../../../../x86_64-w64-mingw32/bin/ld.exe: app.o: in function `App::run()':
H:\Career\Courses\C-C++ Data Structures & Algorithms\Dr Mostafa Saad\01-Mastering 4 critical SKILLS using C++ 17\Projects\01-Askme Project\askme-project\Debug/../app.cpp:72: undefined reference to `App::verify_main_choice(int)'
collect2.exe: error: ld returned 1 exit status
12:16:50 **** Incremental Build of configuration Debug for project askme-project ****
Info: Internal Builder is used for build
g++ -O0 -g3 -Wall -c -fmessage-length=0 -o app.o "..\\app.cpp" 
g++ -o askme-project.exe app.o error.o login_handler.o main.o menu.o signup_handler.o 
Info: Nothing to build for askme-project
12:48:20 **** Incremental Build of configuration Debug for project askme-project ****
Info: Internal Builder is used for build
g++ -O0 -g3 -Wall -c -fmessage-length=0 -o app.o "..\\app.cpp" 
g++ -O0 -g3 -Wall -c -fmessage-length=0 -o menu.o "..\\menu.cpp" 
g++ -O0 -g3 -Wall -c -fmessage-length=0 -o signup_handler.o "..\\signup_handler.cpp" 
g++ -O0 -g3 -Wall -c -fmessage-length=0 -o login_handler.o "..\\login_handler.cpp" 
..\login_handler.cpp: In member function 'std::pair<User, bool> Login_handler::user_exists(User)':
..\login_handler.cpp:27:16: error: could not convert '-1' from 'int' to 'std::pair<User, bool>'
   27 |         return -1;
      |                ^~
      |                |
      |                int
12:50:56 **** Incremental Build of configuration Debug for project askme-project ****
Info: Internal Builder is used for build
g++ -O0 -g3 -Wall -c -fmessage-length=0 -o login_handler.o "..\\login_handler.cpp" 
g++ -o askme-project.exe app.o error.o login_handler.o main.o menu.o signup_handler.o 
12:52:05 **** Incremental Build of configuration Debug for project askme-project ****
Info: Internal Builder is used for build
g++ -O0 -g3 -Wall -c -fmessage-length=0 -o login_handler.o "..\\login_handler.cpp" 
g++ -o askme-project.exe app.o error.o login_handler.o main.o menu.o signup_handler.o 
Info: Nothing to build for askme-project
Info: Nothing to build for askme-project
12:56:22 **** Incremental Build of configuration Debug for project askme-project ****
Info: Internal Builder is used for build
g++ -O0 -g3 -Wall -c -fmessage-length=0 -o app.o "..\\app.cpp" 
g++ -o askme-project.exe app.o error.o login_handler.o main.o menu.o signup_handler.o 
Info: Nothing to build for askme-project
12:58:51 **** Incremental Build of configuration Debug for project askme-project ****
Info: Internal Builder is used for build
g++ -O0 -g3 -Wall -c -fmessage-length=0 -o app.o "..\\app.cpp" 
g++ -o askme-project.exe app.o error.o login_handler.o main.o menu.o signup_handler.o 
Info: Nothing to build for askme-project
12:59:56 **** Incremental Build of configuration Debug for project askme-project ****
Info: Internal Builder is used for build
g++ -O0 -g3 -Wall -c -fmessage-length=0 -o signup_handler.o "..\\signup_handler.cpp" 
g++ -o askme-project.exe app.o error.o login_handler.o main.o menu.o signup_handler.o 
C:/msys64/mingw64/bin/../lib/gcc/x86_64-w64-mingw32/12.1.0/../../../../x86_64-w64-mingw32/bin/ld.exe: cannot open output file askme-project.exe: Permission denied
collect2.exe: error: ld returned 1 exit status
13:00:08 **** Incremental Build of configuration Debug for project askme-project ****
Info: Internal Builder is used for build
g++ -o askme-project.exe app.o error.o login_handler.o main.o menu.o signup_handler.o 
Info: Nothing to build for askme-project
13:02:44 **** Incremental Build of configuration Debug for project askme-project ****
Info: Internal Builder is used for build
g++ -O0 -g3 -Wall -c -fmessage-length=0 -o signup_handler.o "..\\signup_handler.cpp" 
..\signup_handler.cpp: In member function 'int Signup_handler::generate_id()':
..\signup_handler.cpp:27:37: warning: logical not is only applied to the left hand side of comparison [-Wlogical-not-parentheses]
   27 |         while (!file_handler.peek() == std::ifstream::traits_type::eof() && getline(file_handler, line))
      |                                     ^~
..\signup_handler.cpp:27:16: note: add parentheses around left hand side expression to silence this warning
   27 |         while (!file_handler.peek() == std::ifstream::traits_type::eof() && getline(file_handler, line))
      |                ^~~~~~~~~~~~~~~~~~~~
      |                (                   )
..\signup_handler.cpp:27:37: warning: comparison of constant '-1' with boolean expression is always false [-Wbool-compare]
   27 |         while (!file_handler.peek() == std::ifstream::traits_type::eof() && getline(file_handler, line))
      |                ~~~~~~~~~~~~~~~~~~~~~^~~~~~~~~~~~~~~~~~~~~~~~~~~~~~~~~~~~
g++ -o askme-project.exe app.o error.o login_handler.o main.o menu.o signup_handler.o 
13:04:34 **** Incremental Build of configuration Debug for project askme-project ****
Info: Internal Builder is used for build
g++ -O0 -g3 -Wall -c -fmessage-length=0 -o signup_handler.o "..\\signup_handler.cpp" 
g++ -o askme-project.exe app.o error.o login_handler.o main.o menu.o signup_handler.o 
Info: Nothing to build for askme-project
Info: Nothing to build for askme-project
Info: Nothing to build for askme-project
13:08:55 **** Incremental Build of configuration Debug for project askme-project ****
Info: Internal Builder is used for build
g++ -O0 -g3 -Wall -c -fmessage-length=0 -o signup_handler.o "..\\signup_handler.cpp" 
g++ -o askme-project.exe app.o error.o login_handler.o main.o menu.o signup_handler.o 
Info: Nothing to build for askme-project
13:10:32 **** Incremental Build of configuration Debug for project askme-project ****
Info: Internal Builder is used for build
g++ -O0 -g3 -Wall -c -fmessage-length=0 -o signup_handler.o "..\\signup_handler.cpp" 
g++ -o askme-project.exe app.o error.o login_handler.o main.o menu.o signup_handler.o 
Info: Nothing to build for askme-project
13:11:24 **** Incremental Build of configuration Debug for project askme-project ****
Info: Internal Builder is used for build
g++ -O0 -g3 -Wall -c -fmessage-length=0 -o signup_handler.o "..\\signup_handler.cpp" 
g++ -o askme-project.exe app.o error.o login_handler.o main.o menu.o signup_handler.o 
Info: Nothing to build for askme-project
13:12:25 **** Incremental Build of configuration Debug for project askme-project ****
Info: Internal Builder is used for build
g++ -O0 -g3 -Wall -c -fmessage-length=0 -o signup_handler.o "..\\signup_handler.cpp" 
g++ -o askme-project.exe app.o error.o login_handler.o main.o menu.o signup_handler.o 
Info: Nothing to build for askme-project
13:37:59 **** Incremental Build of configuration Debug for project askme-project ****
Info: Internal Builder is used for build
g++ -O0 -g3 -Wall -c -fmessage-length=0 -o signup_handler.o "..\\signup_handler.cpp" 
g++ -O0 -g3 -Wall -c -fmessage-length=0 -o login_handler.o "..\\login_handler.cpp" 
g++ -O0 -g3 -Wall -c -fmessage-length=0 -o main.o "..\\main.cpp" 
g++ -O0 -g3 -Wall -c -fmessage-length=0 -o app.o "..\\app.cpp" 
..\app.cpp: In member function 'void App::list_users()':
..\app.cpp:41:35: error: variable 'std::fstream file_handler' has initializer but incomplete type
   41 |         std::fstream file_handler(path.c_str());
      |                                   ^~~~
..\app.cpp:53:43: error: variable 'std::stringstream iss' has initializer but incomplete type
   53 |                 std::stringstream iss(line);
      |                                           ^
13:38:26 **** Incremental Build of configuration Debug for project askme-project ****
Info: Internal Builder is used for build
g++ -O0 -g3 -Wall -c -fmessage-length=0 -o app.o "..\\app.cpp" 
g++ -O0 -g3 -Wall -c -fmessage-length=0 -o menu.o "..\\menu.cpp" 
g++ -o askme-project.exe app.o error.o login_handler.o main.o menu.o signup_handler.o 
Info: Nothing to build for askme-project
13:42:07 **** Incremental Build of configuration Debug for project askme-project ****
Info: Internal Builder is used for build
g++ -O0 -g3 -Wall -c -fmessage-length=0 -o signup_handler.o "..\\signup_handler.cpp" 
g++ -o askme-project.exe app.o error.o login_handler.o main.o menu.o signup_handler.o 
Info: Nothing to build for askme-project
13:43:54 **** Incremental Build of configuration Debug for project askme-project ****
Info: Internal Builder is used for build
g++ -O0 -g3 -Wall -c -fmessage-length=0 -o app.o "..\\app.cpp" 
g++ -o askme-project.exe app.o error.o login_handler.o main.o menu.o signup_handler.o 
Info: Nothing to build for askme-project
13:55:03 **** Incremental Build of configuration Debug for project askme-project ****
Info: Internal Builder is used for build
g++ -O0 -g3 -Wall -c -fmessage-length=0 -o signup_handler.o "..\\signup_handler.cpp" 
g++ -O0 -g3 -Wall -c -fmessage-length=0 -o login_handler.o "..\\login_handler.cpp" 
..\login_handler.cpp: In member function 'std::pair<User, bool> Login_handler::user_exists(User)':
..\login_handler.cpp:36:19: error: no match for 'operator>>' (operand types are 'std::basic_istream<char>::__istream_type' {aka 'std::basic_istream<char>'} and 'char')
   36 |         iss >> id >> ',' >> username >> ',' >>password >> ',' >> allowAnonQs;
      |         ~~~~~~~~~ ^~ ~~~
      |             |        |
      |             |        char
      |             std::basic_istream<char>::__istream_type {aka std::basic_istream<char>}
In file included from C:/msys64/mingw64/include/c++/12.1.0/iostream:40,
                 from ..\login_handler.hpp:12,
                 from ..\login_handler.cpp:8:
C:/msys64/mingw64/include/c++/12.1.0/istream:120:7: note: candidate: 'std::basic_istream<_CharT, _Traits>::__istream_type& std::basic_istream<_CharT, _Traits>::operator>>(__istream_type& (*)(__istream_type&)) [with _CharT = char; _Traits = std::char_traits<char>; __istream_type = std::basic_istream<char>]' (near match)
  120 |       operator>>(__istream_type& (*__pf)(__istream_type&))
      |       ^~~~~~~~
C:/msys64/mingw64/include/c++/12.1.0/istream:120:7: note:   conversion of argument 1 would be ill-formed:
..\login_handler.cpp:36:22: error: invalid conversion from 'char' to 'std::basic_istream<char>::__istream_type& (*)(std::basic_istream<char>::__istream_type&)' {aka 'std::basic_istream<char>& (*)(std::basic_istream<char>&)'} [-fpermissive]
   36 |         iss >> id >> ',' >> username >> ',' >>password >> ',' >> allowAnonQs;
      |                      ^~~
      |                      |
      |                      char
C:/msys64/mingw64/include/c++/12.1.0/istream:124:7: note: candidate: 'std::basic_istream<_CharT, _Traits>::__istream_type& std::basic_istream<_CharT, _Traits>::operator>>(__ios_type& (*)(__ios_type&)) [with _CharT = char; _Traits = std::char_traits<char>; __istream_type = std::basic_istream<char>; __ios_type = std::basic_ios<char>]' (near match)
  124 |       operator>>(__ios_type& (*__pf)(__ios_type&))
      |       ^~~~~~~~
C:/msys64/mingw64/include/c++/12.1.0/istream:124:7: note:   conversion of argument 1 would be ill-formed:
..\login_handler.cpp:36:22: error: invalid conversion from 'char' to 'std::basic_istream<char>::__ios_type& (*)(std::basic_istream<char>::__ios_type&)' {aka 'std::basic_ios<char>& (*)(std::basic_ios<char>&)'} [-fpermissive]
   36 |         iss >> id >> ',' >> username >> ',' >>password >> ',' >> allowAnonQs;
      |                      ^~~
      |                      |
      |                      char
C:/msys64/mingw64/include/c++/12.1.0/istream:131:7: note: candidate: 'std::basic_istream<_CharT, _Traits>::__istream_type& std::basic_istream<_CharT, _Traits>::operator>>(std::ios_base& (*)(std::ios_base&)) [with _CharT = char; _Traits = std::char_traits<char>; __istream_type = std::basic_istream<char>]' (near match)
  131 |       operator>>(ios_base& (*__pf)(ios_base&))
      |       ^~~~~~~~
C:/msys64/mingw64/include/c++/12.1.0/istream:131:7: note:   conversion of argument 1 would be ill-formed:
..\login_handler.cpp:36:22: error: invalid conversion from 'char' to 'std::ios_base& (*)(std::ios_base&)' [-fpermissive]
   36 |         iss >> id >> ',' >> username >> ',' >>password >> ',' >> allowAnonQs;
      |                      ^~~
      |                      |
      |                      char
C:/msys64/mingw64/include/c++/12.1.0/istream:168:7: note: candidate: 'std::basic_istream<_CharT, _Traits>::__istream_type& std::basic_istream<_CharT, _Traits>::operator>>(bool&) [with _CharT = char; _Traits = std::char_traits<char>; __istream_type = std::basic_istream<char>]' (near match)
  168 |       operator>>(bool& __n)
      |       ^~~~~~~~
C:/msys64/mingw64/include/c++/12.1.0/istream:168:7: note:   conversion of argument 1 would be ill-formed:
..\login_handler.cpp:36:22: error: cannot bind non-const lvalue reference of type 'bool&' to a value of type 'char'
   36 |         iss >> id >> ',' >> username >> ',' >>password >> ',' >> allowAnonQs;
      |                      ^~~
C:/msys64/mingw64/include/c++/12.1.0/istream:172:7: note: candidate: 'std::basic_istream<_CharT, _Traits>& std::basic_istream<_CharT, _Traits>::operator>>(short int&) [with _CharT = char; _Traits = std::char_traits<char>]' (near match)
  172 |       operator>>(short& __n);
      |       ^~~~~~~~
C:/msys64/mingw64/include/c++/12.1.0/istream:172:7: note:   conversion of argument 1 would be ill-formed:
..\login_handler.cpp:36:22: error: cannot bind non-const lvalue reference of type 'short int&' to a value of type 'char'
   36 |         iss >> id >> ',' >> username >> ',' >>password >> ',' >> allowAnonQs;
      |                      ^~~
C:/msys64/mingw64/include/c++/12.1.0/istream:175:7: note: candidate: 'std::basic_istream<_CharT, _Traits>::__istream_type& std::basic_istream<_CharT, _Traits>::operator>>(short unsigned int&) [with _CharT = char; _Traits = std::char_traits<char>; __istream_type = std::basic_istream<char>]' (near match)
  175 |       operator>>(unsigned short& __n)
      |       ^~~~~~~~
C:/msys64/mingw64/include/c++/12.1.0/istream:175:7: note:   conversion of argument 1 would be ill-formed:
..\login_handler.cpp:36:22: error: cannot bind non-const lvalue reference of type 'short unsigned int&' to a value of type 'char'
   36 |         iss >> id >> ',' >> username >> ',' >>password >> ',' >> allowAnonQs;
      |                      ^~~
C:/msys64/mingw64/include/c++/12.1.0/istream:179:7: note: candidate: 'std::basic_istream<_CharT, _Traits>& std::basic_istream<_CharT, _Traits>::operator>>(int&) [with _CharT = char; _Traits = std::char_traits<char>]' (near match)
  179 |       operator>>(int& __n);
      |       ^~~~~~~~
C:/msys64/mingw64/include/c++/12.1.0/istream:179:7: note:   conversion of argument 1 would be ill-formed:
..\login_handler.cpp:36:22: error: cannot bind non-const lvalue reference of type 'int&' to a value of type 'char'
   36 |         iss >> id >> ',' >> username >> ',' >>password >> ',' >> allowAnonQs;
      |                      ^~~
C:/msys64/mingw64/include/c++/12.1.0/istream:182:7: note: candidate: 'std::basic_istream<_CharT, _Traits>::__istream_type& std::basic_istream<_CharT, _Traits>::operator>>(unsigned int&) [with _CharT = char; _Traits = std::char_traits<char>; __istream_type = std::basic_istream<char>]' (near match)
  182 |       operator>>(unsigned int& __n)
      |       ^~~~~~~~
C:/msys64/mingw64/include/c++/12.1.0/istream:182:7: note:   conversion of argument 1 would be ill-formed:
..\login_handler.cpp:36:22: error: cannot bind non-const lvalue reference of type 'unsigned int&' to a value of type 'char'
   36 |         iss >> id >> ',' >> username >> ',' >>password >> ',' >> allowAnonQs;
      |                      ^~~
C:/msys64/mingw64/include/c++/12.1.0/istream:186:7: note: candidate: 'std::basic_istream<_CharT, _Traits>::__istream_type& std::basic_istream<_CharT, _Traits>::operator>>(long int&) [with _CharT = char; _Traits = std::char_traits<char>; __istream_type = std::basic_istream<char>]' (near match)
  186 |       operator>>(long& __n)
      |       ^~~~~~~~
C:/msys64/mingw64/include/c++/12.1.0/istream:186:7: note:   conversion of argument 1 would be ill-formed:
..\login_handler.cpp:36:22: error: cannot bind non-const lvalue reference of type 'long int&' to a value of type 'char'
   36 |         iss >> id >> ',' >> username >> ',' >>password >> ',' >> allowAnonQs;
      |                      ^~~
C:/msys64/mingw64/include/c++/12.1.0/istream:190:7: note: candidate: 'std::basic_istream<_CharT, _Traits>::__istream_type& std::basic_istream<_CharT, _Traits>::operator>>(long unsigned int&) [with _CharT = char; _Traits = std::char_traits<char>; __istream_type = std::basic_istream<char>]' (near match)
  190 |       operator>>(unsigned long& __n)
      |       ^~~~~~~~
C:/msys64/mingw64/include/c++/12.1.0/istream:190:7: note:   conversion of argument 1 would be ill-formed:
..\login_handler.cpp:36:22: error: cannot bind non-const lvalue reference of type 'long unsigned int&' to a value of type 'char'
   36 |         iss >> id >> ',' >> username >> ',' >>password >> ',' >> allowAnonQs;
      |                      ^~~
C:/msys64/mingw64/include/c++/12.1.0/istream:195:7: note: candidate: 'std::basic_istream<_CharT, _Traits>::__istream_type& std::basic_istream<_CharT, _Traits>::operator>>(long long int&) [with _CharT = char; _Traits = std::char_traits<char>; __istream_type = std::basic_istream<char>]' (near match)
  195 |       operator>>(long long& __n)
      |       ^~~~~~~~
C:/msys64/mingw64/include/c++/12.1.0/istream:195:7: note:   conversion of argument 1 would be ill-formed:
..\login_handler.cpp:36:22: error: cannot bind non-const lvalue reference of type 'long long int&' to a value of type 'char'
   36 |         iss >> id >> ',' >> username >> ',' >>password >> ',' >> allowAnonQs;
      |                      ^~~
C:/msys64/mingw64/include/c++/12.1.0/istream:199:7: note: candidate: 'std::basic_istream<_CharT, _Traits>::__istream_type& std::basic_istream<_CharT, _Traits>::operator>>(long long unsigned int&) [with _CharT = char; _Traits = std::char_traits<char>; __istream_type = std::basic_istream<char>]' (near match)
  199 |       operator>>(unsigned long long& __n)
      |       ^~~~~~~~
C:/msys64/mingw64/include/c++/12.1.0/istream:199:7: note:   conversion of argument 1 would be ill-formed:
..\login_handler.cpp:36:22: error: cannot bind non-const lvalue reference of type 'long long unsigned int&' to a value of type 'char'
   36 |         iss >> id >> ',' >> username >> ',' >>password >> ',' >> allowAnonQs;
      |                      ^~~
C:/msys64/mingw64/include/c++/12.1.0/istream:214:7: note: candidate: 'std::basic_istream<_CharT, _Traits>::__istream_type& std::basic_istream<_CharT, _Traits>::operator>>(float&) [with _CharT = char; _Traits = std::char_traits<char>; __istream_type = std::basic_istream<char>]' (near match)
  214 |       operator>>(float& __f)
      |       ^~~~~~~~
C:/msys64/mingw64/include/c++/12.1.0/istream:214:7: note:   conversion of argument 1 would be ill-formed:
..\login_handler.cpp:36:22: error: cannot bind non-const lvalue reference of type 'float&' to a value of type 'char'
   36 |         iss >> id >> ',' >> username >> ',' >>password >> ',' >> allowAnonQs;
      |                      ^~~
C:/msys64/mingw64/include/c++/12.1.0/istream:218:7: note: candidate: 'std::basic_istream<_CharT, _Traits>::__istream_type& std::basic_istream<_CharT, _Traits>::operator>>(double&) [with _CharT = char; _Traits = std::char_traits<char>; __istream_type = std::basic_istream<char>]' (near match)
  218 |       operator>>(double& __f)
      |       ^~~~~~~~
C:/msys64/mingw64/include/c++/12.1.0/istream:218:7: note:   conversion of argument 1 would be ill-formed:
..\login_handler.cpp:36:22: error: cannot bind non-const lvalue reference of type 'double&' to a value of type 'char'
   36 |         iss >> id >> ',' >> username >> ',' >>password >> ',' >> allowAnonQs;
      |                      ^~~
C:/msys64/mingw64/include/c++/12.1.0/istream:222:7: note: candidate: 'std::basic_istream<_CharT, _Traits>::__istream_type& std::basic_istream<_CharT, _Traits>::operator>>(long double&) [with _CharT = char; _Traits = std::char_traits<char>; __istream_type = std::basic_istream<char>]' (near match)
  222 |       operator>>(long double& __f)
      |       ^~~~~~~~
C:/msys64/mingw64/include/c++/12.1.0/istream:222:7: note:   conversion of argument 1 would be ill-formed:
..\login_handler.cpp:36:22: error: cannot bind non-const lvalue reference of type 'long double&' to a value of type 'char'
   36 |         iss >> id >> ',' >> username >> ',' >>password >> ',' >> allowAnonQs;
      |                      ^~~
C:/msys64/mingw64/include/c++/12.1.0/istream:235:7: note: candidate: 'std::basic_istream<_CharT, _Traits>::__istream_type& std::basic_istream<_CharT, _Traits>::operator>>(void*&) [with _CharT = char; _Traits = std::char_traits<char>; __istream_type = std::basic_istream<char>]' (near match)
  235 |       operator>>(void*& __p)
      |       ^~~~~~~~
C:/msys64/mingw64/include/c++/12.1.0/istream:235:7: note:   conversion of argument 1 would be ill-formed:
..\login_handler.cpp:36:22: error: invalid conversion from 'char' to 'void*' [-fpermissive]
   36 |         iss >> id >> ',' >> username >> ',' >>password >> ',' >> allowAnonQs;
      |                      ^~~
      |                      |
      |                      char
..\login_handler.cpp:36:22: error: cannot bind rvalue '(void*)44' to 'void*&'
C:/msys64/mingw64/include/c++/12.1.0/istream:259:7: note: candidate: 'std::basic_istream<_CharT, _Traits>& std::basic_istream<_CharT, _Traits>::operator>>(__streambuf_type*) [with _CharT = char; _Traits = std::char_traits<char>; __streambuf_type = std::basic_streambuf<char>]' (near match)
  259 |       operator>>(__streambuf_type* __sb);
      |       ^~~~~~~~
C:/msys64/mingw64/include/c++/12.1.0/istream:259:7: note:   conversion of argument 1 would be ill-formed:
..\login_handler.cpp:36:22: error: invalid conversion from 'char' to 'std::basic_istream<char>::__streambuf_type*' {aka 'std::basic_streambuf<char>*'} [-fpermissive]
   36 |         iss >> id >> ',' >> username >> ',' >>password >> ',' >> allowAnonQs;
      |                      ^~~
      |                      |
      |                      char
..\login_handler.cpp:36:19: note: candidate: 'operator>>(int, int)' (built-in)
   36 |         iss >> id >> ',' >> username >> ',' >>password >> ',' >> allowAnonQs;
      |         ~~~~~~~~~~^~~~~~
..\login_handler.cpp:36:19: note:   no known conversion for argument 1 from 'std::basic_istream<char>::__istream_type' {aka 'std::basic_istream<char>'} to 'int'
In file included from C:/msys64/mingw64/include/c++/12.1.0/string:54,
                 from ..\user.hpp:11,
                 from ..\login_handler.hpp:10:
C:/msys64/mingw64/include/c++/12.1.0/bits/basic_string.tcc:940:5: note: candidate: 'template<class _CharT, class _Traits, class _Alloc> std::basic_istream<_CharT, _Traits>& std::operator>>(basic_istream<_CharT, _Traits>&, __cxx11::basic_string<_CharT, _Traits, _Allocator>&)'
  940 |     operator>>(basic_istream<_CharT, _Traits>& __in,
      |     ^~~~~~~~
C:/msys64/mingw64/include/c++/12.1.0/bits/basic_string.tcc:940:5: note:   template argument deduction/substitution failed:
..\login_handler.cpp:36:22: note:   mismatched types 'std::__cxx11::basic_string<_CharT, _Traits, _Allocator>' and 'char'
   36 |         iss >> id >> ',' >> username >> ',' >>password >> ',' >> allowAnonQs;
      |                      ^~~
In file included from C:/msys64/mingw64/include/c++/12.1.0/istream:995:
C:/msys64/mingw64/include/c++/12.1.0/bits/istream.tcc:960:5: note: candidate: 'std::basic_istream<_CharT, _Traits>& std::operator>>(basic_istream<_CharT, _Traits>&, _CharT&) [with _CharT = char; _Traits = char_traits<char>]' (near match)
  960 |     operator>>(basic_istream<_CharT, _Traits>& __in, _CharT& __c)
      |     ^~~~~~~~
C:/msys64/mingw64/include/c++/12.1.0/bits/istream.tcc:960:5: note:   conversion of argument 2 would be ill-formed:
..\login_handler.cpp:36:22: error: cannot bind non-const lvalue reference of type 'char&' to an rvalue of type 'char'
   36 |         iss >> id >> ',' >> username >> ',' >>password >> ',' >> allowAnonQs;
      |                      ^~~
C:/msys64/mingw64/include/c++/12.1.0/istream:756:5: note: candidate: 'template<class _Traits> std::basic_istream<char, _Traits>& std::operator>>(basic_istream<char, _Traits>&, unsigned char&)'
  756 |     operator>>(basic_istream<char, _Traits>& __in, unsigned char& __c)
      |     ^~~~~~~~
C:/msys64/mingw64/include/c++/12.1.0/istream:756:5: note:   template argument deduction/substitution failed:
..\login_handler.cpp:36:22: note:   cannot convert '','' (type 'char') to type 'unsigned char&'
   36 |         iss >> id >> ',' >> username >> ',' >>password >> ',' >> allowAnonQs;
      |                      ^~~
C:/msys64/mingw64/include/c++/12.1.0/istream:761:5: note: candidate: 'template<class _Traits> std::basic_istream<char, _Traits>& std::operator>>(basic_istream<char, _Traits>&, signed char&)'
  761 |     operator>>(basic_istream<char, _Traits>& __in, signed char& __c)
      |     ^~~~~~~~
C:/msys64/mingw64/include/c++/12.1.0/istream:761:5: note:   template argument deduction/substitution failed:
..\login_handler.cpp:36:22: note:   cannot convert '','' (type 'char') to type 'signed char&'
   36 |         iss >> id >> ',' >> username >> ',' >>password >> ',' >> allowAnonQs;
      |                      ^~~
C:/msys64/mingw64/include/c++/12.1.0/istream:803:5: note: candidate: 'template<class _CharT, class _Traits> std::basic_istream<_CharT, _Traits>& std::operator>>(basic_istream<_CharT, _Traits>&, _CharT*)'
  803 |     operator>>(basic_istream<_CharT, _Traits>& __in, _CharT* __s)
      |     ^~~~~~~~
C:/msys64/mingw64/include/c++/12.1.0/istream:803:5: note:   template argument deduction/substitution failed:
..\login_handler.cpp:36:22: note:   mismatched types '_CharT*' and 'char'
   36 |         iss >> id >> ',' >> username >> ',' >>password >> ',' >> allowAnonQs;
      |                      ^~~
C:/msys64/mingw64/include/c++/12.1.0/istream:825:5: note: candidate: 'template<class _Traits> std::basic_istream<char, _Traits>& std::operator>>(basic_istream<char, _Traits>&, unsigned char*)'
  825 |     operator>>(basic_istream<char, _Traits>& __in, unsigned char* __s)
      |     ^~~~~~~~
C:/msys64/mingw64/include/c++/12.1.0/istream:825:5: note:   template argument deduction/substitution failed:
..\login_handler.cpp:36:22: note:   cannot convert '','' (type 'char') to type 'unsigned char*'
   36 |         iss >> id >> ',' >> username >> ',' >>password >> ',' >> allowAnonQs;
      |                      ^~~
C:/msys64/mingw64/include/c++/12.1.0/istream:831:5: note: candidate: 'template<class _Traits> std::basic_istream<char, _Traits>& std::operator>>(basic_istream<char, _Traits>&, signed char*)'
  831 |     operator>>(basic_istream<char, _Traits>& __in, signed char* __s)
      |     ^~~~~~~~
C:/msys64/mingw64/include/c++/12.1.0/istream:831:5: note:   template argument deduction/substitution failed:
..\login_handler.cpp:36:22: note:   cannot convert '','' (type 'char') to type 'signed char*'
   36 |         iss >> id >> ',' >> username >> ',' >>password >> ',' >> allowAnonQs;
      |                      ^~~
C:/msys64/mingw64/include/c++/12.1.0/istream:985:5: note: candidate: 'template<class _Istream, class _Tp> _Istream&& std::operator>>(_Istream&&, _Tp&&)'
  985 |     operator>>(_Istream&& __is, _Tp&& __x)
      |     ^~~~~~~~
C:/msys64/mingw64/include/c++/12.1.0/istream:985:5: note:   template argument deduction/substitution failed:
C:/msys64/mingw64/include/c++/12.1.0/istream: In substitution of 'template<class _Istream, class _Tp> _Istream&& std::operator>>(_Istream&&, _Tp&&) [with _Istream = std::basic_istream<char>&; _Tp = char]':
..\login_handler.cpp:36:22:   required from here
C:/msys64/mingw64/include/c++/12.1.0/istream:985:5: error: no type named 'type' in 'struct std::enable_if<false, void>'
13:55:40 **** Incremental Build of configuration Debug for project askme-project ****
Info: Internal Builder is used for build
g++ -O0 -g3 -Wall -c -fmessage-length=0 -o login_handler.o "..\\login_handler.cpp" 
..\login_handler.cpp: In member function 'std::pair<User, bool> Login_handler::user_exists(User)':
..\login_handler.cpp:36:19: error: no match for 'operator>>' (operand types are 'std::basic_istream<char>::__istream_type' {aka 'std::basic_istream<char>'} and 'const char [2]')
   36 |         iss >> id >> "," >> username >> "," >>password >> "," >> allowAnonQs;
      |         ~~~~~~~~~ ^~ ~~~
      |             |        |
      |             |        const char [2]
      |             std::basic_istream<char>::__istream_type {aka std::basic_istream<char>}
In file included from C:/msys64/mingw64/include/c++/12.1.0/iostream:40,
                 from ..\login_handler.hpp:12,
                 from ..\login_handler.cpp:8:
C:/msys64/mingw64/include/c++/12.1.0/istream:168:7: note: candidate: 'std::basic_istream<_CharT, _Traits>::__istream_type& std::basic_istream<_CharT, _Traits>::operator>>(bool&) [with _CharT = char; _Traits = std::char_traits<char>; __istream_type = std::basic_istream<char>]' (near match)
  168 |       operator>>(bool& __n)
      |       ^~~~~~~~
C:/msys64/mingw64/include/c++/12.1.0/istream:168:7: note:   conversion of argument 1 would be ill-formed:
..\login_handler.cpp:36:22: error: cannot bind non-const lvalue reference of type 'bool&' to a value of type 'const char*'
   36 |         iss >> id >> "," >> username >> "," >>password >> "," >> allowAnonQs;
      |                      ^~~
C:/msys64/mingw64/include/c++/12.1.0/istream:172:7: note: candidate: 'std::basic_istream<_CharT, _Traits>& std::basic_istream<_CharT, _Traits>::operator>>(short int&) [with _CharT = char; _Traits = std::char_traits<char>]' (near match)
  172 |       operator>>(short& __n);
      |       ^~~~~~~~
C:/msys64/mingw64/include/c++/12.1.0/istream:172:7: note:   conversion of argument 1 would be ill-formed:
..\login_handler.cpp:36:22: error: invalid conversion from 'const char*' to 'short int' [-fpermissive]
   36 |         iss >> id >> "," >> username >> "," >>password >> "," >> allowAnonQs;
      |                      ^~~
      |                      |
      |                      const char*
..\login_handler.cpp:36:22: error: cannot bind rvalue '(short int)((const char*)",")' to 'short int&'
C:/msys64/mingw64/include/c++/12.1.0/istream:175:7: note: candidate: 'std::basic_istream<_CharT, _Traits>::__istream_type& std::basic_istream<_CharT, _Traits>::operator>>(short unsigned int&) [with _CharT = char; _Traits = std::char_traits<char>; __istream_type = std::basic_istream<char>]' (near match)
  175 |       operator>>(unsigned short& __n)
      |       ^~~~~~~~
C:/msys64/mingw64/include/c++/12.1.0/istream:175:7: note:   conversion of argument 1 would be ill-formed:
..\login_handler.cpp:36:22: error: invalid conversion from 'const char*' to 'short unsigned int' [-fpermissive]
   36 |         iss >> id >> "," >> username >> "," >>password >> "," >> allowAnonQs;
      |                      ^~~
      |                      |
      |                      const char*
..\login_handler.cpp:36:22: error: cannot bind rvalue '(short unsigned int)((const char*)",")' to 'short unsigned int&'
C:/msys64/mingw64/include/c++/12.1.0/istream:179:7: note: candidate: 'std::basic_istream<_CharT, _Traits>& std::basic_istream<_CharT, _Traits>::operator>>(int&) [with _CharT = char; _Traits = std::char_traits<char>]' (near match)
  179 |       operator>>(int& __n);
      |       ^~~~~~~~
C:/msys64/mingw64/include/c++/12.1.0/istream:179:7: note:   conversion of argument 1 would be ill-formed:
..\login_handler.cpp:36:22: error: invalid conversion from 'const char*' to 'int' [-fpermissive]
   36 |         iss >> id >> "," >> username >> "," >>password >> "," >> allowAnonQs;
      |                      ^~~
      |                      |
      |                      const char*
..\login_handler.cpp:36:22: error: cannot bind rvalue '(int)((const char*)",")' to 'int&'
C:/msys64/mingw64/include/c++/12.1.0/istream:182:7: note: candidate: 'std::basic_istream<_CharT, _Traits>::__istream_type& std::basic_istream<_CharT, _Traits>::operator>>(unsigned int&) [with _CharT = char; _Traits = std::char_traits<char>; __istream_type = std::basic_istream<char>]' (near match)
  182 |       operator>>(unsigned int& __n)
      |       ^~~~~~~~
C:/msys64/mingw64/include/c++/12.1.0/istream:182:7: note:   conversion of argument 1 would be ill-formed:
..\login_handler.cpp:36:22: error: invalid conversion from 'const char*' to 'unsigned int' [-fpermissive]
   36 |         iss >> id >> "," >> username >> "," >>password >> "," >> allowAnonQs;
      |                      ^~~
      |                      |
      |                      const char*
..\login_handler.cpp:36:22: error: cannot bind rvalue '(unsigned int)((const char*)",")' to 'unsigned int&'
C:/msys64/mingw64/include/c++/12.1.0/istream:186:7: note: candidate: 'std::basic_istream<_CharT, _Traits>::__istream_type& std::basic_istream<_CharT, _Traits>::operator>>(long int&) [with _CharT = char; _Traits = std::char_traits<char>; __istream_type = std::basic_istream<char>]' (near match)
  186 |       operator>>(long& __n)
      |       ^~~~~~~~
C:/msys64/mingw64/include/c++/12.1.0/istream:186:7: note:   conversion of argument 1 would be ill-formed:
..\login_handler.cpp:36:22: error: invalid conversion from 'const char*' to 'long int' [-fpermissive]
   36 |         iss >> id >> "," >> username >> "," >>password >> "," >> allowAnonQs;
      |                      ^~~
      |                      |
      |                      const char*
..\login_handler.cpp:36:22: error: cannot bind rvalue '(long int)((const char*)",")' to 'long int&'
C:/msys64/mingw64/include/c++/12.1.0/istream:190:7: note: candidate: 'std::basic_istream<_CharT, _Traits>::__istream_type& std::basic_istream<_CharT, _Traits>::operator>>(long unsigned int&) [with _CharT = char; _Traits = std::char_traits<char>; __istream_type = std::basic_istream<char>]' (near match)
  190 |       operator>>(unsigned long& __n)
      |       ^~~~~~~~
C:/msys64/mingw64/include/c++/12.1.0/istream:190:7: note:   conversion of argument 1 would be ill-formed:
..\login_handler.cpp:36:22: error: invalid conversion from 'const char*' to 'long unsigned int' [-fpermissive]
   36 |         iss >> id >> "," >> username >> "," >>password >> "," >> allowAnonQs;
      |                      ^~~
      |                      |
      |                      const char*
..\login_handler.cpp:36:22: error: cannot bind rvalue '(long unsigned int)((const char*)",")' to 'long unsigned int&'
C:/msys64/mingw64/include/c++/12.1.0/istream:195:7: note: candidate: 'std::basic_istream<_CharT, _Traits>::__istream_type& std::basic_istream<_CharT, _Traits>::operator>>(long long int&) [with _CharT = char; _Traits = std::char_traits<char>; __istream_type = std::basic_istream<char>]' (near match)
  195 |       operator>>(long long& __n)
      |       ^~~~~~~~
C:/msys64/mingw64/include/c++/12.1.0/istream:195:7: note:   conversion of argument 1 would be ill-formed:
..\login_handler.cpp:36:22: error: invalid conversion from 'const char*' to 'long long int' [-fpermissive]
   36 |         iss >> id >> "," >> username >> "," >>password >> "," >> allowAnonQs;
      |                      ^~~
      |                      |
      |                      const char*
..\login_handler.cpp:36:22: error: cannot bind rvalue '(long long int)((const char*)",")' to 'long long int&'
C:/msys64/mingw64/include/c++/12.1.0/istream:199:7: note: candidate: 'std::basic_istream<_CharT, _Traits>::__istream_type& std::basic_istream<_CharT, _Traits>::operator>>(long long unsigned int&) [with _CharT = char; _Traits = std::char_traits<char>; __istream_type = std::basic_istream<char>]' (near match)
  199 |       operator>>(unsigned long long& __n)
      |       ^~~~~~~~
C:/msys64/mingw64/include/c++/12.1.0/istream:199:7: note:   conversion of argument 1 would be ill-formed:
..\login_handler.cpp:36:22: error: invalid conversion from 'const char*' to 'long long unsigned int' [-fpermissive]
   36 |         iss >> id >> "," >> username >> "," >>password >> "," >> allowAnonQs;
      |                      ^~~
      |                      |
      |                      const char*
..\login_handler.cpp:36:22: error: cannot bind rvalue '(long long unsigned int)((const char*)",")' to 'long long unsigned int&'
C:/msys64/mingw64/include/c++/12.1.0/istream:235:7: note: candidate: 'std::basic_istream<_CharT, _Traits>::__istream_type& std::basic_istream<_CharT, _Traits>::operator>>(void*&) [with _CharT = char; _Traits = std::char_traits<char>; __istream_type = std::basic_istream<char>]' (near match)
  235 |       operator>>(void*& __p)
      |       ^~~~~~~~
C:/msys64/mingw64/include/c++/12.1.0/istream:235:7: note:   conversion of argument 1 would be ill-formed:
..\login_handler.cpp:36:22: error: invalid conversion from 'const void*' to 'void*' [-fpermissive]
   36 |         iss >> id >> "," >> username >> "," >>password >> "," >> allowAnonQs;
      |                      ^~~
      |                      |
      |                      const void*
..\login_handler.cpp:36:22: error: cannot bind rvalue '(void*)((const void*)((const char*)","))' to 'void*&'
C:/msys64/mingw64/include/c++/12.1.0/istream:120:7: note: candidate: 'std::basic_istream<_CharT, _Traits>::__istream_type& std::basic_istream<_CharT, _Traits>::operator>>(__istream_type& (*)(__istream_type&)) [with _CharT = char; _Traits = std::char_traits<char>; __istream_type = std::basic_istream<char>]'
  120 |       operator>>(__istream_type& (*__pf)(__istream_type&))
      |       ^~~~~~~~
C:/msys64/mingw64/include/c++/12.1.0/istream:120:36: note:   no known conversion for argument 1 from 'const char [2]' to 'std::basic_istream<char>::__istream_type& (*)(std::basic_istream<char>::__istream_type&)' {aka 'std::basic_istream<char>& (*)(std::basic_istream<char>&)'}
  120 |       operator>>(__istream_type& (*__pf)(__istream_type&))
      |                  ~~~~~~~~~~~~~~~~~~^~~~~~~~~~~~~~~~~~~~~~
C:/msys64/mingw64/include/c++/12.1.0/istream:124:7: note: candidate: 'std::basic_istream<_CharT, _Traits>::__istream_type& std::basic_istream<_CharT, _Traits>::operator>>(__ios_type& (*)(__ios_type&)) [with _CharT = char; _Traits = std::char_traits<char>; __istream_type = std::basic_istream<char>; __ios_type = std::basic_ios<char>]'
  124 |       operator>>(__ios_type& (*__pf)(__ios_type&))
      |       ^~~~~~~~
C:/msys64/mingw64/include/c++/12.1.0/istream:124:32: note:   no known conversion for argument 1 from 'const char [2]' to 'std::basic_istream<char>::__ios_type& (*)(std::basic_istream<char>::__ios_type&)' {aka 'std::basic_ios<char>& (*)(std::basic_ios<char>&)'}
  124 |       operator>>(__ios_type& (*__pf)(__ios_type&))
      |                  ~~~~~~~~~~~~~~^~~~~~~~~~~~~~~~~~
C:/msys64/mingw64/include/c++/12.1.0/istream:131:7: note: candidate: 'std::basic_istream<_CharT, _Traits>::__istream_type& std::basic_istream<_CharT, _Traits>::operator>>(std::ios_base& (*)(std::ios_base&)) [with _CharT = char; _Traits = std::char_traits<char>; __istream_type = std::basic_istream<char>]'
  131 |       operator>>(ios_base& (*__pf)(ios_base&))
      |       ^~~~~~~~
C:/msys64/mingw64/include/c++/12.1.0/istream:131:30: note:   no known conversion for argument 1 from 'const char [2]' to 'std::ios_base& (*)(std::ios_base&)'
  131 |       operator>>(ios_base& (*__pf)(ios_base&))
      |                  ~~~~~~~~~~~~^~~~~~~~~~~~~~~~
C:/msys64/mingw64/include/c++/12.1.0/istream:214:7: note: candidate: 'std::basic_istream<_CharT, _Traits>::__istream_type& std::basic_istream<_CharT, _Traits>::operator>>(float&) [with _CharT = char; _Traits = std::char_traits<char>; __istream_type = std::basic_istream<char>]'
  214 |       operator>>(float& __f)
      |       ^~~~~~~~
C:/msys64/mingw64/include/c++/12.1.0/istream:214:25: note:   no known conversion for argument 1 from 'const char [2]' to 'float&'
  214 |       operator>>(float& __f)
      |                  ~~~~~~~^~~
C:/msys64/mingw64/include/c++/12.1.0/istream:218:7: note: candidate: 'std::basic_istream<_CharT, _Traits>::__istream_type& std::basic_istream<_CharT, _Traits>::operator>>(double&) [with _CharT = char; _Traits = std::char_traits<char>; __istream_type = std::basic_istream<char>]'
  218 |       operator>>(double& __f)
      |       ^~~~~~~~
C:/msys64/mingw64/include/c++/12.1.0/istream:218:26: note:   no known conversion for argument 1 from 'const char [2]' to 'double&'
  218 |       operator>>(double& __f)
      |                  ~~~~~~~~^~~
C:/msys64/mingw64/include/c++/12.1.0/istream:222:7: note: candidate: 'std::basic_istream<_CharT, _Traits>::__istream_type& std::basic_istream<_CharT, _Traits>::operator>>(long double&) [with _CharT = char; _Traits = std::char_traits<char>; __istream_type = std::basic_istream<char>]'
  222 |       operator>>(long double& __f)
      |       ^~~~~~~~
C:/msys64/mingw64/include/c++/12.1.0/istream:222:31: note:   no known conversion for argument 1 from 'const char [2]' to 'long double&'
  222 |       operator>>(long double& __f)
      |                  ~~~~~~~~~~~~~^~~
C:/msys64/mingw64/include/c++/12.1.0/istream:259:7: note: candidate: 'std::basic_istream<_CharT, _Traits>& std::basic_istream<_CharT, _Traits>::operator>>(__streambuf_type*) [with _CharT = char; _Traits = std::char_traits<char>; __streambuf_type = std::basic_streambuf<char>]'
  259 |       operator>>(__streambuf_type* __sb);
      |       ^~~~~~~~
C:/msys64/mingw64/include/c++/12.1.0/istream:259:36: note:   no known conversion for argument 1 from 'const char [2]' to 'std::basic_istream<char>::__streambuf_type*' {aka 'std::basic_streambuf<char>*'}
  259 |       operator>>(__streambuf_type* __sb);
      |                  ~~~~~~~~~~~~~~~~~~^~~~
In file included from C:/msys64/mingw64/include/c++/12.1.0/string:54,
                 from ..\user.hpp:11,
                 from ..\login_handler.hpp:10:
C:/msys64/mingw64/include/c++/12.1.0/bits/basic_string.tcc:940:5: note: candidate: 'template<class _CharT, class _Traits, class _Alloc> std::basic_istream<_CharT, _Traits>& std::operator>>(basic_istream<_CharT, _Traits>&, __cxx11::basic_string<_CharT, _Traits, _Allocator>&)'
  940 |     operator>>(basic_istream<_CharT, _Traits>& __in,
      |     ^~~~~~~~
C:/msys64/mingw64/include/c++/12.1.0/bits/basic_string.tcc:940:5: note:   template argument deduction/substitution failed:
..\login_handler.cpp:36:22: note:   mismatched types 'std::__cxx11::basic_string<_CharT, _Traits, _Allocator>' and 'const char [2]'
   36 |         iss >> id >> "," >> username >> "," >>password >> "," >> allowAnonQs;
      |                      ^~~
In file included from C:/msys64/mingw64/include/c++/12.1.0/istream:995:
C:/msys64/mingw64/include/c++/12.1.0/bits/istream.tcc:960:5: note: candidate: 'template<class _CharT, class _Traits> std::basic_istream<_CharT, _Traits>& std::operator>>(basic_istream<_CharT, _Traits>&, _CharT&)'
  960 |     operator>>(basic_istream<_CharT, _Traits>& __in, _CharT& __c)
      |     ^~~~~~~~
C:/msys64/mingw64/include/c++/12.1.0/bits/istream.tcc:960:5: note:   template argument deduction/substitution failed:
..\login_handler.cpp:36:22: note:   deduced conflicting types for parameter '_CharT' ('char' and 'const char [2]')
   36 |         iss >> id >> "," >> username >> "," >>password >> "," >> allowAnonQs;
      |                      ^~~
C:/msys64/mingw64/include/c++/12.1.0/istream:756:5: note: candidate: 'template<class _Traits> std::basic_istream<char, _Traits>& std::operator>>(basic_istream<char, _Traits>&, unsigned char&)'
  756 |     operator>>(basic_istream<char, _Traits>& __in, unsigned char& __c)
      |     ^~~~~~~~
C:/msys64/mingw64/include/c++/12.1.0/istream:756:5: note:   template argument deduction/substitution failed:
..\login_handler.cpp:36:22: note:   cannot convert '","' (type 'const char [2]') to type 'unsigned char&'
   36 |         iss >> id >> "," >> username >> "," >>password >> "," >> allowAnonQs;
      |                      ^~~
C:/msys64/mingw64/include/c++/12.1.0/istream:761:5: note: candidate: 'template<class _Traits> std::basic_istream<char, _Traits>& std::operator>>(basic_istream<char, _Traits>&, signed char&)'
  761 |     operator>>(basic_istream<char, _Traits>& __in, signed char& __c)
      |     ^~~~~~~~
C:/msys64/mingw64/include/c++/12.1.0/istream:761:5: note:   template argument deduction/substitution failed:
..\login_handler.cpp:36:22: note:   cannot convert '","' (type 'const char [2]') to type 'signed char&'
   36 |         iss >> id >> "," >> username >> "," >>password >> "," >> allowAnonQs;
      |                      ^~~
C:/msys64/mingw64/include/c++/12.1.0/istream:803:5: note: candidate: 'template<class _CharT, class _Traits> std::basic_istream<_CharT, _Traits>& std::operator>>(basic_istream<_CharT, _Traits>&, _CharT*)'
  803 |     operator>>(basic_istream<_CharT, _Traits>& __in, _CharT* __s)
      |     ^~~~~~~~
C:/msys64/mingw64/include/c++/12.1.0/istream:803:5: note:   template argument deduction/substitution failed:
..\login_handler.cpp:36:22: note:   deduced conflicting types for parameter '_CharT' ('char' and 'const char')
   36 |         iss >> id >> "," >> username >> "," >>password >> "," >> allowAnonQs;
      |                      ^~~
C:/msys64/mingw64/include/c++/12.1.0/istream:825:5: note: candidate: 'template<class _Traits> std::basic_istream<char, _Traits>& std::operator>>(basic_istream<char, _Traits>&, unsigned char*)'
  825 |     operator>>(basic_istream<char, _Traits>& __in, unsigned char* __s)
      |     ^~~~~~~~
C:/msys64/mingw64/include/c++/12.1.0/istream:825:5: note:   template argument deduction/substitution failed:
..\login_handler.cpp:36:22: note:   cannot convert '","' (type 'const char [2]') to type 'unsigned char*'
   36 |         iss >> id >> "," >> username >> "," >>password >> "," >> allowAnonQs;
      |                      ^~~
C:/msys64/mingw64/include/c++/12.1.0/istream:831:5: note: candidate: 'template<class _Traits> std::basic_istream<char, _Traits>& std::operator>>(basic_istream<char, _Traits>&, signed char*)'
  831 |     operator>>(basic_istream<char, _Traits>& __in, signed char* __s)
      |     ^~~~~~~~
C:/msys64/mingw64/include/c++/12.1.0/istream:831:5: note:   template argument deduction/substitution failed:
..\login_handler.cpp:36:22: note:   cannot convert '","' (type 'const char [2]') to type 'signed char*'
   36 |         iss >> id >> "," >> username >> "," >>password >> "," >> allowAnonQs;
      |                      ^~~
C:/msys64/mingw64/include/c++/12.1.0/istream:985:5: note: candidate: 'template<class _Istream, class _Tp> _Istream&& std::operator>>(_Istream&&, _Tp&&)'
  985 |     operator>>(_Istream&& __is, _Tp&& __x)
      |     ^~~~~~~~
C:/msys64/mingw64/include/c++/12.1.0/istream:985:5: note:   template argument deduction/substitution failed:
C:/msys64/mingw64/include/c++/12.1.0/istream: In substitution of 'template<class _Istream, class _Tp> _Istream&& std::operator>>(_Istream&&, _Tp&&) [with _Istream = std::basic_istream<char>&; _Tp = const char (&)[2]]':
..\login_handler.cpp:36:22:   required from here
C:/msys64/mingw64/include/c++/12.1.0/istream:985:5: error: no type named 'type' in 'struct std::enable_if<false, void>'
13:57:06 **** Incremental Build of configuration Debug for project askme-project ****
Info: Internal Builder is used for build
g++ -O0 -g3 -Wall -c -fmessage-length=0 -o login_handler.o "..\\login_handler.cpp" 
g++ -o askme-project.exe app.o error.o login_handler.o main.o menu.o signup_handler.o 
Info: Nothing to build for askme-project
17:17:48 **** Incremental Build of configuration Debug for project askme-project ****
Info: Internal Builder is used for build
g++ -O0 -g3 -Wall -c -fmessage-length=0 -o main.o "..\\main.cpp" 
g++ -O0 -g3 -Wall -c -fmessage-length=0 -o users_db.o "..\\users_db.cpp" 
..\users_db.cpp: In member function 'std::pair<User, bool> UsersDb::get_user(int)':
..\users_db.cpp:47:24: error: could not convert '0' from 'int' to 'std::pair<User, bool>'
   47 |                 return 0;
      |                        ^
      |                        |
      |                        int
..\users_db.cpp: At global scope:
..\users_db.cpp:111:6: error: 'UserDb' has not been declared
  111 | void UserDb::print(){
      |      ^~~~~~
17:18:00 **** Incremental Build of configuration Debug for project askme-project ****
Info: Internal Builder is used for build
g++ -O0 -g3 -Wall -c -fmessage-length=0 -o login_handler.o "..\\login_handler.cpp" 
g++ -O0 -g3 -Wall -c -fmessage-length=0 -o app.o "..\\app.cpp" 
..\app.cpp: In function 'std::pair<User, bool> id_exist(int)':
..\app.cpp:50:24: error: could not convert '0' from 'int' to 'std::pair<User, bool>'
   50 |                 return 0;
      |                        ^
      |                        |
      |                        int
..\app.cpp: In member function 'void App::ask(User)':
..\app.cpp:88:27: error: expression cannot be used as a function
   88 |         if(userPair.second())
      |            ~~~~~~~~~~~~~~~^~
17:18:33 **** Incremental Build of configuration Debug for project askme-project ****
Info: Internal Builder is used for build
g++ -O0 -g3 -Wall -c -fmessage-length=0 -o app.o "..\\app.cpp" 
..\app.cpp: In function 'std::pair<User, bool> id_exist(int)':
..\app.cpp:50:24: error: could not convert '0' from 'int' to 'std::pair<User, bool>'
   50 |                 return 0;
      |                        ^
      |                        |
      |                        int
17:18:57 **** Incremental Build of configuration Debug for project askme-project ****
Info: Internal Builder is used for build
g++ -O0 -g3 -Wall -c -fmessage-length=0 -o database_manager.o "..\\database_manager.cpp" 
g++ -O0 -g3 -Wall -c -fmessage-length=0 -o users_db.o "..\\users_db.cpp" 
..\users_db.cpp: In member function 'std::pair<User, bool> UsersDb::get_user(int)':
..\users_db.cpp:47:24: error: could not convert '0' from 'int' to 'std::pair<User, bool>'
   47 |                 return 0;
      |                        ^
      |                        |
      |                        int
17:19:10 **** Incremental Build of configuration Debug for project askme-project ****
Info: Internal Builder is used for build
g++ -O0 -g3 -Wall -c -fmessage-length=0 -o users_db.o "..\\users_db.cpp" 
g++ -O0 -g3 -Wall -c -fmessage-length=0 -o signup_handler.o "..\\signup_handler.cpp" 
..\signup_handler.cpp: In member function 'bool Signup_handler::signup()':
..\signup_handler.cpp:16:13: warning: unused variable 'id' [-Wunused-variable]
   16 |         int id;
      |             ^~
..\signup_handler.cpp:18:14: warning: unused variable 'allowAnonQs' [-Wunused-variable]
   18 |         bool allowAnonQs;
      |              ^~~~~~~~~~~
g++ -O0 -g3 -Wall -c -fmessage-length=0 -o app.o "..\\app.cpp" 
g++ -O0 -g3 -Wall -c -fmessage-length=0 -o error.o "..\\error.cpp" 
g++ -o askme-project.exe app.o database_manager.o error.o login_handler.o main.o menu.o signup_handler.o users_db.o 
C:/msys64/mingw64/bin/../lib/gcc/x86_64-w64-mingw32/12.1.0/../../../../x86_64-w64-mingw32/bin/ld.exe: login_handler.o: in function `Login_handler::login()':
H:\Career\Courses\C-C++ Data Structures & Algorithms\Dr Mostafa Saad\01-Mastering 4 critical SKILLS using C++ 17\Projects\01-Askme Project\askme-project\Debug/../login_handler.cpp:22: undefined reference to `UsersDb::get_user_login(User)'
collect2.exe: error: ld returned 1 exit status
17:20:41 **** Incremental Build of configuration Debug for project askme-project ****
Info: Internal Builder is used for build
g++ -O0 -g3 -Wall -c -fmessage-length=0 -o login_handler.o "..\\login_handler.cpp" 
g++ -o askme-project.exe app.o database_manager.o error.o login_handler.o main.o menu.o signup_handler.o users_db.o 
C:/msys64/mingw64/bin/../lib/gcc/x86_64-w64-mingw32/12.1.0/../../../../x86_64-w64-mingw32/bin/ld.exe: login_handler.o: in function `Login_handler::login()':
H:\Career\Courses\C-C++ Data Structures & Algorithms\Dr Mostafa Saad\01-Mastering 4 critical SKILLS using C++ 17\Projects\01-Askme Project\askme-project\Debug/../login_handler.cpp:22: undefined reference to `UsersDb::get_user_login(User)'
collect2.exe: error: ld returned 1 exit status
17:21:28 **** Incremental Build of configuration Debug for project askme-project ****
Info: Internal Builder is used for build
g++ -O0 -g3 -Wall -c -fmessage-length=0 -o users_db.o "..\\users_db.cpp" 
g++ -o askme-project.exe app.o database_manager.o error.o login_handler.o main.o menu.o signup_handler.o users_db.o 
17:23:07 **** Incremental Build of configuration Debug for project askme-project ****
Info: Internal Builder is used for build
g++ -O0 -g3 -Wall -c -fmessage-length=0 -o login_handler.o "..\\login_handler.cpp" 
g++ -O0 -g3 -Wall -c -fmessage-length=0 -o app.o "..\\app.cpp" 
g++ -o askme-project.exe app.o database_manager.o error.o login_handler.o main.o menu.o signup_handler.o users_db.o 
Info: Nothing to build for askme-project
17:25:07 **** Incremental Build of configuration Debug for project askme-project ****
Info: Internal Builder is used for build
g++ -O0 -g3 -Wall -c -fmessage-length=0 -o login_handler.o "..\\login_handler.cpp" 
g++ -o askme-project.exe app.o database_manager.o error.o login_handler.o main.o menu.o signup_handler.o users_db.o 
Info: Nothing to build for askme-project
17:25:38 **** Incremental Build of configuration Debug for project askme-project ****
Info: Internal Builder is used for build
g++ -O0 -g3 -Wall -c -fmessage-length=0 -o login_handler.o "..\\login_handler.cpp" 
g++ -o askme-project.exe app.o database_manager.o error.o login_handler.o main.o menu.o signup_handler.o users_db.o 
C:/msys64/mingw64/bin/../lib/gcc/x86_64-w64-mingw32/12.1.0/../../../../x86_64-w64-mingw32/bin/ld.exe: cannot open output file askme-project.exe: Permission denied
collect2.exe: error: ld returned 1 exit status
17:25:50 **** Incremental Build of configuration Debug for project askme-project ****
Info: Internal Builder is used for build
g++ -o askme-project.exe app.o database_manager.o error.o login_handler.o main.o menu.o signup_handler.o users_db.o 
Info: Nothing to build for askme-project
17:27:38 **** Incremental Build of configuration Debug for project askme-project ****
Info: Internal Builder is used for build
g++ -O0 -g3 -Wall -c -fmessage-length=0 -o users_db.o "..\\users_db.cpp" 
g++ -o askme-project.exe app.o database_manager.o error.o login_handler.o main.o menu.o signup_handler.o users_db.o 
Info: Nothing to build for askme-project
Info: Nothing to build for askme-project
Info: Nothing to build for askme-project
17:29:32 **** Incremental Build of configuration Debug for project askme-project ****
Info: Internal Builder is used for build
g++ -O0 -g3 -Wall -c -fmessage-length=0 -o users_db.o "..\\users_db.cpp" 
g++ -o askme-project.exe app.o database_manager.o error.o login_handler.o main.o menu.o signup_handler.o users_db.o 
Info: Nothing to build for askme-project
17:33:34 **** Incremental Build of configuration Debug for project askme-project ****
Info: Internal Builder is used for build
g++ -O0 -g3 -Wall -c -fmessage-length=0 -o users_db.o "..\\users_db.cpp" 
..\users_db.cpp: In member function 'std::pair<User, bool> UsersDb::get_user_login(User)':
..\users_db.cpp:83:14: error: no match for 'operator>>' (operand types are 'std::string' {aka 'std::__cxx11::basic_string<char>'} and 'int')
   83 |         line >> user.id >> username >> password >> user.allowAnonQs;
      |         ~~~~ ^~ ~~~~~~~
      |         |            |
      |         |            int
      |         std::string {aka std::__cxx11::basic_string<char>}
In file included from C:/msys64/mingw64/include/c++/12.1.0/string:54,
                 from ..\user.hpp:11,
                 from ..\users_db.hpp:11,
                 from ..\users_db.cpp:8:
C:/msys64/mingw64/include/c++/12.1.0/bits/basic_string.tcc:940:5: note: candidate: 'template<class _CharT, class _Traits, class _Alloc> std::basic_istream<_CharT, _Traits>& std::operator>>(basic_istream<_CharT, _Traits>&, __cxx11::basic_string<_CharT, _Traits, _Allocator>&)'
  940 |     operator>>(basic_istream<_CharT, _Traits>& __in,
      |     ^~~~~~~~
C:/msys64/mingw64/include/c++/12.1.0/bits/basic_string.tcc:940:5: note:   template argument deduction/substitution failed:
..\users_db.cpp:83:22: note:   'std::string' {aka 'std::__cxx11::basic_string<char>'} is not derived from 'std::basic_istream<_CharT, _Traits>'
   83 |         line >> user.id >> username >> password >> user.allowAnonQs;
      |                      ^~
In file included from C:/msys64/mingw64/include/c++/12.1.0/istream:995,
                 from C:/msys64/mingw64/include/c++/12.1.0/iostream:40,
                 from ..\users_db.cpp:10:
C:/msys64/mingw64/include/c++/12.1.0/bits/istream.tcc:960:5: note: candidate: 'template<class _CharT, class _Traits> std::basic_istream<_CharT, _Traits>& std::operator>>(basic_istream<_CharT, _Traits>&, _CharT&)'
  960 |     operator>>(basic_istream<_CharT, _Traits>& __in, _CharT& __c)
      |     ^~~~~~~~
C:/msys64/mingw64/include/c++/12.1.0/bits/istream.tcc:960:5: note:   template argument deduction/substitution failed:
..\users_db.cpp:83:22: note:   'std::string' {aka 'std::__cxx11::basic_string<char>'} is not derived from 'std::basic_istream<_CharT, _Traits>'
   83 |         line >> user.id >> username >> password >> user.allowAnonQs;
      |                      ^~
C:/msys64/mingw64/include/c++/12.1.0/istream:756:5: note: candidate: 'template<class _Traits> std::basic_istream<char, _Traits>& std::operator>>(basic_istream<char, _Traits>&, unsigned char&)'
  756 |     operator>>(basic_istream<char, _Traits>& __in, unsigned char& __c)
      |     ^~~~~~~~
C:/msys64/mingw64/include/c++/12.1.0/istream:756:5: note:   template argument deduction/substitution failed:
..\users_db.cpp:83:22: note:   'std::string' {aka 'std::__cxx11::basic_string<char>'} is not derived from 'std::basic_istream<char, _Traits>'
   83 |         line >> user.id >> username >> password >> user.allowAnonQs;
      |                      ^~
C:/msys64/mingw64/include/c++/12.1.0/istream:761:5: note: candidate: 'template<class _Traits> std::basic_istream<char, _Traits>& std::operator>>(basic_istream<char, _Traits>&, signed char&)'
  761 |     operator>>(basic_istream<char, _Traits>& __in, signed char& __c)
      |     ^~~~~~~~
C:/msys64/mingw64/include/c++/12.1.0/istream:761:5: note:   template argument deduction/substitution failed:
..\users_db.cpp:83:22: note:   'std::string' {aka 'std::__cxx11::basic_string<char>'} is not derived from 'std::basic_istream<char, _Traits>'
   83 |         line >> user.id >> username >> password >> user.allowAnonQs;
      |                      ^~
C:/msys64/mingw64/include/c++/12.1.0/istream:803:5: note: candidate: 'template<class _CharT, class _Traits> std::basic_istream<_CharT, _Traits>& std::operator>>(basic_istream<_CharT, _Traits>&, _CharT*)'
  803 |     operator>>(basic_istream<_CharT, _Traits>& __in, _CharT* __s)
      |     ^~~~~~~~
C:/msys64/mingw64/include/c++/12.1.0/istream:803:5: note:   template argument deduction/substitution failed:
..\users_db.cpp:83:22: note:   'std::string' {aka 'std::__cxx11::basic_string<char>'} is not derived from 'std::basic_istream<_CharT, _Traits>'
   83 |         line >> user.id >> username >> password >> user.allowAnonQs;
      |                      ^~
C:/msys64/mingw64/include/c++/12.1.0/istream:825:5: note: candidate: 'template<class _Traits> std::basic_istream<char, _Traits>& std::operator>>(basic_istream<char, _Traits>&, unsigned char*)'
  825 |     operator>>(basic_istream<char, _Traits>& __in, unsigned char* __s)
      |     ^~~~~~~~
C:/msys64/mingw64/include/c++/12.1.0/istream:825:5: note:   template argument deduction/substitution failed:
..\users_db.cpp:83:22: note:   'std::string' {aka 'std::__cxx11::basic_string<char>'} is not derived from 'std::basic_istream<char, _Traits>'
   83 |         line >> user.id >> username >> password >> user.allowAnonQs;
      |                      ^~
C:/msys64/mingw64/include/c++/12.1.0/istream:831:5: note: candidate: 'template<class _Traits> std::basic_istream<char, _Traits>& std::operator>>(basic_istream<char, _Traits>&, signed char*)'
  831 |     operator>>(basic_istream<char, _Traits>& __in, signed char* __s)
      |     ^~~~~~~~
C:/msys64/mingw64/include/c++/12.1.0/istream:831:5: note:   template argument deduction/substitution failed:
..\users_db.cpp:83:22: note:   'std::string' {aka 'std::__cxx11::basic_string<char>'} is not derived from 'std::basic_istream<char, _Traits>'
   83 |         line >> user.id >> username >> password >> user.allowAnonQs;
      |                      ^~
C:/msys64/mingw64/include/c++/12.1.0/istream:985:5: note: candidate: 'template<class _Istream, class _Tp> _Istream&& std::operator>>(_Istream&&, _Tp&&)'
  985 |     operator>>(_Istream&& __is, _Tp&& __x)
      |     ^~~~~~~~
C:/msys64/mingw64/include/c++/12.1.0/istream:985:5: note:   template argument deduction/substitution failed:
C:/msys64/mingw64/include/c++/12.1.0/istream: In substitution of 'template<class _Istream, class _Tp> _Istream&& std::operator>>(_Istream&&, _Tp&&) [with _Istream = std::__cxx11::basic_string<char>&; _Tp = int&]':
..\users_db.cpp:83:22:   required from here
C:/msys64/mingw64/include/c++/12.1.0/istream:985:5: error: no type named 'type' in 'struct std::enable_if<false, void>'
17:35:05 **** Incremental Build of configuration Debug for project askme-project ****
Info: Internal Builder is used for build
g++ -O0 -g3 -Wall -c -fmessage-length=0 -o users_db.o "..\\users_db.cpp" 
g++ -o askme-project.exe app.o database_manager.o error.o login_handler.o main.o menu.o signup_handler.o users_db.o 
17:37:46 **** Incremental Build of configuration Debug for project askme-project ****
Info: Internal Builder is used for build
g++ -O0 -g3 -Wall -c -fmessage-length=0 -o users_db.o "..\\users_db.cpp" 
g++ -o askme-project.exe app.o database_manager.o error.o login_handler.o main.o menu.o signup_handler.o users_db.o 
Info: Nothing to build for askme-project
Info: Nothing to build for askme-project
Info: Nothing to build for askme-project
17:39:14 **** Incremental Build of configuration Debug for project askme-project ****
Info: Internal Builder is used for build
g++ -O0 -g3 -Wall -c -fmessage-length=0 -o users_db.o "..\\users_db.cpp" 
g++ -o askme-project.exe app.o database_manager.o error.o login_handler.o main.o menu.o signup_handler.o users_db.o 
Info: Nothing to build for askme-project
19:50:02 **** Incremental Build of configuration Debug for project askme-project ****
Info: Internal Builder is used for build
g++ -O0 -g3 -Wall -c -fmessage-length=0 -o users_db.o "..\\users_db.cpp" 
g++ -o askme-project.exe app.o database_manager.o error.o login_handler.o main.o menu.o signup_handler.o users_db.o 
Info: Nothing to build for askme-project
19:51:32 **** Incremental Build of configuration Debug for project askme-project ****
Info: Internal Builder is used for build
g++ -O0 -g3 -Wall -c -fmessage-length=0 -o users_db.o "..\\users_db.cpp" 
g++ -o askme-project.exe app.o database_manager.o error.o login_handler.o main.o menu.o signup_handler.o users_db.o 
Info: Nothing to build for askme-project
19:54:17 **** Incremental Build of configuration Debug for project askme-project ****
Info: Internal Builder is used for build
g++ -O0 -g3 -Wall -c -fmessage-length=0 -o users_db.o "..\\users_db.cpp" 
..\users_db.cpp: In member function 'std::pair<User, bool> UsersDb::get_user_login(User)':
..\users_db.cpp:81:24: error: no matching function for call to 'getline(std::fstream&, std::string&, const char [2])'
   81 |     while (std::getline(file_handler, line, ","))
      |            ~~~~~~~~~~~~^~~~~~~~~~~~~~~~~~~~~~~~~
In file included from C:/msys64/mingw64/include/c++/12.1.0/string:54,
                 from ..\user.hpp:11,
                 from ..\users_db.hpp:11,
                 from ..\users_db.cpp:8:
C:/msys64/mingw64/include/c++/12.1.0/bits/basic_string.tcc:1012:5: note: candidate: 'template<class _CharT, class _Traits, class _Alloc> std::basic_istream<_CharT, _Traits>& std::getline(basic_istream<_CharT, _Traits>&, __cxx11::basic_string<_CharT, _Traits, _Allocator>&, _CharT)'
 1012 |     getline(basic_istream<_CharT, _Traits>& __in,
      |     ^~~~~~~
C:/msys64/mingw64/include/c++/12.1.0/bits/basic_string.tcc:1012:5: note:   template argument deduction/substitution failed:
..\users_db.cpp:81:24: note:   deduced conflicting types for parameter '_CharT' ('char' and 'const char*')
   81 |     while (std::getline(file_handler, line, ","))
      |            ~~~~~~~~~~~~^~~~~~~~~~~~~~~~~~~~~~~~~
In file included from C:/msys64/mingw64/include/c++/12.1.0/string:53:
C:/msys64/mingw64/include/c++/12.1.0/bits/basic_string.h:3923:5: note: candidate: 'template<class _CharT, class _Traits, class _Alloc> std::basic_istream<_CharT, _Traits>& std::getline(basic_istream<_CharT, _Traits>&, __cxx11::basic_string<_CharT, _Traits, _Allocator>&)'
 3923 |     getline(basic_istream<_CharT, _Traits>& __is,
      |     ^~~~~~~
C:/msys64/mingw64/include/c++/12.1.0/bits/basic_string.h:3923:5: note:   template argument deduction/substitution failed:
..\users_db.cpp:81:24: note:   candidate expects 2 arguments, 3 provided
   81 |     while (std::getline(file_handler, line, ","))
      |            ~~~~~~~~~~~~^~~~~~~~~~~~~~~~~~~~~~~~~
C:/msys64/mingw64/include/c++/12.1.0/bits/basic_string.h:3931:5: note: candidate: 'template<class _CharT, class _Traits, class _Alloc> std::basic_istream<_CharT, _Traits>& std::getline(basic_istream<_CharT, _Traits>&&, __cxx11::basic_string<_CharT, _Traits, _Allocator>&, _CharT)'
 3931 |     getline(basic_istream<_CharT, _Traits>&& __is,
      |     ^~~~~~~
C:/msys64/mingw64/include/c++/12.1.0/bits/basic_string.h:3931:5: note:   template argument deduction/substitution failed:
..\users_db.cpp:81:24: note:   deduced conflicting types for parameter '_CharT' ('char' and 'const char*')
   81 |     while (std::getline(file_handler, line, ","))
      |            ~~~~~~~~~~~~^~~~~~~~~~~~~~~~~~~~~~~~~
C:/msys64/mingw64/include/c++/12.1.0/bits/basic_string.h:3938:5: note: candidate: 'template<class _CharT, class _Traits, class _Alloc> std::basic_istream<_CharT, _Traits>& std::getline(basic_istream<_CharT, _Traits>&&, __cxx11::basic_string<_CharT, _Traits, _Allocator>&)'
 3938 |     getline(basic_istream<_CharT, _Traits>&& __is,
      |     ^~~~~~~
C:/msys64/mingw64/include/c++/12.1.0/bits/basic_string.h:3938:5: note:   template argument deduction/substitution failed:
..\users_db.cpp:81:24: note:   candidate expects 2 arguments, 3 provided
   81 |     while (std::getline(file_handler, line, ","))
      |            ~~~~~~~~~~~~^~~~~~~~~~~~~~~~~~~~~~~~~
19:54:27 **** Incremental Build of configuration Debug for project askme-project ****
Info: Internal Builder is used for build
g++ -O0 -g3 -Wall -c -fmessage-length=0 -o users_db.o "..\\users_db.cpp" 
g++ -o askme-project.exe app.o database_manager.o error.o login_handler.o main.o menu.o signup_handler.o users_db.o 
C:/msys64/mingw64/bin/../lib/gcc/x86_64-w64-mingw32/12.1.0/../../../../x86_64-w64-mingw32/bin/ld.exe: cannot open output file askme-project.exe: Permission denied
collect2.exe: error: ld returned 1 exit status
19:54:38 **** Incremental Build of configuration Debug for project askme-project ****
Info: Internal Builder is used for build
g++ -O0 -g3 -Wall -c -fmessage-length=0 -o users_db.o "..\\users_db.cpp" 
..\users_db.cpp: In member function 'std::pair<User, bool> UsersDb::get_user_login(User)':
..\users_db.cpp:81:24: error: no matching function for call to 'getline(std::fstream&, std::string&, const char [2])'
   81 |     while (std::getline(file_handler, line, ","))
      |            ~~~~~~~~~~~~^~~~~~~~~~~~~~~~~~~~~~~~~
In file included from C:/msys64/mingw64/include/c++/12.1.0/string:54,
                 from ..\user.hpp:11,
                 from ..\users_db.hpp:11,
                 from ..\users_db.cpp:8:
C:/msys64/mingw64/include/c++/12.1.0/bits/basic_string.tcc:1012:5: note: candidate: 'template<class _CharT, class _Traits, class _Alloc> std::basic_istream<_CharT, _Traits>& std::getline(basic_istream<_CharT, _Traits>&, __cxx11::basic_string<_CharT, _Traits, _Allocator>&, _CharT)'
 1012 |     getline(basic_istream<_CharT, _Traits>& __in,
      |     ^~~~~~~
C:/msys64/mingw64/include/c++/12.1.0/bits/basic_string.tcc:1012:5: note:   template argument deduction/substitution failed:
..\users_db.cpp:81:24: note:   deduced conflicting types for parameter '_CharT' ('char' and 'const char*')
   81 |     while (std::getline(file_handler, line, ","))
      |            ~~~~~~~~~~~~^~~~~~~~~~~~~~~~~~~~~~~~~
In file included from C:/msys64/mingw64/include/c++/12.1.0/string:53:
C:/msys64/mingw64/include/c++/12.1.0/bits/basic_string.h:3923:5: note: candidate: 'template<class _CharT, class _Traits, class _Alloc> std::basic_istream<_CharT, _Traits>& std::getline(basic_istream<_CharT, _Traits>&, __cxx11::basic_string<_CharT, _Traits, _Allocator>&)'
 3923 |     getline(basic_istream<_CharT, _Traits>& __is,
      |     ^~~~~~~
C:/msys64/mingw64/include/c++/12.1.0/bits/basic_string.h:3923:5: note:   template argument deduction/substitution failed:
..\users_db.cpp:81:24: note:   candidate expects 2 arguments, 3 provided
   81 |     while (std::getline(file_handler, line, ","))
      |            ~~~~~~~~~~~~^~~~~~~~~~~~~~~~~~~~~~~~~
C:/msys64/mingw64/include/c++/12.1.0/bits/basic_string.h:3931:5: note: candidate: 'template<class _CharT, class _Traits, class _Alloc> std::basic_istream<_CharT, _Traits>& std::getline(basic_istream<_CharT, _Traits>&&, __cxx11::basic_string<_CharT, _Traits, _Allocator>&, _CharT)'
 3931 |     getline(basic_istream<_CharT, _Traits>&& __is,
      |     ^~~~~~~
C:/msys64/mingw64/include/c++/12.1.0/bits/basic_string.h:3931:5: note:   template argument deduction/substitution failed:
..\users_db.cpp:81:24: note:   deduced conflicting types for parameter '_CharT' ('char' and 'const char*')
   81 |     while (std::getline(file_handler, line, ","))
      |            ~~~~~~~~~~~~^~~~~~~~~~~~~~~~~~~~~~~~~
C:/msys64/mingw64/include/c++/12.1.0/bits/basic_string.h:3938:5: note: candidate: 'template<class _CharT, class _Traits, class _Alloc> std::basic_istream<_CharT, _Traits>& std::getline(basic_istream<_CharT, _Traits>&&, __cxx11::basic_string<_CharT, _Traits, _Allocator>&)'
 3938 |     getline(basic_istream<_CharT, _Traits>&& __is,
      |     ^~~~~~~
C:/msys64/mingw64/include/c++/12.1.0/bits/basic_string.h:3938:5: note:   template argument deduction/substitution failed:
..\users_db.cpp:81:24: note:   candidate expects 2 arguments, 3 provided
   81 |     while (std::getline(file_handler, line, ","))
      |            ~~~~~~~~~~~~^~~~~~~~~~~~~~~~~~~~~~~~~
19:54:45 **** Incremental Build of configuration Debug for project askme-project ****
Info: Internal Builder is used for build
g++ -O0 -g3 -Wall -c -fmessage-length=0 -o users_db.o "..\\users_db.cpp" 
g++ -o askme-project.exe app.o database_manager.o error.o login_handler.o main.o menu.o signup_handler.o users_db.o 
Info: Nothing to build for askme-project
19:58:30 **** Incremental Build of configuration Debug for project askme-project ****
Info: Internal Builder is used for build
g++ -O0 -g3 -Wall -c -fmessage-length=0 -o users_db.o "..\\users_db.cpp" 
g++ -o askme-project.exe app.o database_manager.o error.o login_handler.o main.o menu.o signup_handler.o users_db.o 
C:/msys64/mingw64/bin/../lib/gcc/x86_64-w64-mingw32/12.1.0/../../../../x86_64-w64-mingw32/bin/ld.exe: cannot open output file askme-project.exe: Permission denied
collect2.exe: error: ld returned 1 exit status
19:58:33 **** Incremental Build of configuration Debug for project askme-project ****
Info: Internal Builder is used for build
g++ -o askme-project.exe app.o database_manager.o error.o login_handler.o main.o menu.o signup_handler.o users_db.o 
Info: Nothing to build for askme-project
20:00:04 **** Incremental Build of configuration Debug for project askme-project ****
Info: Internal Builder is used for build
g++ -O0 -g3 -Wall -c -fmessage-length=0 -o users_db.o "..\\users_db.cpp" 
..\users_db.cpp: In member function 'std::pair<User, bool> UsersDb::get_user_login(User)':
..\users_db.cpp:85:21: error: no matching function for call to 'getline(std::string&, int&, char)'
   85 |         std::getline(line, user.id, ',');
      |         ~~~~~~~~~~~~^~~~~~~~~~~~~~~~~~~~
In file included from C:/msys64/mingw64/include/c++/12.1.0/string:54,
                 from ..\user.hpp:11,
                 from ..\users_db.hpp:11,
                 from ..\users_db.cpp:8:
C:/msys64/mingw64/include/c++/12.1.0/bits/basic_string.tcc:1012:5: note: candidate: 'template<class _CharT, class _Traits, class _Alloc> std::basic_istream<_CharT, _Traits>& std::getline(basic_istream<_CharT, _Traits>&, __cxx11::basic_string<_CharT, _Traits, _Allocator>&, _CharT)'
 1012 |     getline(basic_istream<_CharT, _Traits>& __in,
      |     ^~~~~~~
C:/msys64/mingw64/include/c++/12.1.0/bits/basic_string.tcc:1012:5: note:   template argument deduction/substitution failed:
..\users_db.cpp:85:21: note:   'std::string' {aka 'std::__cxx11::basic_string<char>'} is not derived from 'std::basic_istream<_CharT, _Traits>'
   85 |         std::getline(line, user.id, ',');
      |         ~~~~~~~~~~~~^~~~~~~~~~~~~~~~~~~~
In file included from C:/msys64/mingw64/include/c++/12.1.0/string:53:
C:/msys64/mingw64/include/c++/12.1.0/bits/basic_string.h:3923:5: note: candidate: 'template<class _CharT, class _Traits, class _Alloc> std::basic_istream<_CharT, _Traits>& std::getline(basic_istream<_CharT, _Traits>&, __cxx11::basic_string<_CharT, _Traits, _Allocator>&)'
 3923 |     getline(basic_istream<_CharT, _Traits>& __is,
      |     ^~~~~~~
C:/msys64/mingw64/include/c++/12.1.0/bits/basic_string.h:3923:5: note:   template argument deduction/substitution failed:
..\users_db.cpp:85:21: note:   'std::string' {aka 'std::__cxx11::basic_string<char>'} is not derived from 'std::basic_istream<_CharT, _Traits>'
   85 |         std::getline(line, user.id, ',');
      |         ~~~~~~~~~~~~^~~~~~~~~~~~~~~~~~~~
C:/msys64/mingw64/include/c++/12.1.0/bits/basic_string.h:3931:5: note: candidate: 'template<class _CharT, class _Traits, class _Alloc> std::basic_istream<_CharT, _Traits>& std::getline(basic_istream<_CharT, _Traits>&&, __cxx11::basic_string<_CharT, _Traits, _Allocator>&, _CharT)'
 3931 |     getline(basic_istream<_CharT, _Traits>&& __is,
      |     ^~~~~~~
C:/msys64/mingw64/include/c++/12.1.0/bits/basic_string.h:3931:5: note:   template argument deduction/substitution failed:
..\users_db.cpp:85:21: note:   'std::string' {aka 'std::__cxx11::basic_string<char>'} is not derived from 'std::basic_istream<_CharT, _Traits>'
   85 |         std::getline(line, user.id, ',');
      |         ~~~~~~~~~~~~^~~~~~~~~~~~~~~~~~~~
C:/msys64/mingw64/include/c++/12.1.0/bits/basic_string.h:3938:5: note: candidate: 'template<class _CharT, class _Traits, class _Alloc> std::basic_istream<_CharT, _Traits>& std::getline(basic_istream<_CharT, _Traits>&&, __cxx11::basic_string<_CharT, _Traits, _Allocator>&)'
 3938 |     getline(basic_istream<_CharT, _Traits>&& __is,
      |     ^~~~~~~
C:/msys64/mingw64/include/c++/12.1.0/bits/basic_string.h:3938:5: note:   template argument deduction/substitution failed:
..\users_db.cpp:85:21: note:   'std::string' {aka 'std::__cxx11::basic_string<char>'} is not derived from 'std::basic_istream<_CharT, _Traits>'
   85 |         std::getline(line, user.id, ',');
      |         ~~~~~~~~~~~~^~~~~~~~~~~~~~~~~~~~
20:00:24 **** Incremental Build of configuration Debug for project askme-project ****
Info: Internal Builder is used for build
g++ -O0 -g3 -Wall -c -fmessage-length=0 -o users_db.o "..\\users_db.cpp" 
..\users_db.cpp: In member function 'std::pair<User, bool> UsersDb::get_user_login(User)':
..\users_db.cpp:85:21: error: no matching function for call to 'getline(std::stringstream&, int&, char)'
   85 |         std::getline(ss, user.id, ',');
      |         ~~~~~~~~~~~~^~~~~~~~~~~~~~~~~~
In file included from C:/msys64/mingw64/include/c++/12.1.0/string:54,
                 from ..\user.hpp:11,
                 from ..\users_db.hpp:11,
                 from ..\users_db.cpp:8:
C:/msys64/mingw64/include/c++/12.1.0/bits/basic_string.tcc:1012:5: note: candidate: 'template<class _CharT, class _Traits, class _Alloc> std::basic_istream<_CharT, _Traits>& std::getline(basic_istream<_CharT, _Traits>&, __cxx11::basic_string<_CharT, _Traits, _Allocator>&, _CharT)'
 1012 |     getline(basic_istream<_CharT, _Traits>& __in,
      |     ^~~~~~~
C:/msys64/mingw64/include/c++/12.1.0/bits/basic_string.tcc:1012:5: note:   template argument deduction/substitution failed:
..\users_db.cpp:85:21: note:   mismatched types 'std::__cxx11::basic_string<_CharT, _Traits, _Allocator>' and 'int'
   85 |         std::getline(ss, user.id, ',');
      |         ~~~~~~~~~~~~^~~~~~~~~~~~~~~~~~
In file included from C:/msys64/mingw64/include/c++/12.1.0/string:53:
C:/msys64/mingw64/include/c++/12.1.0/bits/basic_string.h:3923:5: note: candidate: 'template<class _CharT, class _Traits, class _Alloc> std::basic_istream<_CharT, _Traits>& std::getline(basic_istream<_CharT, _Traits>&, __cxx11::basic_string<_CharT, _Traits, _Allocator>&)'
 3923 |     getline(basic_istream<_CharT, _Traits>& __is,
      |     ^~~~~~~
C:/msys64/mingw64/include/c++/12.1.0/bits/basic_string.h:3923:5: note:   template argument deduction/substitution failed:
..\users_db.cpp:85:21: note:   mismatched types 'std::__cxx11::basic_string<_CharT, _Traits, _Allocator>' and 'int'
   85 |         std::getline(ss, user.id, ',');
      |         ~~~~~~~~~~~~^~~~~~~~~~~~~~~~~~
C:/msys64/mingw64/include/c++/12.1.0/bits/basic_string.h:3931:5: note: candidate: 'template<class _CharT, class _Traits, class _Alloc> std::basic_istream<_CharT, _Traits>& std::getline(basic_istream<_CharT, _Traits>&&, __cxx11::basic_string<_CharT, _Traits, _Allocator>&, _CharT)'
 3931 |     getline(basic_istream<_CharT, _Traits>&& __is,
      |     ^~~~~~~
C:/msys64/mingw64/include/c++/12.1.0/bits/basic_string.h:3931:5: note:   template argument deduction/substitution failed:
..\users_db.cpp:85:21: note:   mismatched types 'std::__cxx11::basic_string<_CharT, _Traits, _Allocator>' and 'int'
   85 |         std::getline(ss, user.id, ',');
      |         ~~~~~~~~~~~~^~~~~~~~~~~~~~~~~~
C:/msys64/mingw64/include/c++/12.1.0/bits/basic_string.h:3938:5: note: candidate: 'template<class _CharT, class _Traits, class _Alloc> std::basic_istream<_CharT, _Traits>& std::getline(basic_istream<_CharT, _Traits>&&, __cxx11::basic_string<_CharT, _Traits, _Allocator>&)'
 3938 |     getline(basic_istream<_CharT, _Traits>&& __is,
      |     ^~~~~~~
C:/msys64/mingw64/include/c++/12.1.0/bits/basic_string.h:3938:5: note:   template argument deduction/substitution failed:
..\users_db.cpp:85:21: note:   mismatched types 'std::__cxx11::basic_string<_CharT, _Traits, _Allocator>' and 'int'
   85 |         std::getline(ss, user.id, ',');
      |         ~~~~~~~~~~~~^~~~~~~~~~~~~~~~~~
20:00:49 **** Incremental Build of configuration Debug for project askme-project ****
Info: Internal Builder is used for build
g++ -O0 -g3 -Wall -c -fmessage-length=0 -o users_db.o "..\\users_db.cpp" 
..\users_db.cpp: In member function 'std::pair<User, bool> UsersDb::get_user_login(User)':
..\users_db.cpp:85:22: error: 'cin' was not declared in this scope; did you mean 'std::cin'?
   85 |         std::getline(cin, user.id, ',');
      |                      ^~~
      |                      std::cin
In file included from ..\users_db.cpp:10:
C:/msys64/mingw64/include/c++/12.1.0/iostream:60:18: note: 'std::cin' declared here
   60 |   extern istream cin;           /// Linked to standard input
      |                  ^~~
20:00:59 **** Incremental Build of configuration Debug for project askme-project ****
Info: Internal Builder is used for build
g++ -O0 -g3 -Wall -c -fmessage-length=0 -o users_db.o "..\\users_db.cpp" 
..\users_db.cpp: In member function 'std::pair<User, bool> UsersDb::get_user_login(User)':
..\users_db.cpp:85:21: error: no matching function for call to 'getline(std::istream&, int&, char)'
   85 |         std::getline(std::cin, user.id, ',');
      |         ~~~~~~~~~~~~^~~~~~~~~~~~~~~~~~~~~~~~
In file included from C:/msys64/mingw64/include/c++/12.1.0/string:54,
                 from ..\user.hpp:11,
                 from ..\users_db.hpp:11,
                 from ..\users_db.cpp:8:
C:/msys64/mingw64/include/c++/12.1.0/bits/basic_string.tcc:1012:5: note: candidate: 'template<class _CharT, class _Traits, class _Alloc> std::basic_istream<_CharT, _Traits>& std::getline(basic_istream<_CharT, _Traits>&, __cxx11::basic_string<_CharT, _Traits, _Allocator>&, _CharT)'
 1012 |     getline(basic_istream<_CharT, _Traits>& __in,
      |     ^~~~~~~
C:/msys64/mingw64/include/c++/12.1.0/bits/basic_string.tcc:1012:5: note:   template argument deduction/substitution failed:
..\users_db.cpp:85:21: note:   mismatched types 'std::__cxx11::basic_string<_CharT, _Traits, _Allocator>' and 'int'
   85 |         std::getline(std::cin, user.id, ',');
      |         ~~~~~~~~~~~~^~~~~~~~~~~~~~~~~~~~~~~~
In file included from C:/msys64/mingw64/include/c++/12.1.0/string:53:
C:/msys64/mingw64/include/c++/12.1.0/bits/basic_string.h:3923:5: note: candidate: 'template<class _CharT, class _Traits, class _Alloc> std::basic_istream<_CharT, _Traits>& std::getline(basic_istream<_CharT, _Traits>&, __cxx11::basic_string<_CharT, _Traits, _Allocator>&)'
 3923 |     getline(basic_istream<_CharT, _Traits>& __is,
      |     ^~~~~~~
C:/msys64/mingw64/include/c++/12.1.0/bits/basic_string.h:3923:5: note:   template argument deduction/substitution failed:
..\users_db.cpp:85:21: note:   mismatched types 'std::__cxx11::basic_string<_CharT, _Traits, _Allocator>' and 'int'
   85 |         std::getline(std::cin, user.id, ',');
      |         ~~~~~~~~~~~~^~~~~~~~~~~~~~~~~~~~~~~~
C:/msys64/mingw64/include/c++/12.1.0/bits/basic_string.h:3931:5: note: candidate: 'template<class _CharT, class _Traits, class _Alloc> std::basic_istream<_CharT, _Traits>& std::getline(basic_istream<_CharT, _Traits>&&, __cxx11::basic_string<_CharT, _Traits, _Allocator>&, _CharT)'
 3931 |     getline(basic_istream<_CharT, _Traits>&& __is,
      |     ^~~~~~~
C:/msys64/mingw64/include/c++/12.1.0/bits/basic_string.h:3931:5: note:   template argument deduction/substitution failed:
..\users_db.cpp:85:21: note:   mismatched types 'std::__cxx11::basic_string<_CharT, _Traits, _Allocator>' and 'int'
   85 |         std::getline(std::cin, user.id, ',');
      |         ~~~~~~~~~~~~^~~~~~~~~~~~~~~~~~~~~~~~
C:/msys64/mingw64/include/c++/12.1.0/bits/basic_string.h:3938:5: note: candidate: 'template<class _CharT, class _Traits, class _Alloc> std::basic_istream<_CharT, _Traits>& std::getline(basic_istream<_CharT, _Traits>&&, __cxx11::basic_string<_CharT, _Traits, _Allocator>&)'
 3938 |     getline(basic_istream<_CharT, _Traits>&& __is,
      |     ^~~~~~~
C:/msys64/mingw64/include/c++/12.1.0/bits/basic_string.h:3938:5: note:   template argument deduction/substitution failed:
..\users_db.cpp:85:21: note:   mismatched types 'std::__cxx11::basic_string<_CharT, _Traits, _Allocator>' and 'int'
   85 |         std::getline(std::cin, user.id, ',');
      |         ~~~~~~~~~~~~^~~~~~~~~~~~~~~~~~~~~~~~
20:02:25 **** Incremental Build of configuration Debug for project askme-project ****
Info: Internal Builder is used for build
g++ -O0 -g3 -Wall -c -fmessage-length=0 -o users_db.o "..\\users_db.cpp" 
..\users_db.cpp: In member function 'std::pair<User, bool> UsersDb::get_user_login(User)':
..\users_db.cpp:83:14: warning: unused variable 'token' [-Wunused-variable]
   83 |         char token;
      |              ^~~~~
g++ -o askme-project.exe app.o database_manager.o error.o login_handler.o main.o menu.o signup_handler.o users_db.o 
Info: Nothing to build for askme-project
20:03:27 **** Incremental Build of configuration Debug for project askme-project ****
Info: Internal Builder is used for build
g++ -O0 -g3 -Wall -c -fmessage-length=0 -o users_db.o "..\\users_db.cpp" 
..\users_db.cpp: In member function 'std::pair<User, bool> UsersDb::get_user_login(User)':
..\users_db.cpp:83:14: warning: unused variable 'token' [-Wunused-variable]
   83 |         char token;
      |              ^~~~~
g++ -o askme-project.exe app.o database_manager.o error.o login_handler.o main.o menu.o signup_handler.o users_db.o 
C:/msys64/mingw64/bin/../lib/gcc/x86_64-w64-mingw32/12.1.0/../../../../x86_64-w64-mingw32/bin/ld.exe: cannot open output file askme-project.exe: Permission denied
collect2.exe: error: ld returned 1 exit status
20:03:31 **** Incremental Build of configuration Debug for project askme-project ****
Info: Internal Builder is used for build
g++ -o askme-project.exe app.o database_manager.o error.o login_handler.o main.o menu.o signup_handler.o users_db.o 
Info: Nothing to build for askme-project
20:04:13 **** Incremental Build of configuration Debug for project askme-project ****
Info: Internal Builder is used for build
g++ -O0 -g3 -Wall -c -fmessage-length=0 -o users_db.o "..\\users_db.cpp" 
..\users_db.cpp: In member function 'std::pair<User, bool> UsersDb::get_user_login(User)':
..\users_db.cpp:86:21: error: no matching function for call to 'getline(std::istringstream&, int&, char)'
   86 |         std::getline(iss, user.id, ',');
      |         ~~~~~~~~~~~~^~~~~~~~~~~~~~~~~~~
In file included from C:/msys64/mingw64/include/c++/12.1.0/string:54,
                 from ..\user.hpp:11,
                 from ..\users_db.hpp:11,
                 from ..\users_db.cpp:8:
C:/msys64/mingw64/include/c++/12.1.0/bits/basic_string.tcc:1012:5: note: candidate: 'template<class _CharT, class _Traits, class _Alloc> std::basic_istream<_CharT, _Traits>& std::getline(basic_istream<_CharT, _Traits>&, __cxx11::basic_string<_CharT, _Traits, _Allocator>&, _CharT)'
 1012 |     getline(basic_istream<_CharT, _Traits>& __in,
      |     ^~~~~~~
C:/msys64/mingw64/include/c++/12.1.0/bits/basic_string.tcc:1012:5: note:   template argument deduction/substitution failed:
..\users_db.cpp:86:21: note:   mismatched types 'std::__cxx11::basic_string<_CharT, _Traits, _Allocator>' and 'int'
   86 |         std::getline(iss, user.id, ',');
      |         ~~~~~~~~~~~~^~~~~~~~~~~~~~~~~~~
In file included from C:/msys64/mingw64/include/c++/12.1.0/string:53:
C:/msys64/mingw64/include/c++/12.1.0/bits/basic_string.h:3923:5: note: candidate: 'template<class _CharT, class _Traits, class _Alloc> std::basic_istream<_CharT, _Traits>& std::getline(basic_istream<_CharT, _Traits>&, __cxx11::basic_string<_CharT, _Traits, _Allocator>&)'
 3923 |     getline(basic_istream<_CharT, _Traits>& __is,
      |     ^~~~~~~
C:/msys64/mingw64/include/c++/12.1.0/bits/basic_string.h:3923:5: note:   template argument deduction/substitution failed:
..\users_db.cpp:86:21: note:   mismatched types 'std::__cxx11::basic_string<_CharT, _Traits, _Allocator>' and 'int'
   86 |         std::getline(iss, user.id, ',');
      |         ~~~~~~~~~~~~^~~~~~~~~~~~~~~~~~~
C:/msys64/mingw64/include/c++/12.1.0/bits/basic_string.h:3931:5: note: candidate: 'template<class _CharT, class _Traits, class _Alloc> std::basic_istream<_CharT, _Traits>& std::getline(basic_istream<_CharT, _Traits>&&, __cxx11::basic_string<_CharT, _Traits, _Allocator>&, _CharT)'
 3931 |     getline(basic_istream<_CharT, _Traits>&& __is,
      |     ^~~~~~~
C:/msys64/mingw64/include/c++/12.1.0/bits/basic_string.h:3931:5: note:   template argument deduction/substitution failed:
..\users_db.cpp:86:21: note:   mismatched types 'std::__cxx11::basic_string<_CharT, _Traits, _Allocator>' and 'int'
   86 |         std::getline(iss, user.id, ',');
      |         ~~~~~~~~~~~~^~~~~~~~~~~~~~~~~~~
C:/msys64/mingw64/include/c++/12.1.0/bits/basic_string.h:3938:5: note: candidate: 'template<class _CharT, class _Traits, class _Alloc> std::basic_istream<_CharT, _Traits>& std::getline(basic_istream<_CharT, _Traits>&&, __cxx11::basic_string<_CharT, _Traits, _Allocator>&)'
 3938 |     getline(basic_istream<_CharT, _Traits>&& __is,
      |     ^~~~~~~
C:/msys64/mingw64/include/c++/12.1.0/bits/basic_string.h:3938:5: note:   template argument deduction/substitution failed:
..\users_db.cpp:86:21: note:   mismatched types 'std::__cxx11::basic_string<_CharT, _Traits, _Allocator>' and 'int'
   86 |         std::getline(iss, user.id, ',');
      |         ~~~~~~~~~~~~^~~~~~~~~~~~~~~~~~~
..\users_db.cpp:83:14: warning: unused variable 'token' [-Wunused-variable]
   83 |         char token;
      |              ^~~~~
20:04:54 **** Incremental Build of configuration Debug for project askme-project ****
Info: Internal Builder is used for build
g++ -O0 -g3 -Wall -c -fmessage-length=0 -o users_db.o "..\\users_db.cpp" 
..\users_db.cpp: In member function 'std::pair<User, bool> UsersDb::get_user_login(User)':
..\users_db.cpp:83:14: warning: unused variable 'token' [-Wunused-variable]
   83 |         char token;
      |              ^~~~~
g++ -o askme-project.exe app.o database_manager.o error.o login_handler.o main.o menu.o signup_handler.o users_db.o 
C:/msys64/mingw64/bin/../lib/gcc/x86_64-w64-mingw32/12.1.0/../../../../x86_64-w64-mingw32/bin/ld.exe: cannot open output file askme-project.exe: Permission denied
collect2.exe: error: ld returned 1 exit status
20:05:00 **** Incremental Build of configuration Debug for project askme-project ****
Info: Internal Builder is used for build
g++ -o askme-project.exe app.o database_manager.o error.o login_handler.o main.o menu.o signup_handler.o users_db.o 
20:10:56 **** Incremental Build of configuration Debug for project askme-project ****
Info: Internal Builder is used for build
g++ -O0 -g3 -Wall -c -fmessage-length=0 -o users_db.o "..\\users_db.cpp" 
g++ -o askme-project.exe app.o database_manager.o error.o login_handler.o main.o menu.o signup_handler.o users_db.o 
Info: Nothing to build for askme-project
20:12:23 **** Incremental Build of configuration Debug for project askme-project ****
Info: Internal Builder is used for build
g++ -O0 -g3 -Wall -c -fmessage-length=0 -o users_db.o "..\\users_db.cpp" 
g++ -o askme-project.exe app.o database_manager.o error.o login_handler.o main.o menu.o signup_handler.o users_db.o 
C:/msys64/mingw64/bin/../lib/gcc/x86_64-w64-mingw32/12.1.0/../../../../x86_64-w64-mingw32/bin/ld.exe: cannot open output file askme-project.exe: Permission denied
collect2.exe: error: ld returned 1 exit status
20:12:40 **** Incremental Build of configuration Debug for project askme-project ****
Info: Internal Builder is used for build
g++ -O0 -g3 -Wall -c -fmessage-length=0 -o users_db.o "..\\users_db.cpp" 
g++ -o askme-project.exe app.o database_manager.o error.o login_handler.o main.o menu.o signup_handler.o users_db.o 
Info: Nothing to build for askme-project
20:13:33 **** Incremental Build of configuration Debug for project askme-project ****
Info: Internal Builder is used for build
g++ -O0 -g3 -Wall -c -fmessage-length=0 -o users_db.o "..\\users_db.cpp" 
..\users_db.cpp:89:43: error: empty character constant
   89 |         std::getline(iss, allowAnonQsStr, '');
      |                                           ^~
20:13:42 **** Incremental Build of configuration Debug for project askme-project ****
Info: Internal Builder is used for build
g++ -O0 -g3 -Wall -c -fmessage-length=0 -o users_db.o "..\\users_db.cpp" 
g++ -o askme-project.exe app.o database_manager.o error.o login_handler.o main.o menu.o signup_handler.o users_db.o 
Info: Nothing to build for askme-project
20:19:39 **** Incremental Build of configuration Debug for project askme-project ****
Info: Internal Builder is used for build
g++ -O0 -g3 -Wall -c -fmessage-length=0 -o signup_handler.o "..\\signup_handler.cpp" 
..\signup_handler.cpp: In member function 'bool Signup_handler::signup()':
..\signup_handler.cpp:16:13: warning: unused variable 'id' [-Wunused-variable]
   16 |         int id;
      |             ^~
..\signup_handler.cpp:18:14: warning: unused variable 'allowAnonQs' [-Wunused-variable]
   18 |         bool allowAnonQs;
      |              ^~~~~~~~~~~
g++ -O0 -g3 -Wall -c -fmessage-length=0 -o database_manager.o "..\\database_manager.cpp" 
g++ -O0 -g3 -Wall -c -fmessage-length=0 -o login_handler.o "..\\login_handler.cpp" 
g++ -O0 -g3 -Wall -c -fmessage-length=0 -o users_db.o "..\\users_db.cpp" 
g++ -O0 -g3 -Wall -c -fmessage-length=0 -o app.o "..\\app.cpp" 
g++ -o askme-project.exe app.o database_manager.o error.o login_handler.o main.o menu.o signup_handler.o users_db.o 
20:21:22 **** Incremental Build of configuration Debug for project askme-project ****
Info: Internal Builder is used for build
g++ -O0 -g3 -Wall -c -fmessage-length=0 -o signup_handler.o "..\\signup_handler.cpp" 
g++ -o askme-project.exe app.o database_manager.o error.o login_handler.o main.o menu.o signup_handler.o users_db.o 
Info: Nothing to build for askme-project
20:25:13 **** Incremental Build of configuration Debug for project askme-project ****
Info: Internal Builder is used for build
g++ -O0 -g3 -Wall -c -fmessage-length=0 -o users_db.o "..\\users_db.cpp" 
g++ -o askme-project.exe app.o database_manager.o error.o login_handler.o main.o menu.o signup_handler.o users_db.o 
Info: Nothing to build for askme-project
20:26:31 **** Incremental Build of configuration Debug for project askme-project ****
Info: Internal Builder is used for build
g++ -O0 -g3 -Wall -c -fmessage-length=0 -o users_db.o "..\\users_db.cpp" 
..\users_db.cpp: In member function 'int UsersDb::generate_id()':
..\users_db.cpp:36:9: error: 'cout' was not declared in this scope; did you mean 'std::cout'?
   36 |         cout<<stoi(idStr)<<'\n';
      |         ^~~~
      |         std::cout
In file included from ..\users_db.cpp:10:
C:/msys64/mingw64/include/c++/12.1.0/iostream:61:18: note: 'std::cout' declared here
   61 |   extern ostream cout;          /// Linked to standard output
      |                  ^~~~
20:26:38 **** Incremental Build of configuration Debug for project askme-project ****
Info: Internal Builder is used for build
g++ -O0 -g3 -Wall -c -fmessage-length=0 -o users_db.o "..\\users_db.cpp" 
g++ -o askme-project.exe app.o database_manager.o error.o login_handler.o main.o menu.o signup_handler.o users_db.o 
Info: Nothing to build for askme-project
20:27:29 **** Incremental Build of configuration Debug for project askme-project ****
Info: Internal Builder is used for build
g++ -O0 -g3 -Wall -c -fmessage-length=0 -o users_db.o "..\\users_db.cpp" 
..\users_db.cpp: In member function 'int UsersDb::generate_id()':
..\users_db.cpp:34:17: error: 'cout' was not declared in this scope; did you mean 'std::cout'?
   34 |                 cout<<idStr<<'\n';
      |                 ^~~~
      |                 std::cout
In file included from ..\users_db.cpp:10:
C:/msys64/mingw64/include/c++/12.1.0/iostream:61:18: note: 'std::cout' declared here
   61 |   extern ostream cout;          /// Linked to standard output
      |                  ^~~~
20:27:35 **** Incremental Build of configuration Debug for project askme-project ****
Info: Internal Builder is used for build
g++ -O0 -g3 -Wall -c -fmessage-length=0 -o users_db.o "..\\users_db.cpp" 
g++ -o askme-project.exe app.o database_manager.o error.o login_handler.o main.o menu.o signup_handler.o users_db.o 
Info: Nothing to build for askme-project
20:30:07 **** Incremental Build of configuration Debug for project askme-project ****
Info: Internal Builder is used for build
g++ -O0 -g3 -Wall -c -fmessage-length=0 -o users_db.o "..\\users_db.cpp" 
g++ -o askme-project.exe app.o database_manager.o error.o login_handler.o main.o menu.o signup_handler.o users_db.o 
Info: Nothing to build for askme-project
Info: Nothing to build for askme-project
Info: Nothing to build for askme-project
20:32:06 **** Incremental Build of configuration Debug for project askme-project ****
Info: Internal Builder is used for build
g++ -O0 -g3 -Wall -c -fmessage-length=0 -o users_db.o "..\\users_db.cpp" 
g++ -o askme-project.exe app.o database_manager.o error.o login_handler.o main.o menu.o signup_handler.o users_db.o 
Info: Nothing to build for askme-project
20:37:05 **** Incremental Build of configuration Debug for project askme-project ****
Info: Internal Builder is used for build
g++ -O0 -g3 -Wall -c -fmessage-length=0 -o app.o "..\\app.cpp" 
g++ -O0 -g3 -Wall -c -fmessage-length=0 -o users_db.o "..\\users_db.cpp" 
g++ -o askme-project.exe app.o database_manager.o error.o login_handler.o main.o menu.o signup_handler.o users_db.o 
Info: Nothing to build for askme-project
20:38:11 **** Incremental Build of configuration Debug for project askme-project ****
Info: Internal Builder is used for build
g++ -O0 -g3 -Wall -c -fmessage-length=0 -o users_db.o "..\\users_db.cpp" 
g++ -o askme-project.exe app.o database_manager.o error.o login_handler.o main.o menu.o signup_handler.o users_db.o 
Info: Nothing to build for askme-project
10:11:00 **** Incremental Build of configuration Debug for project askme-project ****
Info: Internal Builder is used for build
g++ -O0 -g3 -Wall -c -fmessage-length=0 -o database_manager.o "..\\database_manager.cpp" 
g++ -O0 -g3 -Wall -c -fmessage-length=0 -o main.o "..\\main.cpp" 
g++ -O0 -g3 -Wall -c -fmessage-length=0 -o questions_db.o "..\\questions_db.cpp" 
g++ -O0 -g3 -Wall -c -fmessage-length=0 -o login_handler.o "..\\login_handler.cpp" 
g++ -O0 -g3 -Wall -c -fmessage-length=0 -o users_db.o "..\\users_db.cpp" 
g++ -O0 -g3 -Wall -c -fmessage-length=0 -o app.o "..\\app.cpp" 
g++ -O0 -g3 -Wall -c -fmessage-length=0 -o signup_handler.o "..\\signup_handler.cpp" 
g++ -o askme-project.exe app.o database_manager.o error.o login_handler.o main.o menu.o questions_db.o signup_handler.o users_db.o 
C:/msys64/mingw64/bin/../lib/gcc/x86_64-w64-mingw32/12.1.0/../../../../x86_64-w64-mingw32/bin/ld.exe: app.o: in function `App::ask(User)':
H:\Career\Courses\C-C++ Data Structures & Algorithms\Dr Mostafa Saad\01-Mastering 4 critical SKILLS using C++ 17\Projects\01-Askme Project\askme-project\Debug/../app.cpp:81: undefined reference to `QuestionsDb::add_question(Question)'
collect2.exe: error: ld returned 1 exit status
10:20:20 **** Incremental Build of configuration Debug for project askme-project ****
Info: Internal Builder is used for build
g++ -O0 -g3 -Wall -c -fmessage-length=0 -o database_manager.o "..\\database_manager.cpp" 
g++ -O0 -g3 -Wall -c -fmessage-length=0 -o signup_handler.o "..\\signup_handler.cpp" 
g++ -O0 -g3 -Wall -c -fmessage-length=0 -o questions_db.o "..\\questions_db.cpp" 
..\questions_db.cpp: In member function 'int QuestionsDb::generate_id()':
..\questions_db.cpp:12:43: error: variable 'std::fstream file_handler' has initializer but incomplete type
   12 |                 std::fstream file_handler(path.c_str());
      |                                           ^~~~
..\questions_db.cpp:23:59: error: 'std::ifstream::traits_type' has not been declared
   23 |                 if (file_handler.peek() == std::ifstream::traits_type::eof())
      |                                                           ^~~~~~~~~~~
..\questions_db.cpp:28:52: error: variable 'std::istringstream iss' has initializer but incomplete type
   28 |                         std::istringstream iss(line);
      |                                                    ^
..\questions_db.cpp: In member function 'bool QuestionsDb::add_question(Question)':
..\questions_db.cpp:36:35: error: variable 'std::ofstream fout' has initializer but incomplete type
   36 |                 std::ofstream fout("questions.txt", std::ios_base::app);
      |                                   ^
10:20:59 **** Incremental Build of configuration Debug for project askme-project ****
Info: Internal Builder is used for build
g++ -O0 -g3 -Wall -c -fmessage-length=0 -o app.o "..\\app.cpp" 
g++ -O0 -g3 -Wall -c -fmessage-length=0 -o login_handler.o "..\\login_handler.cpp" 
g++ -O0 -g3 -Wall -c -fmessage-length=0 -o questions_db.o "..\\questions_db.cpp" 
g++ -o askme-project.exe app.o database_manager.o error.o login_handler.o main.o menu.o questions_db.o signup_handler.o users_db.o 
Info: Nothing to build for askme-project
10:25:09 **** Incremental Build of configuration Debug for project askme-project ****
Info: Internal Builder is used for build
g++ -O0 -g3 -Wall -c -fmessage-length=0 -o app.o "..\\app.cpp" 
g++ -o askme-project.exe app.o database_manager.o error.o login_handler.o main.o menu.o questions_db.o signup_handler.o users_db.o 
Info: Nothing to build for askme-project
10:26:56 **** Incremental Build of configuration Debug for project askme-project ****
Info: Internal Builder is used for build
g++ -O0 -g3 -Wall -c -fmessage-length=0 -o questions_db.o "..\\questions_db.cpp" 
g++ -o askme-project.exe app.o database_manager.o error.o login_handler.o main.o menu.o questions_db.o signup_handler.o users_db.o 
Info: Nothing to build for askme-project
10:29:13 **** Incremental Build of configuration Debug for project askme-project ****
Info: Internal Builder is used for build
g++ -O0 -g3 -Wall -c -fmessage-length=0 -o questions_db.o "..\\questions_db.cpp" 
g++ -o askme-project.exe app.o database_manager.o error.o login_handler.o main.o menu.o questions_db.o signup_handler.o users_db.o 
Info: Nothing to build for askme-project
Info: Nothing to build for askme-project
Info: Nothing to build for askme-project
Info: Nothing to build for askme-project
10:36:29 **** Incremental Build of configuration Debug for project askme-project ****
Info: Internal Builder is used for build
g++ -O0 -g3 -Wall -c -fmessage-length=0 -o questions_db.o "..\\questions_db.cpp" 
g++ -o askme-project.exe app.o database_manager.o error.o login_handler.o main.o menu.o questions_db.o signup_handler.o users_db.o 
Info: Nothing to build for askme-project
Info: Nothing to build for askme-project
Info: Nothing to build for askme-project
Info: Nothing to build for askme-project
10:38:48 **** Incremental Build of configuration Debug for project askme-project ****
Info: Internal Builder is used for build
g++ -O0 -g3 -Wall -c -fmessage-length=0 -o questions_db.o "..\\questions_db.cpp" 
g++ -O0 -g3 -Wall -c -fmessage-length=0 -o login_handler.o "..\\login_handler.cpp" 
g++ -o askme-project.exe app.o database_manager.o error.o login_handler.o main.o menu.o questions_db.o signup_handler.o users_db.o 
Info: Nothing to build for askme-project
10:40:26 **** Incremental Build of configuration Debug for project askme-project ****
Info: Internal Builder is used for build
g++ -O0 -g3 -Wall -c -fmessage-length=0 -o questions_db.o "..\\questions_db.cpp" 
g++ -o askme-project.exe app.o database_manager.o error.o login_handler.o main.o menu.o questions_db.o signup_handler.o users_db.o 
Info: Nothing to build for askme-project
11:36:33 **** Incremental Build of configuration Debug for project askme-project ****
Info: Internal Builder is used for build
g++ -O0 -g3 -Wall -c -fmessage-length=0 -o login_handler.o "..\\login_handler.cpp" 
g++ -O0 -g3 -Wall -c -fmessage-length=0 -o app.o "..\\app.cpp" 
..\app.cpp: In member function 'void App::ask(User)':
..\app.cpp:94:65: error: expected ';' before '}' token
   94 |         std::cout<<"\n\n--------- Question Saved ----------\n\n"
      |                                                                 ^
      |                                                                 ;
   95 | }
      | ~                                                                
11:36:55 **** Incremental Build of configuration Debug for project askme-project ****
Info: Internal Builder is used for build
g++ -O0 -g3 -Wall -c -fmessage-length=0 -o signup_handler.o "..\\signup_handler.cpp" 
g++ -O0 -g3 -Wall -c -fmessage-length=0 -o users_db.o "..\\users_db.cpp" 
g++ -O0 -g3 -Wall -c -fmessage-length=0 -o database_manager.o "..\\database_manager.cpp" 
g++ -O0 -g3 -Wall -c -fmessage-length=0 -o app.o "..\\app.cpp" 
g++ -O0 -g3 -Wall -c -fmessage-length=0 -o error.o "..\\error.cpp" 
g++ -O0 -g3 -Wall -c -fmessage-length=0 -o questions_db.o "..\\questions_db.cpp" 
g++ -o askme-project.exe app.o database_manager.o error.o login_handler.o main.o menu.o questions_db.o signup_handler.o users_db.o 
Info: Nothing to build for askme-project
11:38:17 **** Incremental Build of configuration Debug for project askme-project ****
Info: Internal Builder is used for build
g++ -O0 -g3 -Wall -c -fmessage-length=0 -o questions_db.o "..\\questions_db.cpp" 
g++ -o askme-project.exe app.o database_manager.o error.o login_handler.o main.o menu.o questions_db.o signup_handler.o users_db.o 
Info: Nothing to build for askme-project
11:40:10 **** Incremental Build of configuration Debug for project askme-project ****
Info: Internal Builder is used for build
g++ -O0 -g3 -Wall -c -fmessage-length=0 -o questions_db.o "..\\questions_db.cpp" 
g++ -o askme-project.exe app.o database_manager.o error.o login_handler.o main.o menu.o questions_db.o signup_handler.o users_db.o 
Info: Nothing to build for askme-project
11:43:01 **** Incremental Build of configuration Debug for project askme-project ****
Info: Internal Builder is used for build
g++ -O0 -g3 -Wall -c -fmessage-length=0 -o questions_db.o "..\\questions_db.cpp" 
g++ -o askme-project.exe app.o database_manager.o error.o login_handler.o main.o menu.o questions_db.o signup_handler.o users_db.o 
Info: Nothing to build for askme-project
Info: Nothing to build for askme-project
11:44:41 **** Incremental Build of configuration Debug for project askme-project ****
Info: Internal Builder is used for build
g++ -O0 -g3 -Wall -c -fmessage-length=0 -o questions_db.o "..\\questions_db.cpp" 
g++ -o askme-project.exe app.o database_manager.o error.o login_handler.o main.o menu.o questions_db.o signup_handler.o users_db.o 
Info: Nothing to build for askme-project
11:46:17 **** Incremental Build of configuration Debug for project askme-project ****
Info: Internal Builder is used for build
g++ -O0 -g3 -Wall -c -fmessage-length=0 -o app.o "..\\app.cpp" 
g++ -o askme-project.exe app.o database_manager.o error.o login_handler.o main.o menu.o questions_db.o signup_handler.o users_db.o 
Info: Nothing to build for askme-project
11:48:37 **** Incremental Build of configuration Debug for project askme-project ****
Info: Internal Builder is used for build
g++ -O0 -g3 -Wall -c -fmessage-length=0 -o app.o "..\\app.cpp" 
g++ -o askme-project.exe app.o database_manager.o error.o login_handler.o main.o menu.o questions_db.o signup_handler.o users_db.o 
Info: Nothing to build for askme-project
12:29:00 **** Incremental Build of configuration Debug for project askme-project ****
Info: Internal Builder is used for build
g++ -O0 -g3 -Wall -c -fmessage-length=0 -o app.o "..\\app.cpp" 
g++ -O0 -g3 -Wall -c -fmessage-length=0 -o signup_handler.o "..\\signup_handler.cpp" 
g++ -O0 -g3 -Wall -c -fmessage-length=0 -o database_manager.o "..\\database_manager.cpp" 
g++ -O0 -g3 -Wall -c -fmessage-length=0 -o questions_db.o "..\\questions_db.cpp" 
g++ -O0 -g3 -Wall -c -fmessage-length=0 -o login_handler.o "..\\login_handler.cpp" 
g++ -o askme-project.exe app.o database_manager.o error.o login_handler.o main.o menu.o questions_db.o signup_handler.o users_db.o 
Info: Nothing to build for askme-project
12:30:12 **** Incremental Build of configuration Debug for project askme-project ****
Info: Internal Builder is used for build
g++ -O0 -g3 -Wall -c -fmessage-length=0 -o app.o "..\\app.cpp" 
g++ -o askme-project.exe app.o database_manager.o error.o login_handler.o main.o menu.o questions_db.o signup_handler.o users_db.o 
Info: Nothing to build for askme-project
12:34:22 **** Incremental Build of configuration Debug for project askme-project ****
Info: Internal Builder is used for build
g++ -O0 -g3 -Wall -c -fmessage-length=0 -o app.o "..\\app.cpp" 
g++ -o askme-project.exe app.o database_manager.o error.o login_handler.o main.o menu.o questions_db.o signup_handler.o users_db.o 
Info: Nothing to build for askme-project
12:40:57 **** Incremental Build of configuration Debug for project askme-project ****
Info: Internal Builder is used for build
g++ -O0 -g3 -Wall -c -fmessage-length=0 -o database_manager.o "..\\database_manager.cpp" 
g++ -O0 -g3 -Wall -c -fmessage-length=0 -o error.o "..\\error.cpp" 
g++ -O0 -g3 -Wall -c -fmessage-length=0 -o app.o "..\\app.cpp" 
g++ -O0 -g3 -Wall -c -fmessage-length=0 -o login_handler.o "..\\login_handler.cpp" 
g++ -O0 -g3 -Wall -c -fmessage-length=0 -o signup_handler.o "..\\signup_handler.cpp" 
g++ -O0 -g3 -Wall -c -fmessage-length=0 -o users_db.o "..\\users_db.cpp" 
g++ -O0 -g3 -Wall -c -fmessage-length=0 -o questions_db.o "..\\questions_db.cpp" 
g++ -O0 -g3 -Wall -c -fmessage-length=0 -o menu.o "..\\menu.cpp" 
g++ -o askme-project.exe app.o database_manager.o error.o login_handler.o main.o menu.o questions_db.o signup_handler.o users_db.o 
12:58:30 **** Incremental Build of configuration Debug for project askme-project ****
Info: Internal Builder is used for build
g++ -O0 -g3 -Wall -c -fmessage-length=0 -o users_db.o "..\\users_db.cpp" 
g++ -O0 -g3 -Wall -c -fmessage-length=0 -o database_manager.o "..\\database_manager.cpp" 
g++ -O0 -g3 -Wall -c -fmessage-length=0 -o main.o "..\\main.cpp" 
g++ -O0 -g3 -Wall -c -fmessage-length=0 -o app.o "..\\app.cpp" 
..\app.cpp: In member function 'void App::run()':
..\app.cpp:181:56: error: could not convert 'Login_handler::login(User&)(user)' from 'std::pair<User, bool>' to 'bool'
  181 |                                 if (login_handler.login(user))
      |                                     ~~~~~~~~~~~~~~~~~~~^~~~~~
      |                                                        |
      |                                                        std::pair<User, bool>
12:59:15 **** Incremental Build of configuration Debug for project askme-project ****
Info: Internal Builder is used for build
g++ -O0 -g3 -Wall -c -fmessage-length=0 -o app.o "..\\app.cpp" 
g++ -O0 -g3 -Wall -c -fmessage-length=0 -o login_handler.o "..\\login_handler.cpp" 
g++ -O0 -g3 -Wall -c -fmessage-length=0 -o signup_handler.o "..\\signup_handler.cpp" 
g++ -o askme-project.exe app.o database_manager.o error.o login_handler.o main.o menu.o questions_db.o signup_handler.o users_db.o 
Info: Nothing to build for askme-project
13:00:15 **** Incremental Build of configuration Debug for project askme-project ****
Info: Internal Builder is used for build
g++ -O0 -g3 -Wall -c -fmessage-length=0 -o login_handler.o "..\\login_handler.cpp" 
g++ -o askme-project.exe app.o database_manager.o error.o login_handler.o main.o menu.o questions_db.o signup_handler.o users_db.o 
Info: Nothing to build for askme-project
13:01:30 **** Incremental Build of configuration Debug for project askme-project ****
Info: Internal Builder is used for build
g++ -O0 -g3 -Wall -c -fmessage-length=0 -o app.o "..\\app.cpp" 
g++ -o askme-project.exe app.o database_manager.o error.o login_handler.o main.o menu.o questions_db.o signup_handler.o users_db.o 
Info: Nothing to build for askme-project
13:02:52 **** Incremental Build of configuration Debug for project askme-project ****
Info: Internal Builder is used for build
g++ -O0 -g3 -Wall -c -fmessage-length=0 -o signup_handler.o "..\\signup_handler.cpp" 
g++ -o askme-project.exe app.o database_manager.o error.o login_handler.o main.o menu.o questions_db.o signup_handler.o users_db.o 
Info: Nothing to build for askme-project
11:01:06 **** Incremental Build of configuration Debug for project askme-project ****
Info: Internal Builder is used for build
g++ -O0 -g3 -Wall -c -fmessage-length=0 -o users_db.o "..\\users_db.cpp" 
g++ -O0 -g3 -Wall -c -fmessage-length=0 -o questions_db.o "..\\questions_db.cpp" 
g++ -O0 -g3 -Wall -c -fmessage-length=0 -o signup_handler.o "..\\signup_handler.cpp" 
g++ -O0 -g3 -Wall -c -fmessage-length=0 -o database_manager.o "..\\database_manager.cpp" 
..\database_manager.cpp: In member function 'std::map<int, std::vector<Question> > DbManager::get_all_threads(int)':
..\database_manager.cpp:35:23: warning: comparison of integer expressions of different signedness: 'int' and 'std::vector<Question>::size_type' {aka 'long long unsigned int'} [-Wsign-compare]
   35 |         for(int i=0; i<questions.size(); i++){
      |                      ~^~~~~~~~~~~~~~~~~
..\database_manager.cpp:43:1: warning: control reaches end of non-void function [-Wreturn-type]
   43 | }
      | ^
g++ -O0 -g3 -Wall -c -fmessage-length=0 -o main.o "..\\main.cpp" 
g++ -O0 -g3 -Wall -c -fmessage-length=0 -o app.o "..\\app.cpp" 
..\app.cpp: In member function 'void App::main_menu(User&)':
..\app.cpp:142:49: error: no matching function for call to 'App::print_questions_received()'
  142 |                         print_questions_received();
      |                         ~~~~~~~~~~~~~~~~~~~~~~~~^~
..\app.cpp:48:6: note: candidate: 'void App::print_questions_received(int)'
   48 | void App::print_questions_received(int uId){
      |      ^~~
..\app.cpp:48:6: note:   candidate expects 1 argument, 0 provided
11:02:19 **** Incremental Build of configuration Debug for project askme-project ****
Info: Internal Builder is used for build
g++ -O0 -g3 -Wall -c -fmessage-length=0 -o app.o "..\\app.cpp" 
g++ -O0 -g3 -Wall -c -fmessage-length=0 -o login_handler.o "..\\login_handler.cpp" 
g++ -O0 -g3 -Wall -c -fmessage-length=0 -o database_manager.o "..\\database_manager.cpp" 
..\database_manager.cpp: In member function 'std::map<int, std::vector<Question> > DbManager::get_all_threads(int)':
..\database_manager.cpp:43:1: warning: control reaches end of non-void function [-Wreturn-type]
   43 | }
      | ^
g++ -o askme-project.exe app.o database_manager.o error.o login_handler.o main.o menu.o questions_db.o signup_handler.o users_db.o 
11:02:42 **** Incremental Build of configuration Debug for project askme-project ****
Info: Internal Builder is used for build
g++ -O0 -g3 -Wall -c -fmessage-length=0 -o database_manager.o "..\\database_manager.cpp" 
g++ -o askme-project.exe app.o database_manager.o error.o login_handler.o main.o menu.o questions_db.o signup_handler.o users_db.o 
Info: Nothing to build for askme-project
18:12:54 **** Incremental Build of configuration Debug for project askme-project ****
Info: Internal Builder is used for build
g++ -O0 -g3 -Wall -c -fmessage-length=0 -o app.o "..\\app.cpp" 
g++ -o askme-project.exe app.o database_manager.o error.o login_handler.o main.o menu.o questions_db.o signup_handler.o users_db.o 
Info: Nothing to build for askme-project
18:14:37 **** Incremental Build of configuration Debug for project askme-project ****
Info: Internal Builder is used for build
g++ -O0 -g3 -Wall -c -fmessage-length=0 -o app.o "..\\app.cpp" 
..\app.cpp:56:28: warning: multi-character character constant [-Wmultichar]
   56 |                 std::cout<<'\u2551';
      |                            ^~~~~~~~
g++ -o askme-project.exe app.o database_manager.o error.o login_handler.o main.o menu.o questions_db.o signup_handler.o users_db.o 
C:/msys64/mingw64/bin/../lib/gcc/x86_64-w64-mingw32/12.1.0/../../../../x86_64-w64-mingw32/bin/ld.exe: cannot open output file askme-project.exe: Permission denied
collect2.exe: error: ld returned 1 exit status
18:14:46 **** Incremental Build of configuration Debug for project askme-project ****
Info: Internal Builder is used for build
g++ -o askme-project.exe app.o database_manager.o error.o login_handler.o main.o menu.o questions_db.o signup_handler.o users_db.o 
Info: Nothing to build for askme-project
18:15:50 **** Incremental Build of configuration Debug for project askme-project ****
Info: Internal Builder is used for build
g++ -O0 -g3 -Wall -c -fmessage-length=0 -o app.o "..\\app.cpp" 
..\app.cpp:56:28: warning: multi-character character constant [-Wmultichar]
   56 |                 std::cout<<'186';
      |                            ^~~~~
g++ -o askme-project.exe app.o database_manager.o error.o login_handler.o main.o menu.o questions_db.o signup_handler.o users_db.o 
C:/msys64/mingw64/bin/../lib/gcc/x86_64-w64-mingw32/12.1.0/../../../../x86_64-w64-mingw32/bin/ld.exe: cannot open output file askme-project.exe: Permission denied
collect2.exe: error: ld returned 1 exit status
18:15:54 **** Incremental Build of configuration Debug for project askme-project ****
Info: Internal Builder is used for build
g++ -o askme-project.exe app.o database_manager.o error.o login_handler.o main.o menu.o questions_db.o signup_handler.o users_db.o 
Info: Nothing to build for askme-project
18:16:38 **** Incremental Build of configuration Debug for project askme-project ****
Info: Internal Builder is used for build
g++ -O0 -g3 -Wall -c -fmessage-length=0 -o app.o "..\\app.cpp" 
..\app.cpp:56:34: warning: multi-character character constant [-Wmultichar]
   56 |                 std::cout<<(char)'186';
      |                                  ^~~~~
g++ -o askme-project.exe app.o database_manager.o error.o login_handler.o main.o menu.o questions_db.o signup_handler.o users_db.o 
C:/msys64/mingw64/bin/../lib/gcc/x86_64-w64-mingw32/12.1.0/../../../../x86_64-w64-mingw32/bin/ld.exe: cannot open output file askme-project.exe: Permission denied
collect2.exe: error: ld returned 1 exit status
18:16:41 **** Incremental Build of configuration Debug for project askme-project ****
Info: Internal Builder is used for build
g++ -o askme-project.exe app.o database_manager.o error.o login_handler.o main.o menu.o questions_db.o signup_handler.o users_db.o 
Info: Nothing to build for askme-project
18:18:13 **** Incremental Build of configuration Debug for project askme-project ****
Info: Internal Builder is used for build
g++ -O0 -g3 -Wall -c -fmessage-length=0 -o app.o "..\\app.cpp" 
g++ -o askme-project.exe app.o database_manager.o error.o login_handler.o main.o menu.o questions_db.o signup_handler.o users_db.o 
Info: Nothing to build for askme-project
18:20:55 **** Incremental Build of configuration Debug for project askme-project ****
Info: Internal Builder is used for build
g++ -O0 -g3 -Wall -c -fmessage-length=0 -o app.o "..\\app.cpp" 
g++ -o askme-project.exe app.o database_manager.o error.o login_handler.o main.o menu.o questions_db.o signup_handler.o users_db.o 
Info: Nothing to build for askme-project
18:23:09 **** Incremental Build of configuration Debug for project askme-project ****
Info: Internal Builder is used for build
g++ -O0 -g3 -Wall -c -fmessage-length=0 -o app.o "..\\app.cpp" 
g++ -o askme-project.exe app.o database_manager.o error.o login_handler.o main.o menu.o questions_db.o signup_handler.o users_db.o 
Info: Nothing to build for askme-project
18:24:17 **** Incremental Build of configuration Debug for project askme-project ****
Info: Internal Builder is used for build
g++ -O0 -g3 -Wall -c -fmessage-length=0 -o app.o "..\\app.cpp" 
g++ -o askme-project.exe app.o database_manager.o error.o login_handler.o main.o menu.o questions_db.o signup_handler.o users_db.o 
C:/msys64/mingw64/bin/../lib/gcc/x86_64-w64-mingw32/12.1.0/../../../../x86_64-w64-mingw32/bin/ld.exe: cannot open output file askme-project.exe: Permission denied
collect2.exe: error: ld returned 1 exit status
18:24:22 **** Incremental Build of configuration Debug for project askme-project ****
Info: Internal Builder is used for build
g++ -o askme-project.exe app.o database_manager.o error.o login_handler.o main.o menu.o questions_db.o signup_handler.o users_db.o 
Info: Nothing to build for askme-project
Info: Nothing to build for askme-project
Info: Nothing to build for askme-project
18:30:47 **** Incremental Build of configuration Debug for project askme-project ****
Info: Internal Builder is used for build
g++ -O0 -g3 -Wall -c -fmessage-length=0 -o app.o "..\\app.cpp" 
g++ -o askme-project.exe app.o database_manager.o error.o login_handler.o main.o menu.o questions_db.o signup_handler.o users_db.o 
C:/msys64/mingw64/bin/../lib/gcc/x86_64-w64-mingw32/12.1.0/../../../../x86_64-w64-mingw32/bin/ld.exe: cannot open output file askme-project.exe: Permission denied
collect2.exe: error: ld returned 1 exit status
18:30:51 **** Incremental Build of configuration Debug for project askme-project ****
Info: Internal Builder is used for build
g++ -o askme-project.exe app.o database_manager.o error.o login_handler.o main.o menu.o questions_db.o signup_handler.o users_db.o 
Info: Nothing to build for askme-project
18:31:35 **** Incremental Build of configuration Debug for project askme-project ****
Info: Internal Builder is used for build
g++ -O0 -g3 -Wall -c -fmessage-length=0 -o app.o "..\\app.cpp" 
g++ -o askme-project.exe app.o database_manager.o error.o login_handler.o main.o menu.o questions_db.o signup_handler.o users_db.o 
Info: Nothing to build for askme-project
18:32:16 **** Incremental Build of configuration Debug for project askme-project ****
Info: Internal Builder is used for build
g++ -O0 -g3 -Wall -c -fmessage-length=0 -o app.o "..\\app.cpp" 
g++ -o askme-project.exe app.o database_manager.o error.o login_handler.o main.o menu.o questions_db.o signup_handler.o users_db.o 
Info: Nothing to build for askme-project
18:32:43 **** Incremental Build of configuration Debug for project askme-project ****
Info: Internal Builder is used for build
g++ -O0 -g3 -Wall -c -fmessage-length=0 -o app.o "..\\app.cpp" 
g++ -o askme-project.exe app.o database_manager.o error.o login_handler.o main.o menu.o questions_db.o signup_handler.o users_db.o 
Info: Nothing to build for askme-project
18:34:25 **** Incremental Build of configuration Debug for project askme-project ****
Info: Internal Builder is used for build
g++ -O0 -g3 -Wall -c -fmessage-length=0 -o app.o "..\\app.cpp" 
g++ -o askme-project.exe app.o database_manager.o error.o login_handler.o main.o menu.o questions_db.o signup_handler.o users_db.o 
Info: Nothing to build for askme-project
18:34:58 **** Incremental Build of configuration Debug for project askme-project ****
Info: Internal Builder is used for build
g++ -O0 -g3 -Wall -c -fmessage-length=0 -o app.o "..\\app.cpp" 
g++ -o askme-project.exe app.o database_manager.o error.o login_handler.o main.o menu.o questions_db.o signup_handler.o users_db.o 
Info: Nothing to build for askme-project
18:35:21 **** Incremental Build of configuration Debug for project askme-project ****
Info: Internal Builder is used for build
g++ -O0 -g3 -Wall -c -fmessage-length=0 -o app.o "..\\app.cpp" 
g++ -o askme-project.exe app.o database_manager.o error.o login_handler.o main.o menu.o questions_db.o signup_handler.o users_db.o 
Info: Nothing to build for askme-project
18:36:00 **** Incremental Build of configuration Debug for project askme-project ****
Info: Internal Builder is used for build
g++ -O0 -g3 -Wall -c -fmessage-length=0 -o app.o "..\\app.cpp" 
g++ -o askme-project.exe app.o database_manager.o error.o login_handler.o main.o menu.o questions_db.o signup_handler.o users_db.o 
Info: Nothing to build for askme-project
18:37:03 **** Incremental Build of configuration Debug for project askme-project ****
Info: Internal Builder is used for build
g++ -O0 -g3 -Wall -c -fmessage-length=0 -o app.o "..\\app.cpp" 
..\app.cpp: In member function 'void App::print_questions_received(int)':
..\app.cpp:59:39: error: invalid operands of types 'const char [2]' and 'const char [1]' to binary 'operator/'
   59 |                         std::cout<<"/"/"";
      |                                    ~~~^~~
      |                                    |   |
      |                                    |   const char [1]
      |                                    const char [2]
18:37:10 **** Incremental Build of configuration Debug for project askme-project ****
Info: Internal Builder is used for build
g++ -O0 -g3 -Wall -c -fmessage-length=0 -o app.o "..\\app.cpp" 
..\app.cpp: In member function 'void App::print_questions_received(int)':
..\app.cpp:59:39: error: invalid operands of types 'const char [2]' and 'const char [1]' to binary 'operator/'
   59 |                         std::cout<<"/"/"";
      |                                    ~~~^~~
      |                                    |   |
      |                                    |   const char [1]
      |                                    const char [2]
18:37:27 **** Incremental Build of configuration Debug for project askme-project ****
Info: Internal Builder is used for build
g++ -O0 -g3 -Wall -c -fmessage-length=0 -o app.o "..\\app.cpp" 
g++ -o askme-project.exe app.o database_manager.o error.o login_handler.o main.o menu.o questions_db.o signup_handler.o users_db.o 
Info: Nothing to build for askme-project
18:38:13 **** Incremental Build of configuration Debug for project askme-project ****
Info: Internal Builder is used for build
g++ -O0 -g3 -Wall -c -fmessage-length=0 -o app.o "..\\app.cpp" 
g++ -o askme-project.exe app.o database_manager.o error.o login_handler.o main.o menu.o questions_db.o signup_handler.o users_db.o 
Info: Nothing to build for askme-project
18:38:50 **** Incremental Build of configuration Debug for project askme-project ****
Info: Internal Builder is used for build
g++ -O0 -g3 -Wall -c -fmessage-length=0 -o app.o "..\\app.cpp" 
g++ -o askme-project.exe app.o database_manager.o error.o login_handler.o main.o menu.o questions_db.o signup_handler.o users_db.o 
Info: Nothing to build for askme-project
18:49:38 **** Incremental Build of configuration Debug for project askme-project ****
Info: Internal Builder is used for build
g++ -O0 -g3 -Wall -c -fmessage-length=0 -o database_manager.o "..\\database_manager.cpp" 
In file included from C:/msys64/mingw64/include/c++/12.1.0/string:48,
                 from C:/msys64/mingw64/include/c++/12.1.0/bits/locale_classes.h:40,
                 from C:/msys64/mingw64/include/c++/12.1.0/bits/ios_base.h:41,
                 from C:/msys64/mingw64/include/c++/12.1.0/ios:42,
                 from C:/msys64/mingw64/include/c++/12.1.0/ostream:38,
                 from C:/msys64/mingw64/include/c++/12.1.0/iostream:39,
                 from ..\question.hpp:11,
                 from ..\questions_db.hpp:11,
                 from ..\database_manager.hpp:11,
                 from ..\database_manager.cpp:8:
C:/msys64/mingw64/include/c++/12.1.0/bits/stl_function.h: In instantiation of 'constexpr bool std::less<_Tp>::operator()(const _Tp&, const _Tp&) const [with _Tp = Question]':
C:/msys64/mingw64/include/c++/12.1.0/bits/stl_map.h:509:32:   required from 'std::map<_Key, _Tp, _Compare, _Alloc>::mapped_type& std::map<_Key, _Tp, _Compare, _Alloc>::operator[](const key_type&) [with _Key = Question; _Tp = std::vector<Question>; _Compare = std::less<Question>; _Alloc = std::allocator<std::pair<const Question, std::vector<Question> > >; mapped_type = std::vector<Question>; key_type = Question]'
..\database_manager.cpp:37:19:   required from here
C:/msys64/mingw64/include/c++/12.1.0/bits/stl_function.h:408:20: error: no match for 'operator<' (operand types are 'const Question' and 'const Question')
  408 |       { return __x < __y; }
      |                ~~~~^~~~~
In file included from C:/msys64/mingw64/include/c++/12.1.0/string:47:
C:/msys64/mingw64/include/c++/12.1.0/bits/stl_iterator.h:451:5: note: candidate: 'template<class _Iterator> constexpr bool std::operator<(const reverse_iterator<_Iterator>&, const reverse_iterator<_Iterator>&)'
  451 |     operator<(const reverse_iterator<_Iterator>& __x,
      |     ^~~~~~~~
C:/msys64/mingw64/include/c++/12.1.0/bits/stl_iterator.h:451:5: note:   template argument deduction/substitution failed:
C:/msys64/mingw64/include/c++/12.1.0/bits/stl_function.h:408:20: note:   'const Question' is not derived from 'const std::reverse_iterator<_Iterator>'
  408 |       { return __x < __y; }
      |                ~~~~^~~~~
C:/msys64/mingw64/include/c++/12.1.0/bits/stl_iterator.h:496:5: note: candidate: 'template<class _IteratorL, class _IteratorR> constexpr bool std::operator<(const reverse_iterator<_Iterator>&, const reverse_iterator<_IteratorR>&)'
  496 |     operator<(const reverse_iterator<_IteratorL>& __x,
      |     ^~~~~~~~
C:/msys64/mingw64/include/c++/12.1.0/bits/stl_iterator.h:496:5: note:   template argument deduction/substitution failed:
C:/msys64/mingw64/include/c++/12.1.0/bits/stl_function.h:408:20: note:   'const Question' is not derived from 'const std::reverse_iterator<_Iterator>'
  408 |       { return __x < __y; }
      |                ~~~~^~~~~
C:/msys64/mingw64/include/c++/12.1.0/bits/stl_iterator.h:1683:5: note: candidate: 'template<class _IteratorL, class _IteratorR> constexpr bool std::operator<(const move_iterator<_IteratorL>&, const move_iterator<_IteratorR>&)'
 1683 |     operator<(const move_iterator<_IteratorL>& __x,
      |     ^~~~~~~~
C:/msys64/mingw64/include/c++/12.1.0/bits/stl_iterator.h:1683:5: note:   template argument deduction/substitution failed:
C:/msys64/mingw64/include/c++/12.1.0/bits/stl_function.h:408:20: note:   'const Question' is not derived from 'const std::move_iterator<_IteratorL>'
  408 |       { return __x < __y; }
      |                ~~~~^~~~~
C:/msys64/mingw64/include/c++/12.1.0/bits/stl_iterator.h:1748:5: note: candidate: 'template<class _Iterator> constexpr bool std::operator<(const move_iterator<_IteratorL>&, const move_iterator<_IteratorL>&)'
 1748 |     operator<(const move_iterator<_Iterator>& __x,
      |     ^~~~~~~~
C:/msys64/mingw64/include/c++/12.1.0/bits/stl_iterator.h:1748:5: note:   template argument deduction/substitution failed:
C:/msys64/mingw64/include/c++/12.1.0/bits/stl_function.h:408:20: note:   'const Question' is not derived from 'const std::move_iterator<_IteratorL>'
  408 |       { return __x < __y; }
      |                ~~~~^~~~~
18:52:29 **** Incremental Build of configuration Debug for project askme-project ****
Info: Internal Builder is used for build
g++ -O0 -g3 -Wall -c -fmessage-length=0 -o signup_handler.o "..\\signup_handler.cpp" 
g++ -O0 -g3 -Wall -c -fmessage-length=0 -o database_manager.o "..\\database_manager.cpp" 
In file included from C:/msys64/mingw64/include/c++/12.1.0/string:48,
                 from C:/msys64/mingw64/include/c++/12.1.0/bits/locale_classes.h:40,
                 from C:/msys64/mingw64/include/c++/12.1.0/bits/ios_base.h:41,
                 from C:/msys64/mingw64/include/c++/12.1.0/ios:42,
                 from C:/msys64/mingw64/include/c++/12.1.0/ostream:38,
                 from C:/msys64/mingw64/include/c++/12.1.0/iostream:39,
                 from ..\question.hpp:11,
                 from ..\questions_db.hpp:11,
                 from ..\database_manager.hpp:11,
                 from ..\database_manager.cpp:8:
C:/msys64/mingw64/include/c++/12.1.0/bits/stl_function.h: In instantiation of 'constexpr bool std::less<_Tp>::operator()(const _Tp&, const _Tp&) const [with _Tp = Question]':
C:/msys64/mingw64/include/c++/12.1.0/bits/stl_map.h:509:32:   required from 'std::map<_Key, _Tp, _Compare, _Alloc>::mapped_type& std::map<_Key, _Tp, _Compare, _Alloc>::operator[](const key_type&) [with _Key = Question; _Tp = std::vector<Question>; _Compare = std::less<Question>; _Alloc = std::allocator<std::pair<const Question, std::vector<Question> > >; mapped_type = std::vector<Question>; key_type = Question]'
..\database_manager.cpp:37:19:   required from here
C:/msys64/mingw64/include/c++/12.1.0/bits/stl_function.h:408:20: error: no match for 'operator<' (operand types are 'const Question' and 'const Question')
  408 |       { return __x < __y; }
      |                ~~~~^~~~~
In file included from C:/msys64/mingw64/include/c++/12.1.0/string:47:
C:/msys64/mingw64/include/c++/12.1.0/bits/stl_iterator.h:451:5: note: candidate: 'template<class _Iterator> constexpr bool std::operator<(const reverse_iterator<_Iterator>&, const reverse_iterator<_Iterator>&)'
  451 |     operator<(const reverse_iterator<_Iterator>& __x,
      |     ^~~~~~~~
C:/msys64/mingw64/include/c++/12.1.0/bits/stl_iterator.h:451:5: note:   template argument deduction/substitution failed:
C:/msys64/mingw64/include/c++/12.1.0/bits/stl_function.h:408:20: note:   'const Question' is not derived from 'const std::reverse_iterator<_Iterator>'
  408 |       { return __x < __y; }
      |                ~~~~^~~~~
C:/msys64/mingw64/include/c++/12.1.0/bits/stl_iterator.h:496:5: note: candidate: 'template<class _IteratorL, class _IteratorR> constexpr bool std::operator<(const reverse_iterator<_Iterator>&, const reverse_iterator<_IteratorR>&)'
  496 |     operator<(const reverse_iterator<_IteratorL>& __x,
      |     ^~~~~~~~
C:/msys64/mingw64/include/c++/12.1.0/bits/stl_iterator.h:496:5: note:   template argument deduction/substitution failed:
C:/msys64/mingw64/include/c++/12.1.0/bits/stl_function.h:408:20: note:   'const Question' is not derived from 'const std::reverse_iterator<_Iterator>'
  408 |       { return __x < __y; }
      |                ~~~~^~~~~
C:/msys64/mingw64/include/c++/12.1.0/bits/stl_iterator.h:1683:5: note: candidate: 'template<class _IteratorL, class _IteratorR> constexpr bool std::operator<(const move_iterator<_IteratorL>&, const move_iterator<_IteratorR>&)'
 1683 |     operator<(const move_iterator<_IteratorL>& __x,
      |     ^~~~~~~~
C:/msys64/mingw64/include/c++/12.1.0/bits/stl_iterator.h:1683:5: note:   template argument deduction/substitution failed:
C:/msys64/mingw64/include/c++/12.1.0/bits/stl_function.h:408:20: note:   'const Question' is not derived from 'const std::move_iterator<_IteratorL>'
  408 |       { return __x < __y; }
      |                ~~~~^~~~~
C:/msys64/mingw64/include/c++/12.1.0/bits/stl_iterator.h:1748:5: note: candidate: 'template<class _Iterator> constexpr bool std::operator<(const move_iterator<_IteratorL>&, const move_iterator<_IteratorL>&)'
 1748 |     operator<(const move_iterator<_Iterator>& __x,
      |     ^~~~~~~~
C:/msys64/mingw64/include/c++/12.1.0/bits/stl_iterator.h:1748:5: note:   template argument deduction/substitution failed:
C:/msys64/mingw64/include/c++/12.1.0/bits/stl_function.h:408:20: note:   'const Question' is not derived from 'const std::move_iterator<_IteratorL>'
  408 |       { return __x < __y; }
      |                ~~~~^~~~~
18:55:57 **** Incremental Build of configuration Debug for project askme-project ****
Info: Internal Builder is used for build
g++ -O0 -g3 -Wall -c -fmessage-length=0 -o app.o "..\\app.cpp" 
g++ -O0 -g3 -Wall -c -fmessage-length=0 -o login_handler.o "..\\login_handler.cpp" 
g++ -O0 -g3 -Wall -c -fmessage-length=0 -o database_manager.o "..\\database_manager.cpp" 
In file included from C:/msys64/mingw64/include/c++/12.1.0/string:48,
                 from C:/msys64/mingw64/include/c++/12.1.0/bits/locale_classes.h:40,
                 from C:/msys64/mingw64/include/c++/12.1.0/bits/ios_base.h:41,
                 from C:/msys64/mingw64/include/c++/12.1.0/ios:42,
                 from C:/msys64/mingw64/include/c++/12.1.0/ostream:38,
                 from C:/msys64/mingw64/include/c++/12.1.0/iostream:39,
                 from ..\question.hpp:11,
                 from ..\questions_db.hpp:11,
                 from ..\database_manager.hpp:11,
                 from ..\database_manager.cpp:8:
C:/msys64/mingw64/include/c++/12.1.0/bits/stl_function.h: In instantiation of 'constexpr bool std::less<_Tp>::operator()(const _Tp&, const _Tp&) const [with _Tp = Question]':
C:/msys64/mingw64/include/c++/12.1.0/bits/stl_map.h:597:37:   required from 'std::pair<typename std::_Rb_tree<_Key, std::pair<const _Key, _Tp>, std::_Select1st<std::pair<const _Key, _Tp> >, _Compare, typename __gnu_cxx::__alloc_traits<_Allocator>::rebind<std::pair<const _Key, _Tp> >::other>::iterator, bool> std::map<_Key, _Tp, _Compare, _Alloc>::emplace(_Args&& ...) [with _Args = {Question&, std::vector<Question, std::allocator<Question> >}; _Key = Question; _Tp = std::vector<Question>; _Compare = std::less<Question>; _Alloc = std::allocator<std::pair<const Question, std::vector<Question> > >; typename std::_Rb_tree<_Key, std::pair<const _Key, _Tp>, std::_Select1st<std::pair<const _Key, _Tp> >, _Compare, typename __gnu_cxx::__alloc_traits<_Allocator>::rebind<std::pair<const _Key, _Tp> >::other>::iterator = std::_Rb_tree<Question, std::pair<const Question, std::vector<Question> >, std::_Select1st<std::pair<const Question, std::vector<Question> > >, std::less<Question>, std::allocator<std::pair<const Question, std::vector<Question> > > >::iterator; typename __gnu_cxx::__alloc_traits<_Allocator>::rebind<std::pair<const _Key, _Tp> >::other = std::allocator<std::pair<const Question, std::vector<Question> > >; typename __gnu_cxx::__alloc_traits<_Allocator>::rebind<std::pair<const _Key, _Tp> > = __gnu_cxx::__alloc_traits<std::allocator<std::pair<const Question, std::vector<Question> > >, std::pair<const Question, std::vector<Question> > >::rebind<std::pair<const Question, std::vector<Question> > >; typename _Allocator::value_type = std::pair<const Question, std::vector<Question> >]'
..\database_manager.cpp:37:14:   required from here
C:/msys64/mingw64/include/c++/12.1.0/bits/stl_function.h:408:20: error: no match for 'operator<' (operand types are 'const Question' and 'const Question')
  408 |       { return __x < __y; }
      |                ~~~~^~~~~
In file included from C:/msys64/mingw64/include/c++/12.1.0/string:47:
C:/msys64/mingw64/include/c++/12.1.0/bits/stl_iterator.h:451:5: note: candidate: 'template<class _Iterator> constexpr bool std::operator<(const reverse_iterator<_Iterator>&, const reverse_iterator<_Iterator>&)'
  451 |     operator<(const reverse_iterator<_Iterator>& __x,
      |     ^~~~~~~~
C:/msys64/mingw64/include/c++/12.1.0/bits/stl_iterator.h:451:5: note:   template argument deduction/substitution failed:
C:/msys64/mingw64/include/c++/12.1.0/bits/stl_function.h:408:20: note:   'const Question' is not derived from 'const std::reverse_iterator<_Iterator>'
  408 |       { return __x < __y; }
      |                ~~~~^~~~~
C:/msys64/mingw64/include/c++/12.1.0/bits/stl_iterator.h:496:5: note: candidate: 'template<class _IteratorL, class _IteratorR> constexpr bool std::operator<(const reverse_iterator<_Iterator>&, const reverse_iterator<_IteratorR>&)'
  496 |     operator<(const reverse_iterator<_IteratorL>& __x,
      |     ^~~~~~~~
C:/msys64/mingw64/include/c++/12.1.0/bits/stl_iterator.h:496:5: note:   template argument deduction/substitution failed:
C:/msys64/mingw64/include/c++/12.1.0/bits/stl_function.h:408:20: note:   'const Question' is not derived from 'const std::reverse_iterator<_Iterator>'
  408 |       { return __x < __y; }
      |                ~~~~^~~~~
C:/msys64/mingw64/include/c++/12.1.0/bits/stl_iterator.h:1683:5: note: candidate: 'template<class _IteratorL, class _IteratorR> constexpr bool std::operator<(const move_iterator<_IteratorL>&, const move_iterator<_IteratorR>&)'
 1683 |     operator<(const move_iterator<_IteratorL>& __x,
      |     ^~~~~~~~
C:/msys64/mingw64/include/c++/12.1.0/bits/stl_iterator.h:1683:5: note:   template argument deduction/substitution failed:
C:/msys64/mingw64/include/c++/12.1.0/bits/stl_function.h:408:20: note:   'const Question' is not derived from 'const std::move_iterator<_IteratorL>'
  408 |       { return __x < __y; }
      |                ~~~~^~~~~
C:/msys64/mingw64/include/c++/12.1.0/bits/stl_iterator.h:1748:5: note: candidate: 'template<class _Iterator> constexpr bool std::operator<(const move_iterator<_IteratorL>&, const move_iterator<_IteratorL>&)'
 1748 |     operator<(const move_iterator<_Iterator>& __x,
      |     ^~~~~~~~
C:/msys64/mingw64/include/c++/12.1.0/bits/stl_iterator.h:1748:5: note:   template argument deduction/substitution failed:
C:/msys64/mingw64/include/c++/12.1.0/bits/stl_function.h:408:20: note:   'const Question' is not derived from 'const std::move_iterator<_IteratorL>'
  408 |       { return __x < __y; }
      |                ~~~~^~~~~
18:56:47 **** Incremental Build of configuration Debug for project askme-project ****
Info: Internal Builder is used for build
g++ -O0 -g3 -Wall -c -fmessage-length=0 -o database_manager.o "..\\database_manager.cpp" 
In file included from C:/msys64/mingw64/include/c++/12.1.0/string:48,
                 from C:/msys64/mingw64/include/c++/12.1.0/bits/locale_classes.h:40,
                 from C:/msys64/mingw64/include/c++/12.1.0/bits/ios_base.h:41,
                 from C:/msys64/mingw64/include/c++/12.1.0/ios:42,
                 from C:/msys64/mingw64/include/c++/12.1.0/ostream:38,
                 from C:/msys64/mingw64/include/c++/12.1.0/iostream:39,
                 from ..\question.hpp:11,
                 from ..\questions_db.hpp:11,
                 from ..\database_manager.hpp:11,
                 from ..\database_manager.cpp:8:
C:/msys64/mingw64/include/c++/12.1.0/bits/stl_function.h: In instantiation of 'constexpr bool std::less<_Tp>::operator()(const _Tp&, const _Tp&) const [with _Tp = Question]':
C:/msys64/mingw64/include/c++/12.1.0/bits/stl_map.h:509:32:   required from 'std::map<_Key, _Tp, _Compare, _Alloc>::mapped_type& std::map<_Key, _Tp, _Compare, _Alloc>::operator[](const key_type&) [with _Key = Question; _Tp = std::vector<Question>; _Compare = std::less<Question>; _Alloc = std::allocator<std::pair<const Question, std::vector<Question> > >; mapped_type = std::vector<Question>; key_type = Question]'
..\database_manager.cpp:37:19:   required from here
C:/msys64/mingw64/include/c++/12.1.0/bits/stl_function.h:408:20: error: no match for 'operator<' (operand types are 'const Question' and 'const Question')
  408 |       { return __x < __y; }
      |                ~~~~^~~~~
In file included from C:/msys64/mingw64/include/c++/12.1.0/string:47:
C:/msys64/mingw64/include/c++/12.1.0/bits/stl_iterator.h:451:5: note: candidate: 'template<class _Iterator> constexpr bool std::operator<(const reverse_iterator<_Iterator>&, const reverse_iterator<_Iterator>&)'
  451 |     operator<(const reverse_iterator<_Iterator>& __x,
      |     ^~~~~~~~
C:/msys64/mingw64/include/c++/12.1.0/bits/stl_iterator.h:451:5: note:   template argument deduction/substitution failed:
C:/msys64/mingw64/include/c++/12.1.0/bits/stl_function.h:408:20: note:   'const Question' is not derived from 'const std::reverse_iterator<_Iterator>'
  408 |       { return __x < __y; }
      |                ~~~~^~~~~
C:/msys64/mingw64/include/c++/12.1.0/bits/stl_iterator.h:496:5: note: candidate: 'template<class _IteratorL, class _IteratorR> constexpr bool std::operator<(const reverse_iterator<_Iterator>&, const reverse_iterator<_IteratorR>&)'
  496 |     operator<(const reverse_iterator<_IteratorL>& __x,
      |     ^~~~~~~~
C:/msys64/mingw64/include/c++/12.1.0/bits/stl_iterator.h:496:5: note:   template argument deduction/substitution failed:
C:/msys64/mingw64/include/c++/12.1.0/bits/stl_function.h:408:20: note:   'const Question' is not derived from 'const std::reverse_iterator<_Iterator>'
  408 |       { return __x < __y; }
      |                ~~~~^~~~~
C:/msys64/mingw64/include/c++/12.1.0/bits/stl_iterator.h:1683:5: note: candidate: 'template<class _IteratorL, class _IteratorR> constexpr bool std::operator<(const move_iterator<_IteratorL>&, const move_iterator<_IteratorR>&)'
 1683 |     operator<(const move_iterator<_IteratorL>& __x,
      |     ^~~~~~~~
C:/msys64/mingw64/include/c++/12.1.0/bits/stl_iterator.h:1683:5: note:   template argument deduction/substitution failed:
C:/msys64/mingw64/include/c++/12.1.0/bits/stl_function.h:408:20: note:   'const Question' is not derived from 'const std::move_iterator<_IteratorL>'
  408 |       { return __x < __y; }
      |                ~~~~^~~~~
C:/msys64/mingw64/include/c++/12.1.0/bits/stl_iterator.h:1748:5: note: candidate: 'template<class _Iterator> constexpr bool std::operator<(const move_iterator<_IteratorL>&, const move_iterator<_IteratorL>&)'
 1748 |     operator<(const move_iterator<_Iterator>& __x,
      |     ^~~~~~~~
C:/msys64/mingw64/include/c++/12.1.0/bits/stl_iterator.h:1748:5: note:   template argument deduction/substitution failed:
C:/msys64/mingw64/include/c++/12.1.0/bits/stl_function.h:408:20: note:   'const Question' is not derived from 'const std::move_iterator<_IteratorL>'
  408 |       { return __x < __y; }
      |                ~~~~^~~~~
20:06:02 **** Incremental Build of configuration Debug for project askme-project ****
Info: Internal Builder is used for build
g++ -O0 -g3 -Wall -c -fmessage-length=0 -o login_handler.o "..\\login_handler.cpp" 
g++ -O0 -g3 -Wall -c -fmessage-length=0 -o database_manager.o "..\\database_manager.cpp" 
g++ -O0 -g3 -Wall -c -fmessage-length=0 -o app.o "..\\app.cpp" 
g++ -O0 -g3 -Wall -c -fmessage-length=0 -o signup_handler.o "..\\signup_handler.cpp" 
g++ -o askme-project.exe app.o database_manager.o error.o login_handler.o main.o menu.o questions_db.o signup_handler.o users_db.o 
Info: Nothing to build for askme-project
15:41:11 **** Incremental Build of configuration Debug for project askme-project ****
Info: Internal Builder is used for build
g++ -O0 -g3 -Wall -c -fmessage-length=0 -o questions_db.o "..\\questions_db.cpp" 
g++ -O0 -g3 -Wall -c -fmessage-length=0 -o database_manager.o "..\\database_manager.cpp" 
g++ -O0 -g3 -Wall -c -fmessage-length=0 -o signup_handler.o "..\\signup_handler.cpp" 
g++ -O0 -g3 -Wall -c -fmessage-length=0 -o question.o "..\\question.cpp" 
..\question.cpp: In member function 'void Question::print_children()':
..\question.cpp:20:25: warning: unused variable 'q' [-Wunused-variable]
   20 |         for(auto const &q : children){
      |                         ^
g++ -O0 -g3 -Wall -c -fmessage-length=0 -o app.o "..\\app.cpp" 
..\app.cpp: In member function 'void App::print_questions_received(int)':
..\app.cpp:54:26: error: passing 'std::tuple_element<1, const std::pair<const int, Question> >::type' {aka 'const Question'} as 'this' argument discards qualifiers [-fpermissive]
   54 |                 val.print();
      |                 ~~~~~~~~~^~
In file included from ..\app.cpp:11:
..\question.hpp:22:14: note:   in call to 'void Question::print()'
   22 |         void print();
      |              ^~~~~
15:51:57 **** Incremental Build of configuration Debug for project askme-project ****
Info: Internal Builder is used for build
g++ -O0 -g3 -Wall -c -fmessage-length=0 -o app.o "..\\app.cpp" 
g++ -O0 -g3 -Wall -c -fmessage-length=0 -o questions_db.o "..\\questions_db.cpp" 
g++ -O0 -g3 -Wall -c -fmessage-length=0 -o question.o "..\\question.cpp" 
g++ -O0 -g3 -Wall -c -fmessage-length=0 -o database_manager.o "..\\database_manager.cpp" 
g++ -O0 -g3 -Wall -c -fmessage-length=0 -o login_handler.o "..\\login_handler.cpp" 
g++ -O0 -g3 -Wall -c -fmessage-length=0 -o signup_handler.o "..\\signup_handler.cpp" 
g++ -o askme-project.exe app.o database_manager.o error.o login_handler.o main.o menu.o question.o questions_db.o signup_handler.o users_db.o 
15:55:21 **** Incremental Build of configuration Debug for project askme-project ****
Info: Internal Builder is used for build
g++ -O0 -g3 -Wall -c -fmessage-length=0 -o app.o "..\\app.cpp" 
g++ -o askme-project.exe app.o database_manager.o error.o login_handler.o main.o menu.o question.o questions_db.o signup_handler.o users_db.o 
Info: Nothing to build for askme-project
15:58:45 **** Incremental Build of configuration Debug for project askme-project ****
Info: Internal Builder is used for build
g++ -O0 -g3 -Wall -c -fmessage-length=0 -o question.o "..\\question.cpp" 
g++ -o askme-project.exe app.o database_manager.o error.o login_handler.o main.o menu.o question.o questions_db.o signup_handler.o users_db.o 
C:/msys64/mingw64/bin/../lib/gcc/x86_64-w64-mingw32/12.1.0/../../../../x86_64-w64-mingw32/bin/ld.exe: cannot open output file askme-project.exe: Permission denied
collect2.exe: error: ld returned 1 exit status
15:58:49 **** Incremental Build of configuration Debug for project askme-project ****
Info: Internal Builder is used for build
g++ -o askme-project.exe app.o database_manager.o error.o login_handler.o main.o menu.o question.o questions_db.o signup_handler.o users_db.o 
Info: Nothing to build for askme-project
16:35:54 **** Incremental Build of configuration Debug for project askme-project ****
Info: Internal Builder is used for build
g++ -O0 -g3 -Wall -c -fmessage-length=0 -o question.o "..\\question.cpp" 
g++ -o askme-project.exe app.o database_manager.o error.o login_handler.o main.o menu.o question.o questions_db.o signup_handler.o users_db.o 
C:/msys64/mingw64/bin/../lib/gcc/x86_64-w64-mingw32/12.1.0/../../../../x86_64-w64-mingw32/bin/ld.exe: cannot open output file askme-project.exe: Permission denied
collect2.exe: error: ld returned 1 exit status
16:35:58 **** Incremental Build of configuration Debug for project askme-project ****
Info: Internal Builder is used for build
g++ -o askme-project.exe app.o database_manager.o error.o login_handler.o main.o menu.o question.o questions_db.o signup_handler.o users_db.o 
Info: Nothing to build for askme-project
16:40:51 **** Incremental Build of configuration Debug for project askme-project ****
Info: Internal Builder is used for build
g++ -O0 -g3 -Wall -c -fmessage-length=0 -o questions_db.o "..\\questions_db.cpp" 
g++ -O0 -g3 -Wall -c -fmessage-length=0 -o login_handler.o "..\\login_handler.cpp" 
g++ -O0 -g3 -Wall -c -fmessage-length=0 -o signup_handler.o "..\\signup_handler.cpp" 
g++ -O0 -g3 -Wall -c -fmessage-length=0 -o question.o "..\\question.cpp" 
g++ -O0 -g3 -Wall -c -fmessage-length=0 -o database_manager.o "..\\database_manager.cpp" 
g++ -O0 -g3 -Wall -c -fmessage-length=0 -o app.o "..\\app.cpp" 
g++ -o askme-project.exe app.o database_manager.o error.o login_handler.o main.o menu.o question.o questions_db.o signup_handler.o users_db.o 
Info: Nothing to build for askme-project
Info: Nothing to build for askme-project
Info: Nothing to build for askme-project
Info: Nothing to build for askme-project
Info: Nothing to build for askme-project
16:52:46 **** Incremental Build of configuration Debug for project askme-project ****
Info: Internal Builder is used for build
g++ -O0 -g3 -Wall -c -fmessage-length=0 -o menu.o "..\\menu.cpp" 
g++ -o askme-project.exe app.o database_manager.o error.o login_handler.o main.o menu.o question.o questions_db.o signup_handler.o users_db.o 
Info: Nothing to build for askme-project
16:57:59 **** Incremental Build of configuration Debug for project askme-project ****
Info: Internal Builder is used for build
g++ -O0 -g3 -Wall -c -fmessage-length=0 -o login_handler.o "..\\login_handler.cpp" 
g++ -o askme-project.exe app.o database_manager.o error.o login_handler.o main.o menu.o question.o questions_db.o signup_handler.o users_db.o 
Info: Nothing to build for askme-project
17:08:21 **** Incremental Build of configuration Debug for project askme-project ****
Info: Internal Builder is used for build
g++ -O0 -g3 -Wall -c -fmessage-length=0 -o questions_db.o "..\\questions_db.cpp" 
g++ -o askme-project.exe app.o database_manager.o error.o login_handler.o main.o menu.o question.o questions_db.o signup_handler.o users_db.o 
Info: Nothing to build for askme-project
17:14:28 **** Incremental Build of configuration Debug for project askme-project ****
Info: Internal Builder is used for build
g++ -O0 -g3 -Wall -c -fmessage-length=0 -o questions_db.o "..\\questions_db.cpp" 
g++ -o askme-project.exe app.o database_manager.o error.o login_handler.o main.o menu.o question.o questions_db.o signup_handler.o users_db.o 
Info: Nothing to build for askme-project
17:15:32 **** Incremental Build of configuration Debug for project askme-project ****
Info: Internal Builder is used for build
g++ -O0 -g3 -Wall -c -fmessage-length=0 -o questions_db.o "..\\questions_db.cpp" 
g++ -o askme-project.exe app.o database_manager.o error.o login_handler.o main.o menu.o question.o questions_db.o signup_handler.o users_db.o 
Info: Nothing to build for askme-project
Info: Nothing to build for askme-project
Info: Nothing to build for askme-project
17:18:31 **** Incremental Build of configuration Debug for project askme-project ****
Info: Internal Builder is used for build
g++ -O0 -g3 -Wall -c -fmessage-length=0 -o questions_db.o "..\\questions_db.cpp" 
g++ -o askme-project.exe app.o database_manager.o error.o login_handler.o main.o menu.o question.o questions_db.o signup_handler.o users_db.o 
C:/msys64/mingw64/bin/../lib/gcc/x86_64-w64-mingw32/12.1.0/../../../../x86_64-w64-mingw32/bin/ld.exe: cannot open output file askme-project.exe: Permission denied
collect2.exe: error: ld returned 1 exit status
17:18:35 **** Incremental Build of configuration Debug for project askme-project ****
Info: Internal Builder is used for build
g++ -o askme-project.exe app.o database_manager.o error.o login_handler.o main.o menu.o question.o questions_db.o signup_handler.o users_db.o 
Info: Nothing to build for askme-project
17:21:32 **** Incremental Build of configuration Debug for project askme-project ****
Info: Internal Builder is used for build
g++ -O0 -g3 -Wall -c -fmessage-length=0 -o app.o "..\\app.cpp" 
g++ -o askme-project.exe app.o database_manager.o error.o login_handler.o main.o menu.o question.o questions_db.o signup_handler.o users_db.o 
C:/msys64/mingw64/bin/../lib/gcc/x86_64-w64-mingw32/12.1.0/../../../../x86_64-w64-mingw32/bin/ld.exe: cannot open output file askme-project.exe: Permission denied
collect2.exe: error: ld returned 1 exit status
17:21:36 **** Incremental Build of configuration Debug for project askme-project ****
Info: Internal Builder is used for build
g++ -o askme-project.exe app.o database_manager.o error.o login_handler.o main.o menu.o question.o questions_db.o signup_handler.o users_db.o 
Info: Nothing to build for askme-project
17:25:42 **** Incremental Build of configuration Debug for project askme-project ****
Info: Internal Builder is used for build
g++ -O0 -g3 -Wall -c -fmessage-length=0 -o app.o "..\\app.cpp" 
g++ -O0 -g3 -Wall -c -fmessage-length=0 -o question.o "..\\question.cpp" 
g++ -o askme-project.exe app.o database_manager.o error.o login_handler.o main.o menu.o question.o questions_db.o signup_handler.o users_db.o 
17:35:53 **** Incremental Build of configuration Debug for project askme-project ****
Info: Internal Builder is used for build
g++ -O0 -g3 -Wall -c -fmessage-length=0 -o questions_db.o "..\\questions_db.cpp" 
g++ -o askme-project.exe app.o database_manager.o error.o login_handler.o main.o menu.o question.o questions_db.o signup_handler.o users_db.o 
18:05:47 **** Incremental Build of configuration Debug for project askme-project ****
Info: Internal Builder is used for build
g++ -O0 -g3 -Wall -c -fmessage-length=0 -o questions_db.o "..\\questions_db.cpp" 
g++ -o askme-project.exe app.o database_manager.o error.o login_handler.o main.o menu.o question.o questions_db.o signup_handler.o users_db.o 
Info: Nothing to build for askme-project
Info: Nothing to build for askme-project
Info: Nothing to build for askme-project
Info: Nothing to build for askme-project
Info: Nothing to build for askme-project
18:23:22 **** Incremental Build of configuration Debug for project askme-project ****
Info: Internal Builder is used for build
g++ -O0 -g3 -Wall -c -fmessage-length=0 -o app.o "..\\app.cpp" 
g++ -o askme-project.exe app.o database_manager.o error.o login_handler.o main.o menu.o question.o questions_db.o signup_handler.o users_db.o 
18:26:17 **** Incremental Build of configuration Debug for project askme-project ****
Info: Internal Builder is used for build
g++ -O0 -g3 -Wall -c -fmessage-length=0 -o question.o "..\\question.cpp" 
g++ -o askme-project.exe app.o database_manager.o error.o login_handler.o main.o menu.o question.o questions_db.o signup_handler.o users_db.o 
Info: Nothing to build for askme-project
18:27:12 **** Incremental Build of configuration Debug for project askme-project ****
Info: Internal Builder is used for build
g++ -O0 -g3 -Wall -c -fmessage-length=0 -o question.o "..\\question.cpp" 
g++ -o askme-project.exe app.o database_manager.o error.o login_handler.o main.o menu.o question.o questions_db.o signup_handler.o users_db.o 
Info: Nothing to build for askme-project
Info: Nothing to build for askme-project
18:32:46 **** Incremental Build of configuration Debug for project askme-project ****
Info: Internal Builder is used for build
g++ -O0 -g3 -Wall -c -fmessage-length=0 -o signup_handler.o "..\\signup_handler.cpp" 
g++ -O0 -g3 -Wall -c -fmessage-length=0 -o database_manager.o "..\\database_manager.cpp" 
g++ -O0 -g3 -Wall -c -fmessage-length=0 -o question.o "..\\question.cpp" 
g++ -O0 -g3 -Wall -c -fmessage-length=0 -o login_handler.o "..\\login_handler.cpp" 
g++ -O0 -g3 -Wall -c -fmessage-length=0 -o app.o "..\\app.cpp" 
g++ -o askme-project.exe app.o database_manager.o error.o login_handler.o main.o menu.o question.o questions_db.o signup_handler.o users_db.o 
Info: Nothing to build for askme-project
18:35:50 **** Incremental Build of configuration Debug for project askme-project ****
Info: Internal Builder is used for build
g++ -O0 -g3 -Wall -c -fmessage-length=0 -o app.o "..\\app.cpp" 
g++ -o askme-project.exe app.o database_manager.o error.o login_handler.o main.o menu.o question.o questions_db.o signup_handler.o users_db.o 
C:/msys64/mingw64/bin/../lib/gcc/x86_64-w64-mingw32/12.1.0/../../../../x86_64-w64-mingw32/bin/ld.exe: cannot open output file askme-project.exe: Permission denied
collect2.exe: error: ld returned 1 exit status
18:35:54 **** Incremental Build of configuration Debug for project askme-project ****
Info: Internal Builder is used for build
g++ -o askme-project.exe app.o database_manager.o error.o login_handler.o main.o menu.o question.o questions_db.o signup_handler.o users_db.o 
Info: Nothing to build for askme-project
18:38:59 **** Incremental Build of configuration Debug for project askme-project ****
Info: Internal Builder is used for build
g++ -O0 -g3 -Wall -c -fmessage-length=0 -o app.o "..\\app.cpp" 
g++ -o askme-project.exe app.o database_manager.o error.o login_handler.o main.o menu.o question.o questions_db.o signup_handler.o users_db.o 
Info: Nothing to build for askme-project
18:40:12 **** Incremental Build of configuration Debug for project askme-project ****
Info: Internal Builder is used for build
g++ -O0 -g3 -Wall -c -fmessage-length=0 -o app.o "..\\app.cpp" 
g++ -o askme-project.exe app.o database_manager.o error.o login_handler.o main.o menu.o question.o questions_db.o signup_handler.o users_db.o 
C:/msys64/mingw64/bin/../lib/gcc/x86_64-w64-mingw32/12.1.0/../../../../x86_64-w64-mingw32/bin/ld.exe: cannot open output file askme-project.exe: Permission denied
collect2.exe: error: ld returned 1 exit status
18:40:16 **** Incremental Build of configuration Debug for project askme-project ****
Info: Internal Builder is used for build
g++ -o askme-project.exe app.o database_manager.o error.o login_handler.o main.o menu.o question.o questions_db.o signup_handler.o users_db.o 
Info: Nothing to build for askme-project
18:42:12 **** Incremental Build of configuration Debug for project askme-project ****
Info: Internal Builder is used for build
g++ -O0 -g3 -Wall -c -fmessage-length=0 -o app.o "..\\app.cpp" 
g++ -o askme-project.exe app.o database_manager.o error.o login_handler.o main.o menu.o question.o questions_db.o signup_handler.o users_db.o 
C:/msys64/mingw64/bin/../lib/gcc/x86_64-w64-mingw32/12.1.0/../../../../x86_64-w64-mingw32/bin/ld.exe: cannot open output file askme-project.exe: Permission denied
collect2.exe: error: ld returned 1 exit status
18:42:16 **** Incremental Build of configuration Debug for project askme-project ****
Info: Internal Builder is used for build
g++ -o askme-project.exe app.o database_manager.o error.o login_handler.o main.o menu.o question.o questions_db.o signup_handler.o users_db.o 
Info: Nothing to build for askme-project
18:46:34 **** Incremental Build of configuration Debug for project askme-project ****
Info: Internal Builder is used for build
g++ -O0 -g3 -Wall -c -fmessage-length=0 -o app.o "..\\app.cpp" 
g++ -O0 -g3 -Wall -c -fmessage-length=0 -o question.o "..\\question.cpp" 
..\question.cpp: In member function 'void Question::print_children() const':
..\question.cpp:29:25: warning: comparison of integer expressions of different signedness: 'int' and 'std::vector<Question>::size_type' {aka 'long long unsigned int'} [-Wsign-compare]
   29 |         for(int i = 0; i<children.size(); i++){
      |                        ~^~~~~~~~~~~~~~~~
g++ -o askme-project.exe app.o database_manager.o error.o login_handler.o main.o menu.o question.o questions_db.o signup_handler.o users_db.o 
Info: Nothing to build for askme-project
19:14:59 **** Incremental Build of configuration Debug for project askme-project ****
Info: Internal Builder is used for build
g++ -O0 -g3 -Wall -c -fmessage-length=0 -o app.o "..\\app.cpp" 
g++ -O0 -g3 -Wall -c -fmessage-length=0 -o question.o "..\\question.cpp" 
g++ -o askme-project.exe app.o database_manager.o error.o login_handler.o main.o menu.o question.o questions_db.o signup_handler.o users_db.o 
C:/msys64/mingw64/bin/../lib/gcc/x86_64-w64-mingw32/12.1.0/../../../../x86_64-w64-mingw32/bin/ld.exe: cannot open output file askme-project.exe: Permission denied
collect2.exe: error: ld returned 1 exit status
19:15:03 **** Incremental Build of configuration Debug for project askme-project ****
Info: Internal Builder is used for build
g++ -o askme-project.exe app.o database_manager.o error.o login_handler.o main.o menu.o question.o questions_db.o signup_handler.o users_db.o 
Info: Nothing to build for askme-project
20:38:29 **** Incremental Build of configuration Debug for project askme-project ****
Info: Internal Builder is used for build
g++ -O0 -g3 -Wall -c -fmessage-length=0 -o question.o "..\\question.cpp" 
g++ -o askme-project.exe app.o database_manager.o error.o login_handler.o main.o menu.o question.o questions_db.o signup_handler.o users_db.o 
Info: Nothing to build for askme-project
20:40:25 **** Incremental Build of configuration Debug for project askme-project ****
Info: Internal Builder is used for build
g++ -O0 -g3 -Wall -c -fmessage-length=0 -o question.o "..\\question.cpp" 
..\question.cpp: In member function 'void Question::print_children() const':
..\question.cpp:30:24: warning: loop variable 'q' creates a copy from type 'const Question' [-Wrange-loop-construct]
   30 |         for(auto const q : children){
      |                        ^
..\question.cpp:30:24: note: use reference type to prevent copying
   30 |         for(auto const q : children){
      |                        ^
      |                        &
g++ -o askme-project.exe app.o database_manager.o error.o login_handler.o main.o menu.o question.o questions_db.o signup_handler.o users_db.o 
C:/msys64/mingw64/bin/../lib/gcc/x86_64-w64-mingw32/12.1.0/../../../../x86_64-w64-mingw32/bin/ld.exe: cannot open output file askme-project.exe: Permission denied
collect2.exe: error: ld returned 1 exit status
20:40:31 **** Incremental Build of configuration Debug for project askme-project ****
Info: Internal Builder is used for build
g++ -o askme-project.exe app.o database_manager.o error.o login_handler.o main.o menu.o question.o questions_db.o signup_handler.o users_db.o 
Info: Nothing to build for askme-project
20:55:01 **** Incremental Build of configuration Debug for project askme-project ****
Info: Internal Builder is used for build
g++ -O0 -g3 -Wall -c -fmessage-length=0 -o question.o "..\\question.cpp" 
g++ -o askme-project.exe app.o database_manager.o error.o login_handler.o main.o menu.o question.o questions_db.o signup_handler.o users_db.o 
C:/msys64/mingw64/bin/../lib/gcc/x86_64-w64-mingw32/12.1.0/../../../../x86_64-w64-mingw32/bin/ld.exe: cannot open output file askme-project.exe: Permission denied
collect2.exe: error: ld returned 1 exit status
20:55:05 **** Incremental Build of configuration Debug for project askme-project ****
Info: Internal Builder is used for build
g++ -o askme-project.exe app.o database_manager.o error.o login_handler.o main.o menu.o question.o questions_db.o signup_handler.o users_db.o 
Info: Nothing to build for askme-project
Info: Nothing to build for askme-project
Info: Nothing to build for askme-project
20:57:34 **** Incremental Build of configuration Debug for project askme-project ****
Info: Internal Builder is used for build
g++ -O0 -g3 -Wall -c -fmessage-length=0 -o question.o "..\\question.cpp" 
g++ -o askme-project.exe app.o database_manager.o error.o login_handler.o main.o menu.o question.o questions_db.o signup_handler.o users_db.o 
Info: Nothing to build for askme-project
20:59:09 **** Incremental Build of configuration Debug for project askme-project ****
Info: Internal Builder is used for build
g++ -O0 -g3 -Wall -c -fmessage-length=0 -o app.o "..\\app.cpp" 
g++ -o askme-project.exe app.o database_manager.o error.o login_handler.o main.o menu.o question.o questions_db.o signup_handler.o users_db.o 
C:/msys64/mingw64/bin/../lib/gcc/x86_64-w64-mingw32/12.1.0/../../../../x86_64-w64-mingw32/bin/ld.exe: cannot open output file askme-project.exe: Permission denied
collect2.exe: error: ld returned 1 exit status
20:59:13 **** Incremental Build of configuration Debug for project askme-project ****
Info: Internal Builder is used for build
g++ -o askme-project.exe app.o database_manager.o error.o login_handler.o main.o menu.o question.o questions_db.o signup_handler.o users_db.o 
Info: Nothing to build for askme-project
Info: Nothing to build for askme-project
Info: Nothing to build for askme-project
21:01:27 **** Incremental Build of configuration Debug for project askme-project ****
Info: Internal Builder is used for build
g++ -O0 -g3 -Wall -c -fmessage-length=0 -o question.o "..\\question.cpp" 
g++ -o askme-project.exe app.o database_manager.o error.o login_handler.o main.o menu.o question.o questions_db.o signup_handler.o users_db.o 
Info: Nothing to build for askme-project
21:01:56 **** Incremental Build of configuration Debug for project askme-project ****
Info: Internal Builder is used for build
g++ -O0 -g3 -Wall -c -fmessage-length=0 -o questions_db.o "..\\questions_db.cpp" 
g++ -o askme-project.exe app.o database_manager.o error.o login_handler.o main.o menu.o question.o questions_db.o signup_handler.o users_db.o 
Info: Nothing to build for askme-project
21:17:15 **** Incremental Build of configuration Debug for project askme-project ****
Info: Internal Builder is used for build
g++ -O0 -g3 -Wall -c -fmessage-length=0 -o signup_handler.o "..\\signup_handler.cpp" 
g++ -O0 -g3 -Wall -c -fmessage-length=0 -o questions_db.o "..\\questions_db.cpp" 
..\questions_db.cpp: In member function 'std::vector<Question> QuestionsDb::get_questions_to_user(int)':
..\questions_db.cpp:109:24: error: could not convert 'mp' from 'std::map<int, Question>' to 'std::vector<Question>'
  109 |                 return mp;
      |                        ^~
      |                        |
      |                        std::map<int, Question>
..\questions_db.cpp:145:24: warning: loop variable '<structured bindings>' creates a copy from type 'const std::pair<const int, Question>' [-Wrange-loop-construct]
  145 |         for(auto const [key, value] : mp)
      |                        ^~~~~~~~~~~~
..\questions_db.cpp:145:24: note: use reference type to prevent copying
  145 |         for(auto const [key, value] : mp)
      |                        ^~~~~~~~~~~~
      |                        &
21:17:59 **** Incremental Build of configuration Debug for project askme-project ****
Info: Internal Builder is used for build
g++ -O0 -g3 -Wall -c -fmessage-length=0 -o questions_db.o "..\\questions_db.cpp" 
..\questions_db.cpp: In member function 'std::vector<Question> QuestionsDb::get_questions_to_user(int)':
..\questions_db.cpp:135:33: error: 'mp' was not declared in this scope
  135 |                                 mp[q.id] = q;
      |                                 ^~
..\questions_db.cpp:138:51: error: 'mp' was not declared in this scope
  138 |                                 Question parent = mp[q.threadId];
      |                                                   ^~
..\questions_db.cpp:144:31: error: redeclaration of 'std::vector<Question> v'
  144 |         std::vector<Question> v;
      |                               ^
..\questions_db.cpp:100:31: note: 'std::vector<Question> v' previously declared here
  100 |         std::vector<Question> v;
      |                               ^
..\questions_db.cpp:145:39: error: 'mp' was not declared in this scope
  145 |         for(auto const [key, value] : mp)
      |                                       ^~
21:18:17 **** Incremental Build of configuration Debug for project askme-project ****
Info: Internal Builder is used for build
g++ -O0 -g3 -Wall -c -fmessage-length=0 -o app.o "..\\app.cpp" 
g++ -O0 -g3 -Wall -c -fmessage-length=0 -o database_manager.o "..\\database_manager.cpp" 
g++ -O0 -g3 -Wall -c -fmessage-length=0 -o login_handler.o "..\\login_handler.cpp" 
g++ -O0 -g3 -Wall -c -fmessage-length=0 -o questions_db.o "..\\questions_db.cpp" 
..\questions_db.cpp: In member function 'std::vector<Question> QuestionsDb::get_questions_to_user(int)':
..\questions_db.cpp:145:31: error: redeclaration of 'std::vector<Question> v'
  145 |         std::vector<Question> v;
      |                               ^
..\questions_db.cpp:101:31: note: 'std::vector<Question> v' previously declared here
  101 |         std::vector<Question> v;
      |                               ^
..\questions_db.cpp:146:24: warning: loop variable '<structured bindings>' creates a copy from type 'const std::pair<const int, Question>' [-Wrange-loop-construct]
  146 |         for(auto const [key, value] : mp)
      |                        ^~~~~~~~~~~~
..\questions_db.cpp:146:24: note: use reference type to prevent copying
  146 |         for(auto const [key, value] : mp)
      |                        ^~~~~~~~~~~~
      |                        &
21:18:34 **** Incremental Build of configuration Debug for project askme-project ****
Info: Internal Builder is used for build
g++ -O0 -g3 -Wall -c -fmessage-length=0 -o questions_db.o "..\\questions_db.cpp" 
..\questions_db.cpp: In member function 'std::vector<Question> QuestionsDb::get_questions_to_user(int)':
..\questions_db.cpp:145:24: warning: loop variable '<structured bindings>' creates a copy from type 'const std::pair<const int, Question>' [-Wrange-loop-construct]
  145 |         for(auto const [key, value] : mp)
      |                        ^~~~~~~~~~~~
..\questions_db.cpp:145:24: note: use reference type to prevent copying
  145 |         for(auto const [key, value] : mp)
      |                        ^~~~~~~~~~~~
      |                        &
g++ -o askme-project.exe app.o database_manager.o error.o login_handler.o main.o menu.o question.o questions_db.o signup_handler.o users_db.o 
C:/msys64/mingw64/bin/../lib/gcc/x86_64-w64-mingw32/12.1.0/../../../../x86_64-w64-mingw32/bin/ld.exe: cannot open output file askme-project.exe: Permission denied
collect2.exe: error: ld returned 1 exit status
21:18:43 **** Incremental Build of configuration Debug for project askme-project ****
Info: Internal Builder is used for build
g++ -o askme-project.exe app.o database_manager.o error.o login_handler.o main.o menu.o question.o questions_db.o signup_handler.o users_db.o 
Info: Nothing to build for askme-project
21:27:02 **** Incremental Build of configuration Debug for project askme-project ****
Info: Internal Builder is used for build
g++ -O0 -g3 -Wall -c -fmessage-length=0 -o questions_db.o "..\\questions_db.cpp" 
g++ -O0 -g3 -Wall -c -fmessage-length=0 -o signup_handler.o "..\\signup_handler.cpp" 
g++ -O0 -g3 -Wall -c -fmessage-length=0 -o app.o "..\\app.cpp" 
g++ -O0 -g3 -Wall -c -fmessage-length=0 -o database_manager.o "..\\database_manager.cpp" 
g++ -O0 -g3 -Wall -c -fmessage-length=0 -o login_handler.o "..\\login_handler.cpp" 
g++ -O0 -g3 -Wall -c -fmessage-length=0 -o question.o "..\\question.cpp" 
g++ -o askme-project.exe app.o database_manager.o error.o login_handler.o main.o menu.o question.o questions_db.o signup_handler.o users_db.o 
C:/msys64/mingw64/bin/../lib/gcc/x86_64-w64-mingw32/12.1.0/../../../../x86_64-w64-mingw32/bin/ld.exe: cannot open output file askme-project.exe: Permission denied
collect2.exe: error: ld returned 1 exit status
21:27:09 **** Incremental Build of configuration Debug for project askme-project ****
Info: Internal Builder is used for build
g++ -o askme-project.exe app.o database_manager.o error.o login_handler.o main.o menu.o question.o questions_db.o signup_handler.o users_db.o 
Info: Nothing to build for askme-project
21:30:49 **** Incremental Build of configuration Debug for project askme-project ****
Info: Internal Builder is used for build
g++ -O0 -g3 -Wall -c -fmessage-length=0 -o signup_handler.o "..\\signup_handler.cpp" 
In file included from ..\questions_db.hpp:11,
                 from ..\database_manager.hpp:11,
                 from ..\signup_handler.cpp:9:
..\question.hpp:27:32: error: non-member function 'void print_children(Question&)' cannot have cv-qualifier
   27 | void print_children(Question&) const;
      |                                ^~~~~
21:32:26 **** Incremental Build of configuration Debug for project askme-project ****
Info: Internal Builder is used for build
g++ -O0 -g3 -Wall -c -fmessage-length=0 -o login_handler.o "..\\login_handler.cpp" 
g++ -O0 -g3 -Wall -c -fmessage-length=0 -o questions_db.o "..\\questions_db.cpp" 
g++ -O0 -g3 -Wall -c -fmessage-length=0 -o app.o "..\\app.cpp" 
..\app.cpp: In member function 'void App::print_questions_received(int)':
..\app.cpp:64:37: error: 'std::tuple_element<1, const std::pair<const int, Question> >::type' {aka 'const struct Question'} has no member named 'print_children'; did you mean 'print_child'?
   64 |                                 val.print_children();
      |                                     ^~~~~~~~~~~~~~
      |                                     print_child
21:32:50 **** Incremental Build of configuration Debug for project askme-project ****
Info: Internal Builder is used for build
g++ -O0 -g3 -Wall -c -fmessage-length=0 -o app.o "..\\app.cpp" 
..\app.cpp: In member function 'void App::print_questions_received(int)':
..\app.cpp:64:48: error: binding reference of type 'Question&' to 'std::tuple_element<1, const std::pair<const int, Question> >::type' {aka 'const Question'} discards qualifiers
   64 |                                 print_children(val);
      |                                                ^~~
In file included from ..\app.cpp:11:
..\question.hpp:27:21: note:   initializing argument 1 of 'void print_children(Question&)'
   27 | void print_children(Question&);
      |                     ^~~~~~~~~
21:33:59 **** Incremental Build of configuration Debug for project askme-project ****
Info: Internal Builder is used for build
g++ -O0 -g3 -Wall -c -fmessage-length=0 -o question.o "..\\question.cpp" 
..\question.cpp: In function 'void print_children(Question&)':
..\question.cpp:35:40: error: invalid initialization of non-const reference of type 'Question&' from an rvalue of type 'Question*'
   35 |                         print_children(&t);
      |                                        ^~
..\question.cpp:29:31: note: in passing argument 1 of 'void print_children(Question&)'
   29 | void print_children(Question &q)
      |                     ~~~~~~~~~~^
21:34:21 **** Incremental Build of configuration Debug for project askme-project ****
Info: Internal Builder is used for build
g++ -O0 -g3 -Wall -c -fmessage-length=0 -o signup_handler.o "..\\signup_handler.cpp" 
g++ -O0 -g3 -Wall -c -fmessage-length=0 -o database_manager.o "..\\database_manager.cpp" 
g++ -O0 -g3 -Wall -c -fmessage-length=0 -o question.o "..\\question.cpp" 
g++ -O0 -g3 -Wall -c -fmessage-length=0 -o app.o "..\\app.cpp" 
g++ -o askme-project.exe app.o database_manager.o error.o login_handler.o main.o menu.o question.o questions_db.o signup_handler.o users_db.o 
Info: Nothing to build for askme-project
06:17:24 **** Incremental Build of configuration Debug for project askme-project ****
Info: Internal Builder is used for build
g++ -O0 -g3 -Wall -c -fmessage-length=0 -o database_manager.o "..\\database_manager.cpp" 
g++ -O0 -g3 -Wall -c -fmessage-length=0 -o signup_handler.o "..\\signup_handler.cpp" 
g++ -O0 -g3 -Wall -c -fmessage-length=0 -o app.o "..\\app.cpp" 
..\app.cpp: In member function 'void App::print_questions_received(int)':
..\app.cpp:63:39: warning: comparison of integer expressions of different signedness: 'int' and 'std::vector<Question>::size_type' {aka 'long long unsigned int'} [-Wsign-compare]
   63 |                         for(int i=1; i<val.size(); i++){
      |                                      ~^~~~~~~~~~~
g++ -O0 -g3 -Wall -c -fmessage-length=0 -o question.o "..\\question.cpp" 
..\question.cpp: In member function 'bool Question::has_children() const':
..\question.cpp:12:16: error: 'children' was not declared in this scope; did you mean 'has_children'?
   12 |         return children.size();
      |                ^~~~~~~~
      |                has_children
..\question.cpp: In function 'void print_children(Question&)':
..\question.cpp:31:26: error: 'struct Question' has no member named 'children'; did you mean 'has_children'?
   31 |         for (auto &t : q.children)
      |                          ^~~~~~~~
      |                          has_children
06:18:01 **** Incremental Build of configuration Debug for project askme-project ****
Info: Internal Builder is used for build
g++ -O0 -g3 -Wall -c -fmessage-length=0 -o question.o "..\\question.cpp" 
g++ -O0 -g3 -Wall -c -fmessage-length=0 -o questions_db.o "..\\questions_db.cpp" 
g++ -O0 -g3 -Wall -c -fmessage-length=0 -o login_handler.o "..\\login_handler.cpp" 
g++ -o askme-project.exe app.o database_manager.o error.o login_handler.o main.o menu.o question.o questions_db.o signup_handler.o users_db.o 
Info: Nothing to build for askme-project
06:27:32 **** Incremental Build of configuration Debug for project askme-project ****
Info: Internal Builder is used for build
g++ -O0 -g3 -Wall -c -fmessage-length=0 -o question.o "..\\question.cpp" 
..\question.cpp: In function 'void print_children(std::vector<Question>, std::map<int, std::vector<Question> >&)':
..\question.cpp:27:23: warning: comparison of integer expressions of different signedness: 'int' and 'std::vector<Question>::size_type' {aka 'long long unsigned int'} [-Wsign-compare]
   27 |         for(int i=1; i<qv.size(); i++){
      |                      ~^~~~~~~~~~
g++ -O0 -g3 -Wall -c -fmessage-length=0 -o app.o "..\\app.cpp" 
..\app.cpp: In member function 'void App::print_questions_received(int)':
..\app.cpp:63:39: warning: comparison of integer expressions of different signedness: 'int' and 'std::vector<Question>::size_type' {aka 'long long unsigned int'} [-Wsign-compare]
   63 |                         for(int i=1; i<val.size(); i++){
      |                                      ~^~~~~~~~~~~
g++ -O0 -g3 -Wall -c -fmessage-length=0 -o signup_handler.o "..\\signup_handler.cpp" 
g++ -O0 -g3 -Wall -c -fmessage-length=0 -o questions_db.o "..\\questions_db.cpp" 
g++ -O0 -g3 -Wall -c -fmessage-length=0 -o database_manager.o "..\\database_manager.cpp" 
g++ -O0 -g3 -Wall -c -fmessage-length=0 -o login_handler.o "..\\login_handler.cpp" 
g++ -o askme-project.exe app.o database_manager.o error.o login_handler.o main.o menu.o question.o questions_db.o signup_handler.o users_db.o 
Info: Nothing to build for askme-project
Info: Nothing to build for askme-project
06:41:49 **** Incremental Build of configuration Debug for project askme-project ****
Info: Internal Builder is used for build
g++ -O0 -g3 -Wall -c -fmessage-length=0 -o questions_db.o "..\\questions_db.cpp" 
g++ -O0 -g3 -Wall -c -fmessage-length=0 -o signup_handler.o "..\\signup_handler.cpp" 
g++ -O0 -g3 -Wall -c -fmessage-length=0 -o login_handler.o "..\\login_handler.cpp" 
g++ -O0 -g3 -Wall -c -fmessage-length=0 -o app.o "..\\app.cpp" 
g++ -O0 -g3 -Wall -c -fmessage-length=0 -o question.o "..\\question.cpp" 
g++ -O0 -g3 -Wall -c -fmessage-length=0 -o database_manager.o "..\\database_manager.cpp" 
g++ -o askme-project.exe app.o database_manager.o error.o login_handler.o main.o menu.o question.o questions_db.o signup_handler.o users_db.o 
Info: Nothing to build for askme-project
Info: Nothing to build for askme-project
06:43:29 **** Incremental Build of configuration Debug for project askme-project ****
Info: Internal Builder is used for build
g++ -O0 -g3 -Wall -c -fmessage-length=0 -o question.o "..\\question.cpp" 
g++ -o askme-project.exe app.o database_manager.o error.o login_handler.o main.o menu.o question.o questions_db.o signup_handler.o users_db.o 
C:/msys64/mingw64/bin/../lib/gcc/x86_64-w64-mingw32/12.1.0/../../../../x86_64-w64-mingw32/bin/ld.exe: cannot open output file askme-project.exe: Permission denied
collect2.exe: error: ld returned 1 exit status
06:43:33 **** Incremental Build of configuration Debug for project askme-project ****
Info: Internal Builder is used for build
g++ -o askme-project.exe app.o database_manager.o error.o login_handler.o main.o menu.o question.o questions_db.o signup_handler.o users_db.o 
Info: Nothing to build for askme-project
06:46:43 **** Incremental Build of configuration Debug for project askme-project ****
Info: Internal Builder is used for build
g++ -O0 -g3 -Wall -c -fmessage-length=0 -o question.o "..\\question.cpp" 
g++ -o askme-project.exe app.o database_manager.o error.o login_handler.o main.o menu.o question.o questions_db.o signup_handler.o users_db.o 
Info: Nothing to build for askme-project
Info: Nothing to build for askme-project
Info: Nothing to build for askme-project
06:50:53 **** Incremental Build of configuration Debug for project askme-project ****
Info: Internal Builder is used for build
g++ -O0 -g3 -Wall -c -fmessage-length=0 -o question.o "..\\question.cpp" 
g++ -o askme-project.exe app.o database_manager.o error.o login_handler.o main.o menu.o question.o questions_db.o signup_handler.o users_db.o 
Info: Nothing to build for askme-project
06:51:32 **** Incremental Build of configuration Debug for project askme-project ****
Info: Internal Builder is used for build
g++ -O0 -g3 -Wall -c -fmessage-length=0 -o question.o "..\\question.cpp" 
g++ -o askme-project.exe app.o database_manager.o error.o login_handler.o main.o menu.o question.o questions_db.o signup_handler.o users_db.o 
Info: Nothing to build for askme-project
06:59:47 **** Incremental Build of configuration Debug for project askme-project ****
Info: Internal Builder is used for build
g++ -O0 -g3 -Wall -c -fmessage-length=0 -o login_handler.o "..\\login_handler.cpp" 
g++ -O0 -g3 -Wall -c -fmessage-length=0 -o app.o "..\\app.cpp" 
g++ -O0 -g3 -Wall -c -fmessage-length=0 -o database_manager.o "..\\database_manager.cpp" 
g++ -O0 -g3 -Wall -c -fmessage-length=0 -o questions_db.o "..\\questions_db.cpp" 
g++ -O0 -g3 -Wall -c -fmessage-length=0 -o question.o "..\\question.cpp" 
..\question.cpp: In member function 'void Question::print_child(int)':
..\question.cpp:20:21: error: 'begin' was not declared in this scope; did you mean 'std::begin'?
   20 |         for(int n : spaces)
      |                     ^~~~~~
      |                     std::begin
In file included from C:/msys64/mingw64/include/c++/12.1.0/string:52,
                 from C:/msys64/mingw64/include/c++/12.1.0/bits/locale_classes.h:40,
                 from C:/msys64/mingw64/include/c++/12.1.0/bits/ios_base.h:41,
                 from C:/msys64/mingw64/include/c++/12.1.0/ios:42,
                 from C:/msys64/mingw64/include/c++/12.1.0/ostream:38,
                 from C:/msys64/mingw64/include/c++/12.1.0/iostream:39,
                 from ..\question.hpp:11,
                 from ..\question.cpp:8:
C:/msys64/mingw64/include/c++/12.1.0/bits/range_access.h:114:37: note: 'std::begin' declared here
  114 |   template<typename _Tp> const _Tp* begin(const valarray<_Tp>&) noexcept;
      |                                     ^~~~~
..\question.cpp:20:21: error: 'end' was not declared in this scope; did you mean 'std::end'?
   20 |         for(int n : spaces)
      |                     ^~~~~~
      |                     std::end
C:/msys64/mingw64/include/c++/12.1.0/bits/range_access.h:116:37: note: 'std::end' declared here
  116 |   template<typename _Tp> const _Tp* end(const valarray<_Tp>&) noexcept;
      |                                     ^~~
..\question.cpp:20:17: warning: unused variable 'n' [-Wunused-variable]
   20 |         for(int n : spaces)
      |                 ^
07:00:52 **** Incremental Build of configuration Debug for project askme-project ****
Info: Internal Builder is used for build
g++ -O0 -g3 -Wall -c -fmessage-length=0 -o signup_handler.o "..\\signup_handler.cpp" 
g++ -O0 -g3 -Wall -c -fmessage-length=0 -o question.o "..\\question.cpp" 
g++ -o askme-project.exe app.o database_manager.o error.o login_handler.o main.o menu.o question.o questions_db.o signup_handler.o users_db.o 
Info: Nothing to build for askme-project
07:04:01 **** Incremental Build of configuration Debug for project askme-project ****
Info: Internal Builder is used for build
g++ -O0 -g3 -Wall -c -fmessage-length=0 -o question.o "..\\question.cpp" 
g++ -o askme-project.exe app.o database_manager.o error.o login_handler.o main.o menu.o question.o questions_db.o signup_handler.o users_db.o 
Info: Nothing to build for askme-project
07:06:03 **** Incremental Build of configuration Debug for project askme-project ****
Info: Internal Builder is used for build
g++ -O0 -g3 -Wall -c -fmessage-length=0 -o question.o "..\\question.cpp" 
g++ -o askme-project.exe app.o database_manager.o error.o login_handler.o main.o menu.o question.o questions_db.o signup_handler.o users_db.o 
C:/msys64/mingw64/bin/../lib/gcc/x86_64-w64-mingw32/12.1.0/../../../../x86_64-w64-mingw32/bin/ld.exe: cannot open output file askme-project.exe: Permission denied
collect2.exe: error: ld returned 1 exit status
07:06:06 **** Incremental Build of configuration Debug for project askme-project ****
Info: Internal Builder is used for build
g++ -o askme-project.exe app.o database_manager.o error.o login_handler.o main.o menu.o question.o questions_db.o signup_handler.o users_db.o 
Info: Nothing to build for askme-project
07:07:21 **** Incremental Build of configuration Debug for project askme-project ****
Info: Internal Builder is used for build
g++ -O0 -g3 -Wall -c -fmessage-length=0 -o question.o "..\\question.cpp" 
g++ -o askme-project.exe app.o database_manager.o error.o login_handler.o main.o menu.o question.o questions_db.o signup_handler.o users_db.o 
C:/msys64/mingw64/bin/../lib/gcc/x86_64-w64-mingw32/12.1.0/../../../../x86_64-w64-mingw32/bin/ld.exe: cannot open output file askme-project.exe: Permission denied
collect2.exe: error: ld returned 1 exit status
07:07:24 **** Incremental Build of configuration Debug for project askme-project ****
Info: Internal Builder is used for build
g++ -o askme-project.exe app.o database_manager.o error.o login_handler.o main.o menu.o question.o questions_db.o signup_handler.o users_db.o 
Info: Nothing to build for askme-project
07:07:58 **** Incremental Build of configuration Debug for project askme-project ****
Info: Internal Builder is used for build
g++ -O0 -g3 -Wall -c -fmessage-length=0 -o question.o "..\\question.cpp" 
g++ -o askme-project.exe app.o database_manager.o error.o login_handler.o main.o menu.o question.o questions_db.o signup_handler.o users_db.o 
Info: Nothing to build for askme-project
07:13:20 **** Incremental Build of configuration Debug for project askme-project ****
Info: Internal Builder is used for build
g++ -O0 -g3 -Wall -c -fmessage-length=0 -o question.o "..\\question.cpp" 
g++ -o askme-project.exe app.o database_manager.o error.o login_handler.o main.o menu.o question.o questions_db.o signup_handler.o users_db.o 
C:/msys64/mingw64/bin/../lib/gcc/x86_64-w64-mingw32/12.1.0/../../../../x86_64-w64-mingw32/bin/ld.exe: cannot open output file askme-project.exe: Permission denied
collect2.exe: error: ld returned 1 exit status
07:13:24 **** Incremental Build of configuration Debug for project askme-project ****
Info: Internal Builder is used for build
g++ -o askme-project.exe app.o database_manager.o error.o login_handler.o main.o menu.o question.o questions_db.o signup_handler.o users_db.o 
Info: Nothing to build for askme-project
07:20:16 **** Incremental Build of configuration Debug for project askme-project ****
Info: Internal Builder is used for build
g++ -O0 -g3 -Wall -c -fmessage-length=0 -o question.o "..\\question.cpp" 
g++ -o askme-project.exe app.o database_manager.o error.o login_handler.o main.o menu.o question.o questions_db.o signup_handler.o users_db.o 
Info: Nothing to build for askme-project
07:21:19 **** Incremental Build of configuration Debug for project askme-project ****
Info: Internal Builder is used for build
g++ -O0 -g3 -Wall -c -fmessage-length=0 -o question.o "..\\question.cpp" 
g++ -o askme-project.exe app.o database_manager.o error.o login_handler.o main.o menu.o question.o questions_db.o signup_handler.o users_db.o 
Info: Nothing to build for askme-project
07:21:57 **** Incremental Build of configuration Debug for project askme-project ****
Info: Internal Builder is used for build
g++ -O0 -g3 -Wall -c -fmessage-length=0 -o question.o "..\\question.cpp" 
g++ -o askme-project.exe app.o database_manager.o error.o login_handler.o main.o menu.o question.o questions_db.o signup_handler.o users_db.o 
Info: Nothing to build for askme-project
07:22:46 **** Incremental Build of configuration Debug for project askme-project ****
Info: Internal Builder is used for build
g++ -O0 -g3 -Wall -c -fmessage-length=0 -o question.o "..\\question.cpp" 
g++ -o askme-project.exe app.o database_manager.o error.o login_handler.o main.o menu.o question.o questions_db.o signup_handler.o users_db.o 
Info: Nothing to build for askme-project
08:10:54 **** Incremental Build of configuration Debug for project askme-project ****
Info: Internal Builder is used for build
g++ -O0 -g3 -Wall -c -fmessage-length=0 -o login_handler.o "..\\login_handler.cpp" 
g++ -O0 -g3 -Wall -c -fmessage-length=0 -o database_manager.o "..\\database_manager.cpp" 
g++ -O0 -g3 -Wall -c -fmessage-length=0 -o signup_handler.o "..\\signup_handler.cpp" 
g++ -O0 -g3 -Wall -c -fmessage-length=0 -o question.o "..\\question.cpp" 
g++ -O0 -g3 -Wall -c -fmessage-length=0 -o app.o "..\\app.cpp" 
g++ -O0 -g3 -Wall -c -fmessage-length=0 -o questions_db.o "..\\questions_db.cpp" 
g++ -o askme-project.exe app.o database_manager.o error.o login_handler.o main.o menu.o question.o questions_db.o signup_handler.o users_db.o 
Info: Nothing to build for askme-project
Info: Nothing to build for askme-project
Info: Nothing to build for askme-project
12:36:29 **** Incremental Build of configuration Debug for project askme-project ****
Info: Internal Builder is used for build
g++ -O0 -g3 -Wall -c -fmessage-length=0 -o app.o "..\\app.cpp" 
Command canceled
12:36:33 **** Rebuild of configuration Debug for project askme-project ****
Info: Internal Builder is used for build
g++ -O0 -g3 -Wall -c -fmessage-length=0 -o app.o "..\\app.cpp" 
g++ -O0 -g3 -Wall -c -fmessage-length=0 -o questions_db.o "..\\questions_db.cpp" 
g++ -O0 -g3 -Wall -c -fmessage-length=0 -o error.o "..\\error.cpp" 
g++ -O0 -g3 -Wall -c -fmessage-length=0 -o question.o "..\\question.cpp" 
g++ -O0 -g3 -Wall -c -fmessage-length=0 -o main.o "..\\main.cpp" 
g++ -O0 -g3 -Wall -c -fmessage-length=0 -o database_manager.o "..\\database_manager.cpp" 
g++ -O0 -g3 -Wall -c -fmessage-length=0 -o login_handler.o "..\\login_handler.cpp" 
g++ -O0 -g3 -Wall -c -fmessage-length=0 -o menu.o "..\\menu.cpp" 
g++ -O0 -g3 -Wall -c -fmessage-length=0 -o signup_handler.o "..\\signup_handler.cpp" 
g++ -O0 -g3 -Wall -c -fmessage-length=0 -o users_db.o "..\\users_db.cpp" 
g++ -o askme-project.exe app.o database_manager.o error.o login_handler.o main.o menu.o question.o questions_db.o signup_handler.o users_db.o 
Info: Nothing to build for askme-project
13:01:20 **** Incremental Build of configuration Debug for project askme-project ****
Info: Internal Builder is used for build
g++ -O0 -g3 -Wall -c -fmessage-length=0 -o database_manager.o "..\\database_manager.cpp" 
g++ -O0 -g3 -Wall -c -fmessage-length=0 -o main.o "..\\main.cpp" 
g++ -O0 -g3 -Wall -c -fmessage-length=0 -o signup_handler.o "..\\signup_handler.cpp" 
g++ -O0 -g3 -Wall -c -fmessage-length=0 -o questions_db.o "..\\questions_db.cpp" 
g++ -O0 -g3 -Wall -c -fmessage-length=0 -o app.o "..\\app.cpp" 
..\app.cpp: In member function 'void App::main_menu(User&)':
..\app.cpp:223:52: error: 'struct User' has no member named 'uid'; did you mean 'id'?
  223 |                         print_questions_asked(user.uid);
      |                                                    ^~~
      |                                                    id
13:01:43 **** Incremental Build of configuration Debug for project askme-project ****
Info: Internal Builder is used for build
g++ -O0 -g3 -Wall -c -fmessage-length=0 -o app.o "..\\app.cpp" 
g++ -O0 -g3 -Wall -c -fmessage-length=0 -o login_handler.o "..\\login_handler.cpp" 
g++ -o askme-project.exe app.o database_manager.o error.o login_handler.o main.o menu.o question.o questions_db.o signup_handler.o users_db.o 
C:/msys64/mingw64/bin/../lib/gcc/x86_64-w64-mingw32/12.1.0/../../../../x86_64-w64-mingw32/bin/ld.exe: database_manager.o: in function `DbManager::get_all_threads(int, std::map<int, std::vector<Question, std::allocator<Question> >, std::less<int>, std::allocator<std::pair<int const, std::vector<Question, std::allocator<Question> > > > >&)':
H:\Career\Courses\C-C++ Data Structures & Algorithms\Dr Mostafa Saad\01-Mastering 4 critical SKILLS using C++ 17\Projects\01-Askme Project\askme-project\Debug/../database_manager.cpp:33: undefined reference to `QuestionsDb::get_questions_from_user(int)'
collect2.exe: error: ld returned 1 exit status
13:01:48 **** Incremental Build of configuration Debug for project askme-project ****
Info: Internal Builder is used for build
g++ -o askme-project.exe app.o database_manager.o error.o login_handler.o main.o menu.o question.o questions_db.o signup_handler.o users_db.o 
C:/msys64/mingw64/bin/../lib/gcc/x86_64-w64-mingw32/12.1.0/../../../../x86_64-w64-mingw32/bin/ld.exe: database_manager.o: in function `DbManager::get_all_threads(int, std::map<int, std::vector<Question, std::allocator<Question> >, std::less<int>, std::allocator<std::pair<int const, std::vector<Question, std::allocator<Question> > > > >&)':
H:\Career\Courses\C-C++ Data Structures & Algorithms\Dr Mostafa Saad\01-Mastering 4 critical SKILLS using C++ 17\Projects\01-Askme Project\askme-project\Debug/../database_manager.cpp:33: undefined reference to `QuestionsDb::get_questions_from_user(int)'
collect2.exe: error: ld returned 1 exit status
13:06:34 **** Incremental Build of configuration Debug for project askme-project ****
Info: Internal Builder is used for build
g++ -O0 -g3 -Wall -c -fmessage-length=0 -o questions_db.o "..\\questions_db.cpp" 
g++ -o askme-project.exe app.o database_manager.o error.o login_handler.o main.o menu.o question.o questions_db.o signup_handler.o users_db.o 
Command canceled
13:06:55 **** Rebuild of configuration Debug for project askme-project ****
Info: Internal Builder is used for build
g++ -O0 -g3 -Wall -c -fmessage-length=0 -o users_db.o "..\\users_db.cpp" 
g++ -O0 -g3 -Wall -c -fmessage-length=0 -o questions_db.o "..\\questions_db.cpp" 
g++ -O0 -g3 -Wall -c -fmessage-length=0 -o login_handler.o "..\\login_handler.cpp" 
g++ -O0 -g3 -Wall -c -fmessage-length=0 -o main.o "..\\main.cpp" 
g++ -O0 -g3 -Wall -c -fmessage-length=0 -o menu.o "..\\menu.cpp" 
g++ -O0 -g3 -Wall -c -fmessage-length=0 -o error.o "..\\error.cpp" 
g++ -O0 -g3 -Wall -c -fmessage-length=0 -o app.o "..\\app.cpp" 
g++ -O0 -g3 -Wall -c -fmessage-length=0 -o question.o "..\\question.cpp" 
g++ -O0 -g3 -Wall -c -fmessage-length=0 -o signup_handler.o "..\\signup_handler.cpp" 
g++ -O0 -g3 -Wall -c -fmessage-length=0 -o database_manager.o "..\\database_manager.cpp" 
g++ -o askme-project.exe app.o database_manager.o error.o login_handler.o main.o menu.o question.o questions_db.o signup_handler.o users_db.o 
Info: Nothing to build for askme-project
17:03:12 **** Incremental Build of configuration Debug for project askme-project ****
Info: Internal Builder is used for build
g++ -O0 -g3 -Wall -c -fmessage-length=0 -o questions_db.o "..\\questions_db.cpp" 
g++ -O0 -g3 -Wall -c -fmessage-length=0 -o signup_handler.o "..\\signup_handler.cpp" 
g++ -O0 -g3 -Wall -c -fmessage-length=0 -o app.o "..\\app.cpp" 
g++ -O0 -g3 -Wall -c -fmessage-length=0 -o database_manager.o "..\\database_manager.cpp" 
..\database_manager.cpp: In member function 'std::map<int, std::vector<Question> > DbManager::get_all_threads(int, std::map<int, std::vector<Question> >&)':
..\database_manager.cpp:33:49: error: no matching function for call to 'QuestionsDb::get_questions_from_user(const int&)'
   33 |         mp = questionsDb.get_questions_from_user(uId);
      |              ~~~~~~~~~~~~~~~~~~~~~~~~~~~~~~~~~~~^~~~~
In file included from ..\database_manager.hpp:11,
                 from ..\database_manager.cpp:8:
..\questions_db.hpp:19:14: note: candidate: 'bool QuestionsDb::get_questions_from_user(int, std::vector<Question>&)'
   19 |         bool get_questions_from_user(const int, std::vector<Question>&);
      |              ^~~~~~~~~~~~~~~~~~~~~~~
..\questions_db.hpp:19:14: note:   candidate expects 2 arguments, 1 provided
17:03:45 **** Incremental Build of configuration Debug for project askme-project ****
Info: Internal Builder is used for build
g++ -O0 -g3 -Wall -c -fmessage-length=0 -o database_manager.o "..\\database_manager.cpp" 
g++ -O0 -g3 -Wall -c -fmessage-length=0 -o login_handler.o "..\\login_handler.cpp" 
g++ -o askme-project.exe app.o database_manager.o error.o login_handler.o main.o menu.o question.o questions_db.o signup_handler.o users_db.o 
Info: Nothing to build for askme-project
21:25:18 **** Incremental Build of configuration Debug for project askme-project ****
Info: Internal Builder is used for build
g++ -O0 -g3 -Wall -c -fmessage-length=0 -o app.o "..\\app.cpp" 
g++ -O0 -g3 -Wall -c -fmessage-length=0 -o database_manager.o "..\\database_manager.cpp" 
g++ -O0 -g3 -Wall -c -fmessage-length=0 -o login_handler.o "..\\login_handler.cpp" 
g++ -O0 -g3 -Wall -c -fmessage-length=0 -o questions_db.o "..\\questions_db.cpp" 
g++ -O0 -g3 -Wall -c -fmessage-length=0 -o question.o "..\\question.cpp" 
g++ -O0 -g3 -Wall -c -fmessage-length=0 -o signup_handler.o "..\\signup_handler.cpp" 
g++ -o askme-project.exe app.o database_manager.o error.o login_handler.o main.o menu.o question.o questions_db.o signup_handler.o users_db.o 
Info: Nothing to build for askme-project
21:26:01 **** Incremental Build of configuration Debug for project askme-project ****
Info: Internal Builder is used for build
g++ -O0 -g3 -Wall -c -fmessage-length=0 -o app.o "..\\app.cpp" 
g++ -o askme-project.exe app.o database_manager.o error.o login_handler.o main.o menu.o question.o questions_db.o signup_handler.o users_db.o 
Info: Nothing to build for askme-project
06:28:21 **** Rebuild of configuration Debug for project askme-project ****
Info: Internal Builder is used for build
g++ -O0 -g3 -Wall -c -fmessage-length=0 -o login_handler.o "..\\login_handler.cpp" 
g++ -O0 -g3 -Wall -c -fmessage-length=0 -o menu.o "..\\menu.cpp" 
g++ -O0 -g3 -Wall -c -fmessage-length=0 -o signup_handler.o "..\\signup_handler.cpp" 
g++ -O0 -g3 -Wall -c -fmessage-length=0 -o error.o "..\\error.cpp" 
g++ -O0 -g3 -Wall -c -fmessage-length=0 -o question.o "..\\question.cpp" 
g++ -O0 -g3 -Wall -c -fmessage-length=0 -o main.o "..\\main.cpp" 
g++ -O0 -g3 -Wall -c -fmessage-length=0 -o questions_db.o "..\\questions_db.cpp" 
g++ -O0 -g3 -Wall -c -fmessage-length=0 -o database_manager.o "..\\database_manager.cpp" 
g++ -O0 -g3 -Wall -c -fmessage-length=0 -o users_db.o "..\\users_db.cpp" 
g++ -O0 -g3 -Wall -c -fmessage-length=0 -o app.o "..\\app.cpp" 
g++ -o askme-project.exe app.o database_manager.o error.o login_handler.o main.o menu.o question.o questions_db.o signup_handler.o users_db.o 
Info: Nothing to build for askme-project
07:12:49 **** Incremental Build of configuration Debug for project askme-project ****
Info: Internal Builder is used for build
g++ -O0 -g3 -Wall -c -fmessage-length=0 -o signup_handler.o "..\\signup_handler.cpp" 
g++ -O0 -g3 -Wall -c -fmessage-length=0 -o login_handler.o "..\\login_handler.cpp" 
g++ -O0 -g3 -Wall -c -fmessage-length=0 -o main.o "..\\main.cpp" 
g++ -O0 -g3 -Wall -c -fmessage-length=0 -o questions_db.o "..\\questions_db.cpp" 
g++ -O0 -g3 -Wall -c -fmessage-length=0 -o app.o "..\\app.cpp" 
g++ -O0 -g3 -Wall -c -fmessage-length=0 -o database_manager.o "..\\database_manager.cpp" 
g++ -o askme-project.exe app.o database_manager.o error.o login_handler.o main.o menu.o question.o questions_db.o signup_handler.o users_db.o 
Info: Nothing to build for askme-project
07:43:00 **** Incremental Build of configuration Debug for project askme-project ****
Info: Internal Builder is used for build
g++ -O0 -g3 -Wall -c -fmessage-length=0 -o database_manager.o "..\\database_manager.cpp" 
g++ -O0 -g3 -Wall -c -fmessage-length=0 -o login_handler.o "..\\login_handler.cpp" 
g++ -O0 -g3 -Wall -c -fmessage-length=0 -o signup_handler.o "..\\signup_handler.cpp" 
g++ -O0 -g3 -Wall -c -fmessage-length=0 -o app.o "..\\app.cpp" 
g++ -O0 -g3 -Wall -c -fmessage-length=0 -o questions_db.o "..\\questions_db.cpp" 
g++ -o askme-project.exe app.o database_manager.o error.o login_handler.o main.o menu.o question.o questions_db.o signup_handler.o users_db.o 
Info: Nothing to build for askme-project
07:45:15 **** Incremental Build of configuration Debug for project askme-project ****
Info: Internal Builder is used for build
g++ -O0 -g3 -Wall -c -fmessage-length=0 -o app.o "..\\app.cpp" 
g++ -o askme-project.exe app.o database_manager.o error.o login_handler.o main.o menu.o question.o questions_db.o signup_handler.o users_db.o 
Info: Nothing to build for askme-project
07:46:21 **** Incremental Build of configuration Debug for project askme-project ****
Info: Internal Builder is used for build
g++ -O0 -g3 -Wall -c -fmessage-length=0 -o app.o "..\\app.cpp" 
g++ -o askme-project.exe app.o database_manager.o error.o login_handler.o main.o menu.o question.o questions_db.o signup_handler.o users_db.o 
Info: Nothing to build for askme-project
07:48:54 **** Incremental Build of configuration Debug for project askme-project ****
Info: Internal Builder is used for build
g++ -O0 -g3 -Wall -c -fmessage-length=0 -o questions_db.o "..\\questions_db.cpp" 
g++ -o askme-project.exe app.o database_manager.o error.o login_handler.o main.o menu.o question.o questions_db.o signup_handler.o users_db.o 
C:/msys64/mingw64/bin/../lib/gcc/x86_64-w64-mingw32/12.1.0/../../../../x86_64-w64-mingw32/bin/ld.exe: cannot open output file askme-project.exe: Permission denied
collect2.exe: error: ld returned 1 exit status
07:48:58 **** Incremental Build of configuration Debug for project askme-project ****
Info: Internal Builder is used for build
g++ -o askme-project.exe app.o database_manager.o error.o login_handler.o main.o menu.o question.o questions_db.o signup_handler.o users_db.o 
Info: Nothing to build for askme-project
07:51:58 **** Incremental Build of configuration Debug for project askme-project ****
Info: Internal Builder is used for build
g++ -O0 -g3 -Wall -c -fmessage-length=0 -o questions_db.o "..\\questions_db.cpp" 
g++ -o askme-project.exe app.o database_manager.o error.o login_handler.o main.o menu.o question.o questions_db.o signup_handler.o users_db.o 
Info: Nothing to build for askme-project
